DEBUG:1:Connection Successful at Sat Jan 13 20:04:55 2018
DEBUG:1: at (20:04:56)
DEBUG:1:relay1_open at Sat Jan 13 20:04:56 2018
DEBUG:1:Relay_1_ON at (20:04:56)
DEBUG:1: at (20:04:57)
DEBUG:1:relay2_open at Sat Jan 13 20:04:57 2018
DEBUG:1:Relay_2_ON at (20:04:57)
DEBUG:1: at (20:04:58)
DEBUG:1:relay3_open at Sat Jan 13 20:04:58 2018
DEBUG:1:Relay_3_ON at (20:04:58)
DEBUG:1: at (20:04:59)
DEBUG:1:relay4_open at Sat Jan 13 20:04:59 2018
DEBUG:1:Relay_4_ON at (20:04:59)
DEBUG:1: at (20:04:59)
DEBUG:1:relay5_open at Sat Jan 13 20:04:59 2018
DEBUG:1:Relay_5_ON at (20:04:59)
DEBUG:1: at (20:05:00)
DEBUG:1:relay6_open at Sat Jan 13 20:05:00 2018
DEBUG:1:Relay_6_ON at (20:05:00)
DEBUG:1: at (20:05:01)
DEBUG:1:relay7_open at Sat Jan 13 20:05:01 2018
DEBUG:1:Relay_7_ON at (20:05:01)
DEBUG:1: at (20:05:02)
DEBUG:1:relay8_open at Sat Jan 13 20:05:02 2018
DEBUG:1:Relay_8_ON at (20:05:02)
DEBUG:1: at (20:05:03)
DEBUG:1:relay9_open at Sat Jan 13 20:05:03 2018
DEBUG:1:Relay_9_ON at (20:05:03)
DEBUG:1: at (20:05:04)
DEBUG:1:relay8_close at Sat Jan 13 20:05:04 2018
DEBUG:1:Relay_8_OFF at (20:05:04)
DEBUG:1: at (20:05:05)
DEBUG:1:relay9_close at Sat Jan 13 20:05:05 2018
DEBUG:1:Relay_9_OFF at (20:05:05)
DEBUG:1: at (20:05:07)
DEBUG:1:relay8_open at Sat Jan 13 20:05:07 2018
DEBUG:1:Relay_8_ON at (20:05:07)
DEBUG:1: at (20:05:07)
DEBUG:1:relay9_open at Sat Jan 13 20:05:07 2018
DEBUG:1:Relay_9_ON at (20:05:07)
DEBUG:1: at (20:05:09)
DEBUG:1:relay8_close at Sat Jan 13 20:05:09 2018
DEBUG:1:Relay_8_OFF at (20:05:09)
DEBUG:1: at (20:05:10)
DEBUG:1:relay9_close at Sat Jan 13 20:05:10 2018
DEBUG:1:Relay_9_OFF at (20:05:10)
DEBUG:1: at (20:05:11)
DEBUG:1:relay8_open at Sat Jan 13 20:05:11 2018
DEBUG:1:Relay_8_ON at (20:05:11)
DEBUG:1: at (20:05:11)
DEBUG:1:relay9_open at Sat Jan 13 20:05:11 2018
DEBUG:1:Relay_9_ON at (20:05:11)
DEBUG:1: at (20:05:12)
DEBUG:1:relay8_close at Sat Jan 13 20:05:12 2018
DEBUG:1:Relay_8_OFF at (20:05:12)
DEBUG:1: at (20:05:13)
DEBUG:1:relay9_close at Sat Jan 13 20:05:13 2018
DEBUG:1:Relay_9_OFF at (20:05:13)
DEBUG:1: at (20:05:14)
DEBUG:1:relay8_open at Sat Jan 13 20:05:14 2018
DEBUG:1:Relay_8_ON at (20:05:14)
DEBUG:1: at (20:05:15)
DEBUG:1:relay9_open at Sat Jan 13 20:05:15 2018
DEBUG:1:Relay_9_ON at (20:05:15)
DEBUG:1: at (20:05:16)
DEBUG:1:relay8_close at Sat Jan 13 20:05:16 2018
DEBUG:1:Relay_8_OFF at (20:05:16)
DEBUG:1: at (20:05:16)
DEBUG:1:relay9_close at Sat Jan 13 20:05:16 2018
DEBUG:1:Relay_9_OFF at (20:05:16)
DEBUG:1: at (20:05:21)
DEBUG:1:relay8_open at Sat Jan 13 20:05:21 2018
DEBUG:1:Relay_8_ON at (20:05:21)
DEBUG:1: at (20:05:21)
DEBUG:1:relay9_open at Sat Jan 13 20:05:21 2018
DEBUG:1:Relay_9_ON at (20:05:21)
DEBUG:1: at (20:05:22)
DEBUG:1:relay8_close at Sat Jan 13 20:05:22 2018
DEBUG:1:Relay_8_OFF at (20:05:22)
DEBUG:1: at (20:05:22)
DEBUG:1:relay9_close at Sat Jan 13 20:05:22 2018
DEBUG:1:Relay_9_OFF at (20:05:22)
DEBUG:1: at (20:05:23)
DEBUG:1:relay8_open at Sat Jan 13 20:05:23 2018
DEBUG:1:Relay_8_ON at (20:05:23)
DEBUG:1: at (20:05:23)
DEBUG:1:relay9_open at Sat Jan 13 20:05:23 2018
DEBUG:1:Relay_9_ON at (20:05:23)
DEBUG:1: at (20:05:24)
DEBUG:1:relay8_close at Sat Jan 13 20:05:24 2018
DEBUG:1:Relay_8_OFF at (20:05:24)
DEBUG:1: at (20:05:24)
DEBUG:1:relay9_close at Sat Jan 13 20:05:24 2018
DEBUG:1:Relay_9_OFF at (20:05:24)
DEBUG:1: at (20:05:24)
DEBUG:1:relay8_open at Sat Jan 13 20:05:24 2018
DEBUG:1:Relay_8_ON at (20:05:24)
DEBUG:1: at (20:05:25)
DEBUG:1:relay9_open at Sat Jan 13 20:05:25 2018
DEBUG:1:Relay_9_ON at (20:05:25)
DEBUG:1: at (20:05:25)
DEBUG:1:relay9_close at Sat Jan 13 20:05:25 2018
DEBUG:1:Relay_9_OFF at (20:05:25)
DEBUG:1: at (20:05:26)
DEBUG:1:relay8_close at Sat Jan 13 20:05:26 2018
DEBUG:1:Relay_8_OFF at (20:05:26)
DEBUG:1: at (20:05:26)
DEBUG:1:relay8_open at Sat Jan 13 20:05:26 2018
DEBUG:1:Relay_8_ON at (20:05:26)
DEBUG:1: at (20:05:26)
DEBUG:1:relay9_open at Sat Jan 13 20:05:26 2018
DEBUG:1:Relay_9_ON at (20:05:26)
DEBUG:1: at (20:05:27)
DEBUG:1:relay9_close at Sat Jan 13 20:05:27 2018
DEBUG:1:Relay_9_OFF at (20:05:27)
DEBUG:1: at (20:05:27)
DEBUG:1:relay8_close at Sat Jan 13 20:05:27 2018
DEBUG:1:Relay_8_OFF at (20:05:27)
DEBUG:1: at (20:05:28)
DEBUG:1:relay8_open at Sat Jan 13 20:05:28 2018
DEBUG:1:Relay_8_ON at (20:05:28)
DEBUG:1: at (20:05:28)
DEBUG:1:relay9_open at Sat Jan 13 20:05:28 2018
DEBUG:1:Relay_9_ON at (20:05:28)
DEBUG:1: at (20:05:28)
DEBUG:1:relay9_close at Sat Jan 13 20:05:28 2018
DEBUG:1:Relay_9_OFF at (20:05:28)
DEBUG:1: at (20:05:29)
DEBUG:1:relay8_close at Sat Jan 13 20:05:29 2018
DEBUG:1:Relay_8_OFF at (20:05:29)
DEBUG:1: at (20:05:29)
DEBUG:1:relay8_open at Sat Jan 13 20:05:29 2018
DEBUG:1:Relay_8_ON at (20:05:29)
DEBUG:1: at (20:05:30)
DEBUG:1:relay9_open at Sat Jan 13 20:05:30 2018
DEBUG:1:Relay_9_ON at (20:05:30)
DEBUG:1: at (20:05:30)
DEBUG:1:relay9_close at Sat Jan 13 20:05:30 2018
DEBUG:1:Relay_9_OFF at (20:05:30)
DEBUG:1: at (20:05:30)
DEBUG:1:relay8_close at Sat Jan 13 20:05:30 2018
DEBUG:1:Relay_8_OFF at (20:05:30)
DEBUG:1: at (20:05:31)
DEBUG:1:relay8_open at Sat Jan 13 20:05:31 2018
DEBUG:1:Relay_8_ON at (20:05:31)
DEBUG:1: at (20:05:31)
DEBUG:1:relay9_open at Sat Jan 13 20:05:31 2018
DEBUG:1:Relay_9_ON at (20:05:31)
DEBUG:1: at (20:05:32)
DEBUG:1:relay9_close at Sat Jan 13 20:05:32 2018
DEBUG:1:Relay_9_OFF at (20:05:32)
DEBUG:1: at (20:05:32)
DEBUG:1:relay8_close at Sat Jan 13 20:05:32 2018
DEBUG:1:Relay_8_OFF at (20:05:32)
DEBUG:1: at (20:05:32)
DEBUG:1:relay8_open at Sat Jan 13 20:05:32 2018
DEBUG:1:Relay_8_ON at (20:05:32)
DEBUG:1: at (20:05:33)
DEBUG:1:relay9_open at Sat Jan 13 20:05:33 2018
DEBUG:1:Relay_9_ON at (20:05:33)
DEBUG:1: at (20:05:33)
DEBUG:1:relay9_close at Sat Jan 13 20:05:33 2018
DEBUG:1:Relay_9_OFF at (20:05:33)
DEBUG:1: at (20:05:34)
DEBUG:1:relay8_close at Sat Jan 13 20:05:34 2018
DEBUG:1:Relay_8_OFF at (20:05:34)
DEBUG:1: at (20:05:35)
DEBUG:1:relay9_open at Sat Jan 13 20:05:35 2018
DEBUG:1:Relay_9_ON at (20:05:35)
DEBUG:1: at (20:05:35)
DEBUG:1:relay9_close at Sat Jan 13 20:05:35 2018
DEBUG:1:Relay_9_OFF at (20:05:35)
DEBUG:1: at (20:05:36)
DEBUG:1:relay9_open at Sat Jan 13 20:05:36 2018
DEBUG:1:Relay_9_ON at (20:05:36)
DEBUG:1: at (20:05:36)
DEBUG:1:relay9_close at Sat Jan 13 20:05:36 2018
DEBUG:1:Relay_9_OFF at (20:05:36)
DEBUG:1: at (20:05:36)
DEBUG:1:relay9_open at Sat Jan 13 20:05:36 2018
DEBUG:1:Relay_9_ON at (20:05:36)
DEBUG:1: at (20:05:37)
DEBUG:1:relay9_close at Sat Jan 13 20:05:37 2018
DEBUG:1:Relay_9_OFF at (20:05:37)
DEBUG:1: at (20:05:38)
DEBUG:1:relay8_open at Sat Jan 13 20:05:38 2018
DEBUG:1:Relay_8_ON at (20:05:38)
DEBUG:1: at (20:05:38)
DEBUG:1:relay8_close at Sat Jan 13 20:05:38 2018
DEBUG:1:Relay_8_OFF at (20:05:38)
DEBUG:1: at (20:05:39)
DEBUG:1:relay8_open at Sat Jan 13 20:05:39 2018
DEBUG:1:Relay_8_ON at (20:05:39)
DEBUG:1: at (20:05:39)
DEBUG:1:relay8_close at Sat Jan 13 20:05:39 2018
DEBUG:1:Relay_8_OFF at (20:05:39)
DEBUG:1: at (20:05:39)
DEBUG:1:relay8_open at Sat Jan 13 20:05:39 2018
DEBUG:1:Relay_8_ON at (20:05:39)
DEBUG:1: at (20:05:40)
DEBUG:1:relay8_close at Sat Jan 13 20:05:40 2018
DEBUG:1:Relay_8_OFF at (20:05:40)
DEBUG:1: at (20:05:40)
DEBUG:1:relay8_open at Sat Jan 13 20:05:40 2018
DEBUG:1:Relay_8_ON at (20:05:40)
DEBUG:1: at (20:05:41)
DEBUG:1:relay8_close at Sat Jan 13 20:05:41 2018
DEBUG:1:Relay_8_OFF at (20:05:41)
DEBUG:1: at (20:05:49)
DEBUG:1:relay8_open at Sat Jan 13 20:05:49 2018
DEBUG:1:Relay_8_ON at (20:05:49)
DEBUG:1: at (20:05:50)
DEBUG:1:relay8_close at Sat Jan 13 20:05:50 2018
DEBUG:1:Relay_8_OFF at (20:05:50)
DEBUG:1: at (20:05:51)
DEBUG:1:relay8_open at Sat Jan 13 20:05:51 2018
DEBUG:1:Relay_8_ON at (20:05:51)
DEBUG:1: at (20:05:51)
DEBUG:1:relay8_close at Sat Jan 13 20:05:51 2018
DEBUG:1:Relay_8_OFF at (20:05:51)
DEBUG:1: at (20:05:52)
DEBUG:1:relay9_open at Sat Jan 13 20:05:52 2018
DEBUG:1:Relay_9_ON at (20:05:52)
DEBUG:1: at (20:05:52)
DEBUG:1:relay9_close at Sat Jan 13 20:05:52 2018
DEBUG:1:Relay_9_OFF at (20:05:52)
DEBUG:1: at (20:05:53)
DEBUG:1:relay9_open at Sat Jan 13 20:05:53 2018
DEBUG:1:Relay_9_ON at (20:05:53)
DEBUG:1: at (20:05:53)
DEBUG:1:relay9_close at Sat Jan 13 20:05:53 2018
DEBUG:1:Relay_9_OFF at (20:05:53)
DEBUG:1: at (20:05:54)
DEBUG:1:relay9_open at Sat Jan 13 20:05:54 2018
DEBUG:1:Relay_9_ON at (20:05:54)
DEBUG:1: at (20:05:54)
DEBUG:1:relay9_close at Sat Jan 13 20:05:54 2018
DEBUG:1:Relay_9_OFF at (20:05:54)
DEBUG:1: at (20:05:58)
DEBUG:1:relay1_close at Sat Jan 13 20:05:58 2018
DEBUG:1: at (20:05:58)
DEBUG:1:relay2_close at Sat Jan 13 20:05:58 2018
DEBUG:1: at (20:05:59)
DEBUG:1:relay1_close at Sat Jan 13 20:05:59 2018
DEBUG:1:Connection Successful at Sat Jan 13 20:07:17 2018
DEBUG:1: at (20:07:18)
DEBUG:1:relay1_close at Sat Jan 13 20:07:18 2018
DEBUG:1:Relay_1_OFF at (20:07:18)
DEBUG:1:Relay_1_OFF at (20:07:18)
DEBUG:1: at (20:07:18)
DEBUG:1:relay2_close at Sat Jan 13 20:07:18 2018
DEBUG:1:Relay_2_OFF at (20:07:18)
DEBUG:1:Relay_2_OFF at (20:07:18)
DEBUG:1: at (20:07:19)
DEBUG:1:relay3_close at Sat Jan 13 20:07:19 2018
DEBUG:1:Relay_3_OFF at (20:07:19)
DEBUG:1:Relay_3_OFF at (20:07:19)
DEBUG:1: at (20:07:19)
DEBUG:1:relay1_close at Sat Jan 13 20:07:19 2018
DEBUG:1:Relay_4_OFF at (20:07:19)
DEBUG:1:Relay_4_OFF at (20:07:20)
DEBUG:1: at (20:07:20)
DEBUG:1:relay5_close at Sat Jan 13 20:07:20 2018
DEBUG:1:Relay_5_OFF at (20:07:20)
DEBUG:1:Relay_5_OFF at (20:07:20)
DEBUG:1: at (20:07:20)
DEBUG:1:relay6_close at Sat Jan 13 20:07:20 2018
DEBUG:1:Relay_6_OFF at (20:07:20)
DEBUG:1:Relay_6_OFF at (20:07:20)
DEBUG:1: at (20:07:21)
DEBUG:1:relay7_close at Sat Jan 13 20:07:21 2018
DEBUG:1:Relay_7_OFF at (20:07:21)
DEBUG:1:Relay_7_OFF at (20:07:21)
DEBUG:1: at (20:07:23)
DEBUG:1:relay6_open at Sat Jan 13 20:07:23 2018
DEBUG:1:Relay_6_ON at (20:07:23)
DEBUG:1:Relay_6_ON at (20:07:23)
DEBUG:1: at (20:07:23)
DEBUG:1:relay6_close at Sat Jan 13 20:07:23 2018
DEBUG:1:Relay_6_OFF at (20:07:23)
DEBUG:1:Relay_6_OFF at (20:07:23)
DEBUG:1: at (20:07:24)
DEBUG:1:relay6_open at Sat Jan 13 20:07:24 2018
DEBUG:1:Relay_6_ON at (20:07:24)
DEBUG:1:Relay_6_ON at (20:07:24)
DEBUG:1: at (20:07:24)
DEBUG:1:relay6_close at Sat Jan 13 20:07:24 2018
DEBUG:1:Relay_6_OFF at (20:07:24)
DEBUG:1:Relay_6_OFF at (20:07:24)
DEBUG:1: at (20:07:26)
DEBUG:1:relay6_open at Sat Jan 13 20:07:26 2018
DEBUG:1:Relay_6_ON at (20:07:26)
DEBUG:1:Relay_6_ON at (20:07:26)
DEBUG:1: at (20:07:27)
DEBUG:1:relay6_close at Sat Jan 13 20:07:27 2018
DEBUG:1:Relay_6_OFF at (20:07:27)
DEBUG:1:Relay_6_OFF at (20:07:27)
DEBUG:1: at (20:07:27)
DEBUG:1:relay6_open at Sat Jan 13 20:07:27 2018
DEBUG:1:Relay_6_ON at (20:07:27)
DEBUG:1:Relay_6_ON at (20:07:27)
DEBUG:1: at (20:07:28)
DEBUG:1:relay6_close at Sat Jan 13 20:07:28 2018
DEBUG:1:Relay_6_OFF at (20:07:28)
DEBUG:1:Relay_6_OFF at (20:07:28)
DEBUG:1: at (20:07:29)
DEBUG:1:relay7_open at Sat Jan 13 20:07:29 2018
DEBUG:1:Relay_7_ON at (20:07:29)
DEBUG:1:Relay_7_ON at (20:07:29)
DEBUG:1: at (20:07:29)
DEBUG:1:relay7_close at Sat Jan 13 20:07:29 2018
DEBUG:1:Relay_7_OFF at (20:07:29)
DEBUG:1:Relay_7_OFF at (20:07:29)
DEBUG:1: at (20:07:30)
DEBUG:1:relay5_open at Sat Jan 13 20:07:30 2018
DEBUG:1:Relay_5_ON at (20:07:30)
DEBUG:1:Relay_5_ON at (20:07:30)
DEBUG:1: at (20:07:30)
DEBUG:1:relay5_close at Sat Jan 13 20:07:30 2018
DEBUG:1:Relay_5_OFF at (20:07:30)
DEBUG:1:Relay_5_OFF at (20:07:30)
DEBUG:1: at (20:07:32)
DEBUG:1:relay4_open at Sat Jan 13 20:07:32 2018
DEBUG:1:Relay_4_ON at (20:07:32)
DEBUG:1:Relay_4_ON at (20:07:32)
DEBUG:1: at (20:07:32)
DEBUG:1:relay1_close at Sat Jan 13 20:07:32 2018
DEBUG:1:Relay_4_OFF at (20:07:32)
DEBUG:1:Relay_4_OFF at (20:07:32)
DEBUG:1: at (20:07:33)
DEBUG:1:relay3_open at Sat Jan 13 20:07:33 2018
DEBUG:1:Relay_3_ON at (20:07:33)
DEBUG:1:Relay_3_ON at (20:07:33)
DEBUG:1: at (20:07:34)
DEBUG:1:relay3_close at Sat Jan 13 20:07:34 2018
DEBUG:1:Relay_3_OFF at (20:07:34)
DEBUG:1:Relay_3_OFF at (20:07:34)
DEBUG:1: at (20:07:34)
DEBUG:1:relay2_open at Sat Jan 13 20:07:34 2018
DEBUG:1:Relay_2_ON at (20:07:34)
DEBUG:1:Relay_2_ON at (20:07:34)
DEBUG:1: at (20:07:35)
DEBUG:1:relay2_close at Sat Jan 13 20:07:35 2018
DEBUG:1:Relay_2_OFF at (20:07:35)
DEBUG:1:Relay_2_OFF at (20:07:35)
DEBUG:1: at (20:07:35)
DEBUG:1:relay1_open at Sat Jan 13 20:07:35 2018
DEBUG:1:Relay_1_ON at (20:07:35)
DEBUG:1:Relay_1_ON at (20:07:36)
DEBUG:1: at (20:07:36)
DEBUG:1:relay1_close at Sat Jan 13 20:07:36 2018
DEBUG:1:Relay_1_OFF at (20:07:36)
DEBUG:1:Relay_1_OFF at (20:07:36)
DEBUG:1: at (20:07:38)
DEBUG:1:relay6_open at Sat Jan 13 20:07:38 2018
DEBUG:1:Relay_6_ON at (20:07:38)
DEBUG:1:Relay_6_ON at (20:07:38)
DEBUG:1: at (20:07:38)
DEBUG:1:relay6_close at Sat Jan 13 20:07:38 2018
DEBUG:1:Relay_6_OFF at (20:07:38)
DEBUG:1:Relay_6_OFF at (20:07:38)
DEBUG:1: at (20:07:39)
DEBUG:1:relay6_open at Sat Jan 13 20:07:39 2018
DEBUG:1:Relay_6_ON at (20:07:39)
DEBUG:1:Relay_6_ON at (20:07:39)
DEBUG:1: at (20:07:39)
DEBUG:1:relay6_close at Sat Jan 13 20:07:39 2018
DEBUG:1:Relay_6_OFF at (20:07:39)
DEBUG:1:Relay_6_OFF at (20:07:39)
DEBUG:1: at (20:07:40)
DEBUG:1:relay6_open at Sat Jan 13 20:07:40 2018
DEBUG:1:Relay_6_ON at (20:07:40)
DEBUG:1:Relay_6_ON at (20:07:40)
DEBUG:1: at (20:07:41)
DEBUG:1:relay6_close at Sat Jan 13 20:07:41 2018
DEBUG:1:Relay_6_OFF at (20:07:41)
DEBUG:1:Relay_6_OFF at (20:07:41)
DEBUG:1: at (20:07:42)
DEBUG:1:relay7_open at Sat Jan 13 20:07:42 2018
DEBUG:1:Relay_7_ON at (20:07:42)
DEBUG:1:Relay_7_ON at (20:07:42)
DEBUG:1: at (20:07:42)
DEBUG:1:relay7_close at Sat Jan 13 20:07:42 2018
DEBUG:1:Relay_7_OFF at (20:07:42)
DEBUG:1:Relay_7_OFF at (20:07:42)
DEBUG:1: at (20:07:43)
DEBUG:1:relay5_open at Sat Jan 13 20:07:43 2018
DEBUG:1:Relay_5_ON at (20:07:43)
DEBUG:1:Relay_5_ON at (20:07:43)
DEBUG:1: at (20:07:44)
DEBUG:1:relay5_close at Sat Jan 13 20:07:44 2018
DEBUG:1:Relay_5_OFF at (20:07:44)
DEBUG:1:Relay_5_OFF at (20:07:44)
DEBUG:1: at (20:07:44)
DEBUG:1:relay5_open at Sat Jan 13 20:07:44 2018
DEBUG:1:Relay_5_ON at (20:07:44)
DEBUG:1:Relay_5_ON at (20:07:44)
DEBUG:1: at (20:07:45)
DEBUG:1:relay5_close at Sat Jan 13 20:07:45 2018
DEBUG:1:Relay_5_OFF at (20:07:45)
DEBUG:1:Relay_5_OFF at (20:07:45)
DEBUG:1: at (20:07:46)
DEBUG:1:relay5_open at Sat Jan 13 20:07:46 2018
DEBUG:1:Relay_5_ON at (20:07:46)
DEBUG:1:Relay_5_ON at (20:07:46)
DEBUG:1: at (20:07:46)
DEBUG:1:relay5_close at Sat Jan 13 20:07:46 2018
DEBUG:1:Relay_5_OFF at (20:07:46)
DEBUG:1:Relay_5_OFF at (20:07:46)
DEBUG:1: at (20:07:47)
DEBUG:1:relay5_open at Sat Jan 13 20:07:47 2018
DEBUG:1:Relay_5_ON at (20:07:47)
DEBUG:1:Relay_5_ON at (20:07:47)
DEBUG:1: at (20:07:47)
DEBUG:1:relay5_close at Sat Jan 13 20:07:47 2018
DEBUG:1:Relay_5_OFF at (20:07:47)
DEBUG:1:Relay_5_OFF at (20:07:47)
DEBUG:1: at (20:07:48)
DEBUG:1:relay5_open at Sat Jan 13 20:07:48 2018
DEBUG:1:Relay_5_ON at (20:07:48)
DEBUG:1:Relay_5_ON at (20:07:48)
DEBUG:1: at (20:07:48)
DEBUG:1:relay5_close at Sat Jan 13 20:07:48 2018
DEBUG:1:Relay_5_OFF at (20:07:48)
DEBUG:1:Relay_5_OFF at (20:07:49)
DEBUG:1: at (20:07:49)
DEBUG:1:relay5_open at Sat Jan 13 20:07:49 2018
DEBUG:1:Relay_5_ON at (20:07:49)
DEBUG:1:Relay_5_ON at (20:07:49)
DEBUG:1: at (20:07:49)
DEBUG:1:relay5_close at Sat Jan 13 20:07:49 2018
DEBUG:1:Relay_5_OFF at (20:07:49)
DEBUG:1:Relay_5_OFF at (20:07:49)
DEBUG:1: at (20:07:50)
DEBUG:1:relay5_open at Sat Jan 13 20:07:50 2018
DEBUG:1:Relay_5_ON at (20:07:50)
DEBUG:1:Relay_5_ON at (20:07:50)
DEBUG:1: at (20:07:50)
DEBUG:1:relay5_close at Sat Jan 13 20:07:50 2018
DEBUG:1:Relay_5_OFF at (20:07:50)
DEBUG:1:Relay_5_OFF at (20:07:50)
DEBUG:1: at (20:07:51)
DEBUG:1:relay5_open at Sat Jan 13 20:07:51 2018
DEBUG:1:Relay_5_ON at (20:07:51)
DEBUG:1:Relay_5_ON at (20:07:51)
DEBUG:1: at (20:07:51)
DEBUG:1:relay5_close at Sat Jan 13 20:07:51 2018
DEBUG:1:Relay_5_OFF at (20:07:51)
DEBUG:1:Relay_5_OFF at (20:07:51)
DEBUG:1: at (20:07:52)
DEBUG:1:relay5_open at Sat Jan 13 20:07:52 2018
DEBUG:1:Relay_5_ON at (20:07:52)
DEBUG:1:Relay_5_ON at (20:07:52)
DEBUG:1: at (20:07:53)
DEBUG:1:relay5_close at Sat Jan 13 20:07:53 2018
DEBUG:1:Relay_5_OFF at (20:07:53)
DEBUG:1:Relay_5_OFF at (20:07:53)
DEBUG:1: at (20:07:53)
DEBUG:1:relay5_open at Sat Jan 13 20:07:53 2018
DEBUG:1:Relay_5_ON at (20:07:53)
DEBUG:1:Relay_5_ON at (20:07:53)
DEBUG:1: at (20:07:54)
DEBUG:1:relay5_close at Sat Jan 13 20:07:54 2018
DEBUG:1:Relay_5_OFF at (20:07:54)
DEBUG:1:Relay_5_OFF at (20:07:54)
DEBUG:1: at (20:07:56)
DEBUG:1:relay1_open at Sat Jan 13 20:07:56 2018
DEBUG:1:Relay_1_ON at (20:07:56)
DEBUG:1:Relay_1_ON at (20:07:56)
DEBUG:1: at (20:07:56)
DEBUG:1:relay1_close at Sat Jan 13 20:07:56 2018
DEBUG:1:Relay_1_OFF at (20:07:56)
DEBUG:1:Relay_1_OFF at (20:07:56)
DEBUG:1: at (20:07:57)
DEBUG:1:relay1_open at Sat Jan 13 20:07:57 2018
DEBUG:1:Relay_1_ON at (20:07:57)
DEBUG:1:Relay_1_ON at (20:07:57)
DEBUG:1: at (20:07:57)
DEBUG:1:relay1_close at Sat Jan 13 20:07:57 2018
DEBUG:1:Relay_1_OFF at (20:07:57)
DEBUG:1:Relay_1_OFF at (20:07:57)
DEBUG:1: at (20:07:58)
DEBUG:1:relay1_open at Sat Jan 13 20:07:58 2018
DEBUG:1:Relay_1_ON at (20:07:58)
DEBUG:1:Relay_1_ON at (20:07:58)
DEBUG:1: at (20:07:58)
DEBUG:1:relay1_close at Sat Jan 13 20:07:58 2018
DEBUG:1:Relay_1_OFF at (20:07:58)
DEBUG:1:Relay_1_OFF at (20:07:58)
DEBUG:1: at (20:07:59)
DEBUG:1:relay1_open at Sat Jan 13 20:07:59 2018
DEBUG:1:Relay_1_ON at (20:07:59)
DEBUG:1:Relay_1_ON at (20:07:59)
DEBUG:1: at (20:08:00)
DEBUG:1:relay1_close at Sat Jan 13 20:08:00 2018
DEBUG:1:Relay_1_OFF at (20:08:00)
DEBUG:1:Relay_1_OFF at (20:08:00)
DEBUG:1: at (20:08:00)
DEBUG:1:relay1_open at Sat Jan 13 20:08:00 2018
DEBUG:1:Relay_1_ON at (20:08:00)
DEBUG:1:Relay_1_ON at (20:08:00)
DEBUG:1: at (20:08:01)
DEBUG:1:relay1_close at Sat Jan 13 20:08:01 2018
DEBUG:1:Relay_1_OFF at (20:08:01)
DEBUG:1:Relay_1_OFF at (20:08:01)
DEBUG:1: at (20:08:01)
DEBUG:1:relay2_open at Sat Jan 13 20:08:01 2018
DEBUG:1:Relay_2_ON at (20:08:01)
DEBUG:1:Relay_2_ON at (20:08:02)
DEBUG:1: at (20:08:02)
DEBUG:1:relay2_close at Sat Jan 13 20:08:02 2018
DEBUG:1:Relay_2_OFF at (20:08:02)
DEBUG:1:Relay_2_OFF at (20:08:02)
DEBUG:1: at (20:08:03)
DEBUG:1:relay2_open at Sat Jan 13 20:08:03 2018
DEBUG:1:Relay_2_ON at (20:08:03)
DEBUG:1:Relay_2_ON at (20:08:03)
DEBUG:1: at (20:08:03)
DEBUG:1:relay2_close at Sat Jan 13 20:08:03 2018
DEBUG:1:Relay_2_OFF at (20:08:03)
DEBUG:1:Relay_2_OFF at (20:08:03)
DEBUG:1: at (20:08:04)
DEBUG:1:relay2_open at Sat Jan 13 20:08:04 2018
DEBUG:1:Relay_2_ON at (20:08:04)
DEBUG:1:Relay_2_ON at (20:08:04)
DEBUG:1: at (20:08:04)
DEBUG:1:relay2_close at Sat Jan 13 20:08:04 2018
DEBUG:1:Relay_2_OFF at (20:08:04)
DEBUG:1:Relay_2_OFF at (20:08:04)
DEBUG:1: at (20:08:05)
DEBUG:1:relay2_open at Sat Jan 13 20:08:05 2018
DEBUG:1:Relay_2_ON at (20:08:05)
DEBUG:1:Relay_2_ON at (20:08:05)
DEBUG:1: at (20:08:06)
DEBUG:1:relay2_close at Sat Jan 13 20:08:06 2018
DEBUG:1:Relay_2_OFF at (20:08:06)
DEBUG:1:Relay_2_OFF at (20:08:06)
DEBUG:1: at (20:08:07)
DEBUG:1:relay3_open at Sat Jan 13 20:08:07 2018
DEBUG:1:Relay_3_ON at (20:08:07)
DEBUG:1:Relay_3_ON at (20:08:07)
DEBUG:1: at (20:08:08)
DEBUG:1:relay3_close at Sat Jan 13 20:08:08 2018
DEBUG:1:Relay_3_OFF at (20:08:08)
DEBUG:1:Relay_3_OFF at (20:08:08)
DEBUG:1: at (20:08:08)
DEBUG:1:relay3_open at Sat Jan 13 20:08:08 2018
DEBUG:1:Relay_3_ON at (20:08:08)
DEBUG:1:Relay_3_ON at (20:08:08)
DEBUG:1: at (20:08:09)
DEBUG:1:relay3_close at Sat Jan 13 20:08:09 2018
DEBUG:1:Relay_3_OFF at (20:08:09)
DEBUG:1:Relay_3_OFF at (20:08:09)
DEBUG:1: at (20:08:09)
DEBUG:1:relay3_open at Sat Jan 13 20:08:09 2018
DEBUG:1:Relay_3_ON at (20:08:09)
DEBUG:1:Relay_3_ON at (20:08:10)
DEBUG:1: at (20:08:10)
DEBUG:1:relay3_close at Sat Jan 13 20:08:10 2018
DEBUG:1:Relay_3_OFF at (20:08:10)
DEBUG:1:Relay_3_OFF at (20:08:10)
DEBUG:1: at (20:08:11)
DEBUG:1:relay4_open at Sat Jan 13 20:08:11 2018
DEBUG:1:Relay_4_ON at (20:08:11)
DEBUG:1:Relay_4_ON at (20:08:11)
DEBUG:1: at (20:08:12)
DEBUG:1:relay1_close at Sat Jan 13 20:08:12 2018
DEBUG:1:Relay_4_OFF at (20:08:12)
DEBUG:1:Relay_4_OFF at (20:08:12)
DEBUG:1: at (20:08:12)
DEBUG:1:relay4_open at Sat Jan 13 20:08:12 2018
DEBUG:1:Relay_4_ON at (20:08:12)
DEBUG:1:Relay_4_ON at (20:08:12)
DEBUG:1: at (20:08:13)
DEBUG:1:relay1_close at Sat Jan 13 20:08:13 2018
DEBUG:1:Relay_4_OFF at (20:08:13)
DEBUG:1:Relay_4_OFF at (20:08:13)
DEBUG:1: at (20:08:13)
DEBUG:1:relay4_open at Sat Jan 13 20:08:13 2018
DEBUG:1:Relay_4_ON at (20:08:13)
DEBUG:1:Relay_4_ON at (20:08:13)
DEBUG:1: at (20:08:14)
DEBUG:1:relay1_close at Sat Jan 13 20:08:14 2018
DEBUG:1:Relay_4_OFF at (20:08:14)
DEBUG:1:Relay_4_OFF at (20:08:14)
DEBUG:1: at (20:08:15)
DEBUG:1:relay5_open at Sat Jan 13 20:08:15 2018
DEBUG:1:Relay_5_ON at (20:08:15)
DEBUG:1:Relay_5_ON at (20:08:15)
DEBUG:1: at (20:08:15)
DEBUG:1:relay5_close at Sat Jan 13 20:08:15 2018
DEBUG:1:Relay_5_OFF at (20:08:15)
DEBUG:1:Relay_5_OFF at (20:08:15)
DEBUG:1: at (20:08:16)
DEBUG:1:relay5_open at Sat Jan 13 20:08:16 2018
DEBUG:1:Relay_5_ON at (20:08:16)
DEBUG:1:Relay_5_ON at (20:08:16)
DEBUG:1: at (20:08:16)
DEBUG:1:relay5_close at Sat Jan 13 20:08:16 2018
DEBUG:1:Relay_5_OFF at (20:08:16)
DEBUG:1:Relay_5_OFF at (20:08:16)
DEBUG:1: at (20:08:17)
DEBUG:1:relay5_open at Sat Jan 13 20:08:17 2018
DEBUG:1:Relay_5_ON at (20:08:17)
DEBUG:1:Relay_5_ON at (20:08:17)
DEBUG:1: at (20:08:17)
DEBUG:1:relay5_close at Sat Jan 13 20:08:17 2018
DEBUG:1:Relay_5_OFF at (20:08:17)
DEBUG:1:Relay_5_OFF at (20:08:18)
DEBUG:1: at (20:08:18)
DEBUG:1:relay6_open at Sat Jan 13 20:08:18 2018
DEBUG:1:Relay_6_ON at (20:08:18)
DEBUG:1:Relay_6_ON at (20:08:18)
DEBUG:1: at (20:08:19)
DEBUG:1:relay6_close at Sat Jan 13 20:08:19 2018
DEBUG:1:Relay_6_OFF at (20:08:19)
DEBUG:1:Relay_6_OFF at (20:08:19)
DEBUG:1: at (20:08:19)
DEBUG:1:relay6_open at Sat Jan 13 20:08:19 2018
DEBUG:1:Relay_6_ON at (20:08:19)
DEBUG:1:Relay_6_ON at (20:08:20)
DEBUG:1: at (20:08:20)
DEBUG:1:relay6_close at Sat Jan 13 20:08:20 2018
DEBUG:1:Relay_6_OFF at (20:08:20)
DEBUG:1:Relay_6_OFF at (20:08:20)
DEBUG:1: at (20:08:21)
DEBUG:1:relay7_open at Sat Jan 13 20:08:21 2018
DEBUG:1:Relay_7_ON at (20:08:21)
DEBUG:1:Relay_7_ON at (20:08:21)
DEBUG:1: at (20:08:21)
DEBUG:1:relay7_close at Sat Jan 13 20:08:21 2018
DEBUG:1:Relay_7_OFF at (20:08:21)
DEBUG:1:Relay_7_OFF at (20:08:21)
DEBUG:1: at (20:08:21)
DEBUG:1:relay7_open at Sat Jan 13 20:08:21 2018
DEBUG:1:Relay_7_ON at (20:08:21)
DEBUG:1:Relay_7_ON at (20:08:22)
DEBUG:1: at (20:08:22)
DEBUG:1:relay7_close at Sat Jan 13 20:08:22 2018
DEBUG:1:Relay_7_OFF at (20:08:22)
DEBUG:1:Relay_7_OFF at (20:08:22)
DEBUG:1: at (20:08:31)
DEBUG:1:relay8_open at Sat Jan 13 20:08:31 2018
DEBUG:1:Relay_8_ON at (20:08:31)
DEBUG:1:Relay_8_ON at (20:08:31)
DEBUG:1: at (20:08:31)
DEBUG:1:relay8_close at Sat Jan 13 20:08:31 2018
DEBUG:1:Relay_8_OFF at (20:08:31)
DEBUG:1:Relay_8_OFF at (20:08:31)
DEBUG:1: at (20:08:32)
DEBUG:1:relay9_open at Sat Jan 13 20:08:32 2018
DEBUG:1:Relay_9_ON at (20:08:32)
DEBUG:1:Relay_9_ON at (20:08:32)
DEBUG:1: at (20:08:33)
DEBUG:1:relay9_close at Sat Jan 13 20:08:33 2018
DEBUG:1:Relay_9_OFF at (20:08:33)
DEBUG:1:Relay_9_OFF at (20:08:33)
DEBUG:1:Connection Successful at Sat Jan 13 20:25:58 2018
DEBUG:1: at (20:26:00)
DEBUG:1:relay1_open at Sat Jan 13 20:26:00 2018
DEBUG:1:Relay_1_ON at (20:26:00)
DEBUG:1: at (20:26:01)
DEBUG:1:relay1_close at Sat Jan 13 20:26:01 2018
DEBUG:1:Relay_1_OFF at (20:26:01)
DEBUG:1: at (20:26:25)
DEBUG:1:relay1_open at Sat Jan 13 20:26:25 2018
DEBUG:1: at (20:26:26)
DEBUG:1:relay1_open at Sat Jan 13 20:26:26 2018
DEBUG:1:Connection Successful at Sat Jan 13 20:26:51 2018
DEBUG:1: at (20:26:56)
DEBUG:1:relay1_open at Sat Jan 13 20:26:56 2018
DEBUG:1:Connection Successful at Sat Jan 13 20:28:37 2018
DEBUG:1: at (20:28:41)
DEBUG:1:relay1_open at Sat Jan 13 20:28:41 2018
DEBUG:1:Relay_1_ON at (20:28:41)
DEBUG:1:Relay_1_ON at (20:28:41)
DEBUG:1:Relay_1_ON at (20:28:41)
DEBUG:1: at (20:28:57)
DEBUG:1:relay2_open at Sat Jan 13 20:28:57 2018
DEBUG:1: at (20:28:59)
DEBUG:1:relay2_open at Sat Jan 13 20:28:59 2018
DEBUG:1:Connection Successful at Sat Jan 13 20:30:15 2018
DEBUG:1: at (20:30:16)
DEBUG:1:relay1_close at Sat Jan 13 20:30:16 2018
DEBUG:1:Relay_1_OFF at (20:30:16)
DEBUG:1:Relay_1_OFF at (20:30:16)
DEBUG:1:Relay_1_OFF at (20:30:16)
DEBUG:1:Relay_1_OFF at (20:30:16)
DEBUG:1: at (20:30:18)
DEBUG:1:relay1_open at Sat Jan 13 20:30:18 2018
DEBUG:1:Relay_1_ON at (20:30:18)
DEBUG:1:Relay_1_ON at (20:30:18)
DEBUG:1:Relay_1_ON at (20:30:18)
DEBUG:1:Relay_1_ON at (20:30:18)
DEBUG:1: at (20:30:18)
DEBUG:1:relay2_open at Sat Jan 13 20:30:18 2018
DEBUG:1:Relay_2_ON at (20:30:18)
DEBUG:1:Relay_2_ON at (20:30:18)
DEBUG:1:Relay_2_ON at (20:30:18)
DEBUG:1:Relay_2_ON at (20:30:18)
DEBUG:1: at (20:30:19)
DEBUG:1:relay3_open at Sat Jan 13 20:30:19 2018
DEBUG:1:Relay_3_ON at (20:30:19)
DEBUG:1:Relay_3_ON at (20:30:19)
DEBUG:1:Relay_3_ON at (20:30:19)
DEBUG:1:Relay_3_ON at (20:30:19)
DEBUG:1: at (20:30:20)
DEBUG:1:relay4_open at Sat Jan 13 20:30:20 2018
DEBUG:1:Relay_4_ON at (20:30:20)
DEBUG:1:Relay_4_ON at (20:30:20)
DEBUG:1:Relay_4_ON at (20:30:20)
DEBUG:1:Relay_4_ON at (20:30:20)
DEBUG:1: at (20:30:20)
DEBUG:1:relay5_open at Sat Jan 13 20:30:20 2018
DEBUG:1:Relay_5_ON at (20:30:20)
DEBUG:1:Relay_5_ON at (20:30:20)
DEBUG:1:Relay_5_ON at (20:30:20)
DEBUG:1:Relay_5_ON at (20:30:20)
DEBUG:1: at (20:30:21)
DEBUG:1:relay6_open at Sat Jan 13 20:30:21 2018
DEBUG:1:Relay_6_ON at (20:30:21)
DEBUG:1:Relay_6_ON at (20:30:21)
DEBUG:1:Relay_6_ON at (20:30:21)
DEBUG:1:Relay_6_ON at (20:30:21)
DEBUG:1: at (20:30:21)
DEBUG:1:relay7_open at Sat Jan 13 20:30:21 2018
DEBUG:1:Relay_7_ON at (20:30:21)
DEBUG:1:Relay_7_ON at (20:30:21)
DEBUG:1:Relay_7_ON at (20:30:21)
DEBUG:1:Relay_7_ON at (20:30:21)
DEBUG:1: at (20:30:22)
DEBUG:1:relay8_open at Sat Jan 13 20:30:22 2018
DEBUG:1:Relay_8_ON at (20:30:22)
DEBUG:1:Relay_8_ON at (20:30:22)
DEBUG:1:Relay_8_ON at (20:30:22)
DEBUG:1:Relay_8_ON at (20:30:22)
DEBUG:1: at (20:30:23)
DEBUG:1:relay9_open at Sat Jan 13 20:30:23 2018
DEBUG:1:Relay_9_ON at (20:30:23)
DEBUG:1:Relay_9_ON at (20:30:23)
DEBUG:1:Relay_9_ON at (20:30:23)
DEBUG:1:Relay_9_ON at (20:30:23)
DEBUG:1: at (20:30:44)
DEBUG:1:relay9_close at Sat Jan 13 20:30:44 2018
DEBUG:1:Relay_9_OFF at (20:30:44)
DEBUG:1:Relay_9_OFF at (20:30:44)
DEBUG:1:Relay_9_OFF at (20:30:44)
DEBUG:1:Relay_9_OFF at (20:30:44)
DEBUG:1: at (20:30:47)
DEBUG:1:relay8_close at Sat Jan 13 20:30:47 2018
DEBUG:1:Relay_8_OFF at (20:30:47)
DEBUG:1:Relay_8_OFF at (20:30:47)
DEBUG:1:Relay_8_OFF at (20:30:47)
DEBUG:1:Relay_8_OFF at (20:30:47)
DEBUG:1: at (20:30:49)
DEBUG:1:relay7_close at Sat Jan 13 20:30:49 2018
DEBUG:1:Relay_7_OFF at (20:30:49)
DEBUG:1:Relay_7_OFF at (20:30:49)
DEBUG:1:Relay_7_OFF at (20:30:49)
DEBUG:1:Relay_7_OFF at (20:30:49)
DEBUG:1: at (20:30:50)
DEBUG:1:relay6_close at Sat Jan 13 20:30:50 2018
DEBUG:1:Relay_6_OFF at (20:30:50)
DEBUG:1:Relay_6_OFF at (20:30:50)
DEBUG:1:Relay_6_OFF at (20:30:50)
DEBUG:1:Relay_6_OFF at (20:30:50)
DEBUG:1: at (20:30:51)
DEBUG:1:relay5_close at Sat Jan 13 20:30:51 2018
DEBUG:1:Relay_5_OFF at (20:30:51)
DEBUG:1:Relay_5_OFF at (20:30:51)
DEBUG:1:Relay_5_OFF at (20:30:51)
DEBUG:1:Relay_5_OFF at (20:30:51)
DEBUG:1: at (20:30:52)
DEBUG:1:relay1_close at Sat Jan 13 20:30:52 2018
DEBUG:1:Relay_4_OFF at (20:30:52)
DEBUG:1:Relay_4_OFF at (20:30:52)
DEBUG:1:Relay_4_OFF at (20:30:52)
DEBUG:1:Relay_4_OFF at (20:30:52)
DEBUG:1: at (20:30:53)
DEBUG:1:relay3_close at Sat Jan 13 20:30:53 2018
DEBUG:1:Relay_3_OFF at (20:30:53)
DEBUG:1:Relay_3_OFF at (20:30:53)
DEBUG:1:Relay_3_OFF at (20:30:53)
DEBUG:1:Relay_3_OFF at (20:30:53)
DEBUG:1: at (20:30:54)
DEBUG:1:relay2_close at Sat Jan 13 20:30:54 2018
DEBUG:1:Relay_2_OFF at (20:30:54)
DEBUG:1:Relay_2_OFF at (20:30:54)
DEBUG:1:Relay_2_OFF at (20:30:54)
DEBUG:1:Relay_2_OFF at (20:30:54)
DEBUG:1: at (20:30:55)
DEBUG:1:relay1_close at Sat Jan 13 20:30:55 2018
DEBUG:1:Relay_1_OFF at (20:30:55)
DEBUG:1:Relay_1_OFF at (20:30:55)
DEBUG:1:Relay_1_OFF at (20:30:55)
DEBUG:1:Relay_1_OFF at (20:30:55)
DEBUG:1: at (20:30:58)
DEBUG:1:relay1_open at Sat Jan 13 20:30:58 2018
DEBUG:1:Relay_1_ON at (20:30:58)
DEBUG:1:Relay_1_ON at (20:30:58)
DEBUG:1:Relay_1_ON at (20:30:58)
DEBUG:1:Relay_1_ON at (20:30:58)
DEBUG:1: at (20:30:59)
DEBUG:1:relay1_close at Sat Jan 13 20:30:59 2018
DEBUG:1:Relay_1_OFF at (20:30:59)
DEBUG:1:Relay_1_OFF at (20:30:59)
DEBUG:1:Relay_1_OFF at (20:30:59)
DEBUG:1:Relay_1_OFF at (20:30:59)
DEBUG:1: at (20:31:00)
DEBUG:1:relay2_open at Sat Jan 13 20:31:00 2018
DEBUG:1:Relay_2_ON at (20:31:00)
DEBUG:1:Relay_2_ON at (20:31:00)
DEBUG:1:Relay_2_ON at (20:31:00)
DEBUG:1:Relay_2_ON at (20:31:00)
DEBUG:1: at (20:31:00)
DEBUG:1:relay2_close at Sat Jan 13 20:31:00 2018
DEBUG:1:Relay_2_OFF at (20:31:00)
DEBUG:1:Relay_2_OFF at (20:31:00)
DEBUG:1:Relay_2_OFF at (20:31:00)
DEBUG:1:Relay_2_OFF at (20:31:00)
DEBUG:1: at (20:31:05)
DEBUG:1:relay1_open at Sat Jan 13 20:31:05 2018
DEBUG:1:Relay_1_ON at (20:31:05)
DEBUG:1:Relay_1_ON at (20:31:05)
DEBUG:1:Relay_1_ON at (20:31:05)
DEBUG:1:Relay_1_ON at (20:31:05)
DEBUG:1: at (20:31:06)
DEBUG:1:relay1_close at Sat Jan 13 20:31:06 2018
DEBUG:1:Relay_1_OFF at (20:31:06)
DEBUG:1:Relay_1_OFF at (20:31:06)
DEBUG:1:Relay_1_OFF at (20:31:06)
DEBUG:1:Relay_1_OFF at (20:31:06)
DEBUG:1:Connection Successful at Sat Jan 13 20:51:05 2018
DEBUG:1: at (20:51:24)
DEBUG:1:relay1_open at Sat Jan 13 20:51:24 2018
DEBUG:1:Relay_1_ON at (20:51:24)
DEBUG:1: at (20:51:42)
DEBUG:1:relay2_open at Sat Jan 13 20:51:42 2018
DEBUG:1:Relay_2_ON at (20:51:42)
DEBUG:1: at (20:51:46)
DEBUG:1:relay3_open at Sat Jan 13 20:51:46 2018
DEBUG:1:Relay_3_ON at (20:51:46)
DEBUG:1: at (20:51:47)
DEBUG:1:relay4_open at Sat Jan 13 20:51:47 2018
DEBUG:1:Relay_4_ON at (20:51:47)
DEBUG:1: at (20:51:48)
DEBUG:1:relay5_open at Sat Jan 13 20:51:48 2018
DEBUG:1:Relay_5_ON at (20:51:48)
DEBUG:1: at (20:51:49)
DEBUG:1:relay6_open at Sat Jan 13 20:51:49 2018
DEBUG:1:Relay_6_ON at (20:51:49)
DEBUG:1: at (20:51:51)
DEBUG:1:relay7_open at Sat Jan 13 20:51:51 2018
DEBUG:1:Relay_7_ON at (20:51:51)
DEBUG:1: at (20:52:05)
DEBUG:1:relay1_close at Sat Jan 13 20:52:05 2018
DEBUG:1:Relay_1_OFF at (20:52:05)
DEBUG:1: at (20:52:05)
DEBUG:1:relay2_close at Sat Jan 13 20:52:05 2018
DEBUG:1:Relay_2_OFF at (20:52:05)
DEBUG:1: at (20:52:06)
DEBUG:1:relay3_close at Sat Jan 13 20:52:06 2018
DEBUG:1:Relay_3_OFF at (20:52:06)
DEBUG:1: at (20:52:07)
DEBUG:1:relay1_close at Sat Jan 13 20:52:07 2018
DEBUG:1:Relay_4_OFF at (20:52:07)
DEBUG:1: at (20:52:07)
DEBUG:1:relay5_close at Sat Jan 13 20:52:07 2018
DEBUG:1:Relay_5_OFF at (20:52:07)
DEBUG:1: at (20:52:08)
DEBUG:1:relay6_close at Sat Jan 13 20:52:08 2018
DEBUG:1:Relay_6_OFF at (20:52:08)
DEBUG:1: at (20:52:26)
DEBUG:1:relay7_close at Sat Jan 13 20:52:26 2018
DEBUG:1:Relay_7_OFF at (20:52:26)
DEBUG:1: at (20:52:29)
DEBUG:1:relay1_open at Sat Jan 13 20:52:29 2018
DEBUG:1:Relay_1_ON at (20:52:29)
DEBUG:1: at (20:52:30)
DEBUG:1:relay2_open at Sat Jan 13 20:52:30 2018
DEBUG:1:Relay_2_ON at (20:52:30)
DEBUG:1: at (20:52:31)
DEBUG:1:relay3_open at Sat Jan 13 20:52:31 2018
DEBUG:1:Relay_3_ON at (20:52:31)
DEBUG:1: at (20:52:33)
DEBUG:1:relay4_open at Sat Jan 13 20:52:33 2018
DEBUG:1:Relay_4_ON at (20:52:33)
DEBUG:1: at (20:52:34)
DEBUG:1:relay5_open at Sat Jan 13 20:52:34 2018
DEBUG:1:Relay_5_ON at (20:52:34)
DEBUG:1: at (20:52:35)
DEBUG:1:relay6_open at Sat Jan 13 20:52:35 2018
DEBUG:1:Relay_6_ON at (20:52:35)
DEBUG:1: at (20:52:36)
DEBUG:1:relay7_open at Sat Jan 13 20:52:36 2018
DEBUG:1:Relay_7_ON at (20:52:36)
DEBUG:1: at (20:52:39)
DEBUG:1:relay7_close at Sat Jan 13 20:52:39 2018
DEBUG:1:Relay_7_OFF at (20:52:39)
DEBUG:1: at (20:52:40)
DEBUG:1:relay6_close at Sat Jan 13 20:52:40 2018
DEBUG:1:Relay_6_OFF at (20:52:40)
DEBUG:1: at (20:52:41)
DEBUG:1:relay5_close at Sat Jan 13 20:52:41 2018
DEBUG:1:Relay_5_OFF at (20:52:41)
DEBUG:1: at (20:52:42)
DEBUG:1:relay1_close at Sat Jan 13 20:52:42 2018
DEBUG:1:Relay_4_OFF at (20:52:42)
DEBUG:1: at (20:52:43)
DEBUG:1:relay3_close at Sat Jan 13 20:52:43 2018
DEBUG:1:Relay_3_OFF at (20:52:43)
DEBUG:1: at (20:52:45)
DEBUG:1:relay2_close at Sat Jan 13 20:52:45 2018
DEBUG:1:Relay_2_OFF at (20:52:45)
DEBUG:1: at (20:52:46)
DEBUG:1:relay1_close at Sat Jan 13 20:52:46 2018
DEBUG:1:Relay_1_OFF at (20:52:46)
DEBUG:1: at (20:52:57)
DEBUG:1:relay1_open at Sat Jan 13 20:52:57 2018
DEBUG:1:Relay_1_ON at (20:52:57)
DEBUG:1: at (20:52:58)
DEBUG:1:relay2_open at Sat Jan 13 20:52:58 2018
DEBUG:1:Relay_2_ON at (20:52:58)
DEBUG:1: at (20:52:58)
DEBUG:1:relay3_open at Sat Jan 13 20:52:58 2018
DEBUG:1:Relay_3_ON at (20:52:58)
DEBUG:1: at (20:52:59)
DEBUG:1:relay4_open at Sat Jan 13 20:52:59 2018
DEBUG:1:Relay_4_ON at (20:52:59)
DEBUG:1: at (20:53:00)
DEBUG:1:relay5_open at Sat Jan 13 20:53:00 2018
DEBUG:1:Relay_5_ON at (20:53:00)
DEBUG:1: at (20:53:00)
DEBUG:1:relay6_open at Sat Jan 13 20:53:00 2018
DEBUG:1:Relay_6_ON at (20:53:00)
DEBUG:1: at (20:53:01)
DEBUG:1:relay7_open at Sat Jan 13 20:53:01 2018
DEBUG:1:Relay_7_ON at (20:53:01)
DEBUG:1: at (20:53:02)
DEBUG:1:relay7_close at Sat Jan 13 20:53:02 2018
DEBUG:1:Relay_7_OFF at (20:53:02)
DEBUG:1: at (20:53:02)
DEBUG:1:relay6_close at Sat Jan 13 20:53:02 2018
DEBUG:1:Relay_6_OFF at (20:53:02)
DEBUG:1: at (20:53:03)
DEBUG:1:relay5_close at Sat Jan 13 20:53:03 2018
DEBUG:1:Relay_5_OFF at (20:53:03)
DEBUG:1: at (20:53:04)
DEBUG:1:relay1_close at Sat Jan 13 20:53:04 2018
DEBUG:1:Relay_4_OFF at (20:53:04)
DEBUG:1: at (20:53:04)
DEBUG:1:relay3_close at Sat Jan 13 20:53:04 2018
DEBUG:1:Relay_3_OFF at (20:53:04)
DEBUG:1: at (20:53:05)
DEBUG:1:relay2_close at Sat Jan 13 20:53:05 2018
DEBUG:1:Relay_2_OFF at (20:53:05)
DEBUG:1: at (20:53:05)
DEBUG:1:relay1_close at Sat Jan 13 20:53:05 2018
DEBUG:1:Relay_1_OFF at (20:53:05)
DEBUG:1: at (20:53:10)
DEBUG:1:relay1_open at Sat Jan 13 20:53:10 2018
DEBUG:1:Relay_1_ON at (20:53:10)
DEBUG:1: at (20:53:10)
DEBUG:1:relay2_open at Sat Jan 13 20:53:10 2018
DEBUG:1:Relay_2_ON at (20:53:10)
DEBUG:1: at (20:53:10)
DEBUG:1:relay3_open at Sat Jan 13 20:53:10 2018
DEBUG:1:Relay_3_ON at (20:53:10)
DEBUG:1: at (20:53:11)
DEBUG:1:relay4_open at Sat Jan 13 20:53:11 2018
DEBUG:1:Relay_4_ON at (20:53:11)
DEBUG:1: at (20:53:11)
DEBUG:1:relay5_open at Sat Jan 13 20:53:11 2018
DEBUG:1:Relay_5_ON at (20:53:11)
DEBUG:1: at (20:53:12)
DEBUG:1:relay6_open at Sat Jan 13 20:53:12 2018
DEBUG:1:Relay_6_ON at (20:53:12)
DEBUG:1: at (20:53:13)
DEBUG:1:relay7_open at Sat Jan 13 20:53:13 2018
DEBUG:1:Relay_7_ON at (20:53:13)
DEBUG:1: at (20:53:26)
DEBUG:1:relay7_close at Sat Jan 13 20:53:26 2018
DEBUG:1:Relay_7_OFF at (20:53:26)
DEBUG:1: at (20:53:27)
DEBUG:1:relay6_close at Sat Jan 13 20:53:27 2018
DEBUG:1:Relay_6_OFF at (20:53:27)
DEBUG:1: at (20:53:27)
DEBUG:1:relay5_close at Sat Jan 13 20:53:27 2018
DEBUG:1:Relay_5_OFF at (20:53:27)
DEBUG:1: at (20:53:28)
DEBUG:1:relay1_close at Sat Jan 13 20:53:28 2018
DEBUG:1:Relay_4_OFF at (20:53:28)
DEBUG:1: at (20:53:29)
DEBUG:1:relay3_close at Sat Jan 13 20:53:29 2018
DEBUG:1:Relay_3_OFF at (20:53:29)
DEBUG:1: at (20:53:29)
DEBUG:1:relay2_close at Sat Jan 13 20:53:29 2018
DEBUG:1:Relay_2_OFF at (20:53:29)
DEBUG:1: at (20:53:30)
DEBUG:1:relay1_close at Sat Jan 13 20:53:30 2018
DEBUG:1:Relay_1_OFF at (20:53:30)
DEBUG:1: at (20:53:30)
DEBUG:1:relay1_open at Sat Jan 13 20:53:30 2018
DEBUG:1:Relay_1_ON at (20:53:30)
DEBUG:1: at (20:53:31)
DEBUG:1:relay2_open at Sat Jan 13 20:53:31 2018
DEBUG:1:Relay_2_ON at (20:53:31)
DEBUG:1: at (20:53:31)
DEBUG:1:relay3_open at Sat Jan 13 20:53:31 2018
DEBUG:1:Relay_3_ON at (20:53:31)
DEBUG:1: at (20:53:32)
DEBUG:1:relay4_open at Sat Jan 13 20:53:32 2018
DEBUG:1:Relay_4_ON at (20:53:32)
DEBUG:1: at (20:53:32)
DEBUG:1:relay5_open at Sat Jan 13 20:53:32 2018
DEBUG:1:Relay_5_ON at (20:53:32)
DEBUG:1: at (20:53:33)
DEBUG:1:relay6_open at Sat Jan 13 20:53:33 2018
DEBUG:1:Relay_6_ON at (20:53:33)
DEBUG:1: at (20:53:33)
DEBUG:1:relay7_open at Sat Jan 13 20:53:33 2018
DEBUG:1:Relay_7_ON at (20:53:33)
DEBUG:1: at (20:53:34)
DEBUG:1:relay7_close at Sat Jan 13 20:53:34 2018
DEBUG:1:Relay_7_OFF at (20:53:34)
DEBUG:1: at (20:53:34)
DEBUG:1:relay6_close at Sat Jan 13 20:53:34 2018
DEBUG:1:Relay_6_OFF at (20:53:34)
DEBUG:1: at (20:53:34)
DEBUG:1:relay5_close at Sat Jan 13 20:53:34 2018
DEBUG:1:Relay_5_OFF at (20:53:34)
DEBUG:1: at (20:53:36)
DEBUG:1:relay1_close at Sat Jan 13 20:53:36 2018
DEBUG:1:Relay_4_OFF at (20:53:36)
DEBUG:1: at (20:53:36)
DEBUG:1:relay3_close at Sat Jan 13 20:53:36 2018
DEBUG:1:Relay_3_OFF at (20:53:36)
DEBUG:1: at (20:53:37)
DEBUG:1:relay2_close at Sat Jan 13 20:53:37 2018
DEBUG:1:Relay_2_OFF at (20:53:37)
DEBUG:1: at (20:53:37)
DEBUG:1:relay1_close at Sat Jan 13 20:53:37 2018
DEBUG:1:Relay_1_OFF at (20:53:37)
DEBUG:1: at (20:53:58)
DEBUG:1:relay1_open at Sat Jan 13 20:53:58 2018
DEBUG:1:Relay_1_ON at (20:53:58)
DEBUG:1: at (20:53:58)
DEBUG:1:relay2_open at Sat Jan 13 20:53:58 2018
DEBUG:1:Relay_2_ON at (20:53:58)
DEBUG:1: at (20:53:59)
DEBUG:1:relay3_open at Sat Jan 13 20:53:59 2018
DEBUG:1:Relay_3_ON at (20:53:59)
DEBUG:1: at (20:53:59)
DEBUG:1:relay4_open at Sat Jan 13 20:53:59 2018
DEBUG:1:Relay_4_ON at (20:53:59)
DEBUG:1: at (20:54:00)
DEBUG:1:relay5_open at Sat Jan 13 20:54:00 2018
DEBUG:1:Relay_5_ON at (20:54:00)
DEBUG:1: at (20:54:00)
DEBUG:1:relay6_open at Sat Jan 13 20:54:00 2018
DEBUG:1:Relay_6_ON at (20:54:00)
DEBUG:1: at (20:54:01)
DEBUG:1:relay7_open at Sat Jan 13 20:54:01 2018
DEBUG:1:Relay_7_ON at (20:54:01)
DEBUG:1: at (20:54:02)
DEBUG:1:relay7_close at Sat Jan 13 20:54:02 2018
DEBUG:1:Relay_7_OFF at (20:54:02)
DEBUG:1: at (20:54:02)
DEBUG:1:relay6_close at Sat Jan 13 20:54:02 2018
DEBUG:1:Relay_6_OFF at (20:54:02)
DEBUG:1: at (20:54:03)
DEBUG:1:relay5_close at Sat Jan 13 20:54:03 2018
DEBUG:1:Relay_5_OFF at (20:54:03)
DEBUG:1: at (20:54:03)
DEBUG:1:relay1_close at Sat Jan 13 20:54:03 2018
DEBUG:1:Relay_4_OFF at (20:54:03)
DEBUG:1: at (20:54:04)
DEBUG:1:relay3_close at Sat Jan 13 20:54:04 2018
DEBUG:1:Relay_3_OFF at (20:54:04)
DEBUG:1: at (20:54:05)
DEBUG:1:relay2_close at Sat Jan 13 20:54:05 2018
DEBUG:1:Relay_2_OFF at (20:54:05)
DEBUG:1: at (20:54:05)
DEBUG:1:relay1_close at Sat Jan 13 20:54:05 2018
DEBUG:1:Relay_1_OFF at (20:54:05)
DEBUG:1: at (20:54:58)
DEBUG:1:relay1_open at Sat Jan 13 20:54:58 2018
DEBUG:1:Relay_1_ON at (20:54:58)
DEBUG:1: at (20:55:15)
DEBUG:1:relay1_close at Sat Jan 13 20:55:15 2018
DEBUG:1:Relay_1_OFF at (20:55:15)
DEBUG:1: at (20:58:19)
DEBUG:1:relay1_open at Sat Jan 13 20:58:19 2018
DEBUG:1:Relay_1_ON at (20:58:20)
DEBUG:1: at (20:58:20)
DEBUG:1:relay2_open at Sat Jan 13 20:58:20 2018
DEBUG:1:Relay_2_ON at (20:58:20)
DEBUG:1: at (20:58:23)
DEBUG:1:relay3_open at Sat Jan 13 20:58:23 2018
DEBUG:1:Relay_3_ON at (20:58:23)
DEBUG:1: at (20:58:23)
DEBUG:1:relay4_open at Sat Jan 13 20:58:23 2018
DEBUG:1:Relay_4_ON at (20:58:23)
DEBUG:1: at (20:58:24)
DEBUG:1:relay5_open at Sat Jan 13 20:58:24 2018
DEBUG:1:Relay_5_ON at (20:58:24)
DEBUG:1: at (20:58:24)
DEBUG:1:relay6_open at Sat Jan 13 20:58:24 2018
DEBUG:1:Relay_6_ON at (20:58:24)
DEBUG:1: at (20:58:25)
DEBUG:1:relay7_open at Sat Jan 13 20:58:25 2018
DEBUG:1:Relay_7_ON at (20:58:25)
DEBUG:1: at (20:58:25)
DEBUG:1:relay7_close at Sat Jan 13 20:58:25 2018
DEBUG:1:Relay_7_OFF at (20:58:25)
DEBUG:1: at (20:58:26)
DEBUG:1:relay6_close at Sat Jan 13 20:58:26 2018
DEBUG:1:Relay_6_OFF at (20:58:26)
DEBUG:1: at (20:58:26)
DEBUG:1:relay5_close at Sat Jan 13 20:58:26 2018
DEBUG:1:Relay_5_OFF at (20:58:26)
DEBUG:1: at (20:58:27)
DEBUG:1:relay1_close at Sat Jan 13 20:58:27 2018
DEBUG:1:Relay_4_OFF at (20:58:27)
DEBUG:1: at (20:58:27)
DEBUG:1:relay3_close at Sat Jan 13 20:58:27 2018
DEBUG:1:Relay_3_OFF at (20:58:27)
DEBUG:1: at (20:58:28)
DEBUG:1:relay2_close at Sat Jan 13 20:58:28 2018
DEBUG:1:Relay_2_OFF at (20:58:28)
DEBUG:1: at (20:58:29)
DEBUG:1:relay1_close at Sat Jan 13 20:58:29 2018
DEBUG:1:Relay_1_OFF at (20:58:29)
DEBUG:1: at (20:58:32)
DEBUG:1:relay1_open at Sat Jan 13 20:58:32 2018
DEBUG:1:Relay_1_ON at (20:58:32)
DEBUG:1: at (20:58:32)
DEBUG:1:relay2_open at Sat Jan 13 20:58:32 2018
DEBUG:1:Relay_2_ON at (20:58:32)
DEBUG:1: at (20:58:33)
DEBUG:1:relay3_open at Sat Jan 13 20:58:33 2018
DEBUG:1:Relay_3_ON at (20:58:33)
DEBUG:1: at (20:58:33)
DEBUG:1:relay4_open at Sat Jan 13 20:58:33 2018
DEBUG:1:Relay_4_ON at (20:58:33)
DEBUG:1: at (20:58:34)
DEBUG:1:relay5_open at Sat Jan 13 20:58:34 2018
DEBUG:1:Relay_5_ON at (20:58:34)
DEBUG:1: at (20:58:35)
DEBUG:1:relay6_open at Sat Jan 13 20:58:35 2018
DEBUG:1:Relay_6_ON at (20:58:35)
DEBUG:1: at (20:58:35)
DEBUG:1:relay7_open at Sat Jan 13 20:58:35 2018
DEBUG:1:Relay_7_ON at (20:58:35)
DEBUG:1: at (20:58:36)
DEBUG:1:relay7_close at Sat Jan 13 20:58:36 2018
DEBUG:1:Relay_7_OFF at (20:58:36)
DEBUG:1: at (20:58:36)
DEBUG:1:relay6_close at Sat Jan 13 20:58:36 2018
DEBUG:1:Relay_6_OFF at (20:58:36)
DEBUG:1: at (20:58:37)
DEBUG:1:relay5_close at Sat Jan 13 20:58:37 2018
DEBUG:1:Relay_5_OFF at (20:58:37)
DEBUG:1: at (20:58:37)
DEBUG:1:relay1_close at Sat Jan 13 20:58:37 2018
DEBUG:1:Relay_4_OFF at (20:58:37)
DEBUG:1: at (20:58:37)
DEBUG:1:relay3_close at Sat Jan 13 20:58:37 2018
DEBUG:1:Relay_3_OFF at (20:58:37)
DEBUG:1: at (20:58:38)
DEBUG:1:relay2_close at Sat Jan 13 20:58:38 2018
DEBUG:1:Relay_2_OFF at (20:58:38)
DEBUG:1: at (20:58:38)
DEBUG:1:relay1_close at Sat Jan 13 20:58:38 2018
DEBUG:1:Relay_1_OFF at (20:58:38)
DEBUG:1: at (20:58:39)
DEBUG:1:relay1_open at Sat Jan 13 20:58:39 2018
DEBUG:1:Relay_1_ON at (20:58:39)
DEBUG:1: at (20:58:39)
DEBUG:1:relay2_open at Sat Jan 13 20:58:39 2018
DEBUG:1:Relay_2_ON at (20:58:39)
DEBUG:1: at (20:58:40)
DEBUG:1:relay3_open at Sat Jan 13 20:58:40 2018
DEBUG:1:Relay_3_ON at (20:58:40)
DEBUG:1: at (20:58:40)
DEBUG:1:relay4_open at Sat Jan 13 20:58:40 2018
DEBUG:1:Relay_4_ON at (20:58:40)
DEBUG:1: at (20:58:41)
DEBUG:1:relay5_open at Sat Jan 13 20:58:41 2018
DEBUG:1:Relay_5_ON at (20:58:41)
DEBUG:1: at (20:58:41)
DEBUG:1:relay6_open at Sat Jan 13 20:58:41 2018
DEBUG:1:Relay_6_ON at (20:58:41)
DEBUG:1: at (20:58:42)
DEBUG:1:relay7_open at Sat Jan 13 20:58:42 2018
DEBUG:1:Relay_7_ON at (20:58:42)
DEBUG:1: at (20:58:42)
DEBUG:1:relay7_close at Sat Jan 13 20:58:42 2018
DEBUG:1:Relay_7_OFF at (20:58:42)
DEBUG:1: at (20:58:43)
DEBUG:1:relay6_close at Sat Jan 13 20:58:43 2018
DEBUG:1:Relay_6_OFF at (20:58:43)
DEBUG:1: at (20:58:43)
DEBUG:1:relay5_close at Sat Jan 13 20:58:43 2018
DEBUG:1:Relay_5_OFF at (20:58:43)
DEBUG:1: at (20:58:43)
DEBUG:1:relay1_close at Sat Jan 13 20:58:43 2018
DEBUG:1:Relay_4_OFF at (20:58:43)
DEBUG:1: at (20:58:44)
DEBUG:1:relay3_close at Sat Jan 13 20:58:44 2018
DEBUG:1:Relay_3_OFF at (20:58:44)
DEBUG:1: at (20:58:45)
DEBUG:1:relay2_close at Sat Jan 13 20:58:45 2018
DEBUG:1:Relay_2_OFF at (20:58:45)
DEBUG:1: at (20:58:45)
DEBUG:1:relay1_close at Sat Jan 13 20:58:45 2018
DEBUG:1:Relay_1_OFF at (20:58:45)
DEBUG:1: at (21:00:33)
DEBUG:1:relay1_open at Sat Jan 13 21:00:33 2018
DEBUG:1:Relay_1_ON at (21:00:33)
DEBUG:1: at (21:00:35)
DEBUG:1:relay2_open at Sat Jan 13 21:00:35 2018
DEBUG:1:Relay_2_ON at (21:00:35)
DEBUG:1: at (21:00:37)
DEBUG:1:relay3_open at Sat Jan 13 21:00:37 2018
DEBUG:1:Relay_3_ON at (21:00:37)
DEBUG:1: at (21:00:39)
DEBUG:1:relay4_open at Sat Jan 13 21:00:39 2018
DEBUG:1:Relay_4_ON at (21:00:39)
DEBUG:1: at (21:00:42)
DEBUG:1:relay5_open at Sat Jan 13 21:00:42 2018
DEBUG:1:Relay_5_ON at (21:00:42)
DEBUG:1: at (21:00:44)
DEBUG:1:relay6_open at Sat Jan 13 21:00:44 2018
DEBUG:1:Relay_6_ON at (21:00:44)
DEBUG:1: at (21:00:47)
DEBUG:1:relay7_open at Sat Jan 13 21:00:47 2018
DEBUG:1:Relay_7_ON at (21:00:47)
DEBUG:1: at (21:00:49)
DEBUG:1:relay1_close at Sat Jan 13 21:00:49 2018
DEBUG:1:Relay_1_OFF at (21:00:49)
DEBUG:1: at (21:00:49)
DEBUG:1:relay2_close at Sat Jan 13 21:00:49 2018
DEBUG:1:Relay_2_OFF at (21:00:49)
DEBUG:1: at (21:00:50)
DEBUG:1:relay3_close at Sat Jan 13 21:00:50 2018
DEBUG:1:Relay_3_OFF at (21:00:50)
DEBUG:1: at (21:00:51)
DEBUG:1:relay1_close at Sat Jan 13 21:00:51 2018
DEBUG:1:Relay_4_OFF at (21:00:51)
DEBUG:1: at (21:00:51)
DEBUG:1:relay5_close at Sat Jan 13 21:00:51 2018
DEBUG:1:Relay_5_OFF at (21:00:51)
DEBUG:1: at (21:00:52)
DEBUG:1:relay6_close at Sat Jan 13 21:00:52 2018
DEBUG:1:Relay_6_OFF at (21:00:52)
DEBUG:1: at (21:01:08)
DEBUG:1:relay7_close at Sat Jan 13 21:01:08 2018
DEBUG:1:Relay_7_OFF at (21:01:08)
DEBUG:1: at (21:01:10)
DEBUG:1:relay1_open at Sat Jan 13 21:01:10 2018
DEBUG:1:Relay_1_ON at (21:01:10)
DEBUG:1: at (21:01:11)
DEBUG:1:relay2_open at Sat Jan 13 21:01:11 2018
DEBUG:1:Relay_2_ON at (21:01:11)
DEBUG:1: at (21:01:11)
DEBUG:1:relay3_open at Sat Jan 13 21:01:11 2018
DEBUG:1:Relay_3_ON at (21:01:11)
DEBUG:1: at (21:01:11)
DEBUG:1:relay4_open at Sat Jan 13 21:01:11 2018
DEBUG:1:Relay_4_ON at (21:01:11)
DEBUG:1: at (21:01:12)
DEBUG:1:relay5_open at Sat Jan 13 21:01:12 2018
DEBUG:1:Relay_5_ON at (21:01:12)
DEBUG:1: at (21:01:13)
DEBUG:1:relay6_open at Sat Jan 13 21:01:13 2018
DEBUG:1:Relay_6_ON at (21:01:13)
DEBUG:1: at (21:01:13)
DEBUG:1:relay7_open at Sat Jan 13 21:01:13 2018
DEBUG:1:Relay_7_ON at (21:01:13)
DEBUG:1: at (21:01:14)
DEBUG:1:relay7_close at Sat Jan 13 21:01:14 2018
DEBUG:1:Relay_7_OFF at (21:01:14)
DEBUG:1: at (21:01:14)
DEBUG:1:relay6_close at Sat Jan 13 21:01:14 2018
DEBUG:1:Relay_6_OFF at (21:01:14)
DEBUG:1: at (21:01:14)
DEBUG:1:relay5_close at Sat Jan 13 21:01:14 2018
DEBUG:1:Relay_5_OFF at (21:01:14)
DEBUG:1: at (21:01:15)
DEBUG:1:relay1_close at Sat Jan 13 21:01:15 2018
DEBUG:1:Relay_4_OFF at (21:01:15)
DEBUG:1: at (21:01:15)
DEBUG:1:relay3_close at Sat Jan 13 21:01:15 2018
DEBUG:1:Relay_3_OFF at (21:01:15)
DEBUG:1: at (21:01:16)
DEBUG:1:relay2_close at Sat Jan 13 21:01:16 2018
DEBUG:1:Relay_2_OFF at (21:01:16)
DEBUG:1: at (21:01:16)
DEBUG:1:relay1_close at Sat Jan 13 21:01:16 2018
DEBUG:1:Relay_1_OFF at (21:01:16)
DEBUG:1: at (21:01:17)
DEBUG:1:relay2_open at Sat Jan 13 21:01:17 2018
DEBUG:1:Relay_2_ON at (21:01:17)
DEBUG:1: at (21:01:17)
DEBUG:1:relay4_open at Sat Jan 13 21:01:17 2018
DEBUG:1:Relay_4_ON at (21:01:17)
DEBUG:1: at (21:01:18)
DEBUG:1:relay6_open at Sat Jan 13 21:01:18 2018
DEBUG:1:Relay_6_ON at (21:01:18)
DEBUG:1: at (21:01:18)
DEBUG:1:relay7_open at Sat Jan 13 21:01:18 2018
DEBUG:1:Relay_7_ON at (21:01:18)
DEBUG:1: at (21:01:19)
DEBUG:1:relay5_open at Sat Jan 13 21:01:19 2018
DEBUG:1:Relay_5_ON at (21:01:19)
DEBUG:1: at (21:01:19)
DEBUG:1:relay6_close at Sat Jan 13 21:01:19 2018
DEBUG:1:Relay_6_OFF at (21:01:19)
DEBUG:1: at (21:01:20)
DEBUG:1:relay1_close at Sat Jan 13 21:01:20 2018
DEBUG:1:Relay_4_OFF at (21:01:20)
DEBUG:1: at (21:01:22)
DEBUG:1:relay1_open at Sat Jan 13 21:01:22 2018
DEBUG:1:Relay_1_ON at (21:01:22)
DEBUG:1: at (21:01:22)
DEBUG:1:relay2_close at Sat Jan 13 21:01:22 2018
DEBUG:1:Relay_2_OFF at (21:01:22)
DEBUG:1: at (21:01:22)
DEBUG:1:relay3_open at Sat Jan 13 21:01:22 2018
DEBUG:1:Relay_3_ON at (21:01:22)
DEBUG:1: at (21:01:23)
DEBUG:1:relay4_open at Sat Jan 13 21:01:23 2018
DEBUG:1:Relay_4_ON at (21:01:23)
DEBUG:1: at (21:01:23)
DEBUG:1:relay5_close at Sat Jan 13 21:01:23 2018
DEBUG:1:Relay_5_OFF at (21:01:23)
DEBUG:1: at (21:01:24)
DEBUG:1:relay6_open at Sat Jan 13 21:01:24 2018
DEBUG:1:Relay_6_ON at (21:01:24)
DEBUG:1: at (21:01:24)
DEBUG:1:relay7_close at Sat Jan 13 21:01:24 2018
DEBUG:1:Relay_7_OFF at (21:01:24)
DEBUG:1: at (21:01:28)
DEBUG:1:relay6_close at Sat Jan 13 21:01:28 2018
DEBUG:1:Relay_6_OFF at (21:01:28)
DEBUG:1: at (21:01:28)
DEBUG:1:relay1_close at Sat Jan 13 21:01:28 2018
DEBUG:1:Relay_4_OFF at (21:01:28)
DEBUG:1: at (21:01:29)
DEBUG:1:relay3_close at Sat Jan 13 21:01:29 2018
DEBUG:1:Relay_3_OFF at (21:01:29)
DEBUG:1: at (21:01:29)
DEBUG:1:relay1_close at Sat Jan 13 21:01:29 2018
DEBUG:1:Relay_1_OFF at (21:01:29)
DEBUG:1: at (21:02:43)
DEBUG:1:relay1_open at Sat Jan 13 21:02:43 2018
DEBUG:1:Relay_1_ON at (21:02:43)
DEBUG:1: at (21:02:44)
DEBUG:1:relay2_open at Sat Jan 13 21:02:44 2018
DEBUG:1:Relay_2_ON at (21:02:44)
DEBUG:1: at (21:02:45)
DEBUG:1:relay3_open at Sat Jan 13 21:02:45 2018
DEBUG:1:Relay_3_ON at (21:02:45)
DEBUG:1: at (21:02:46)
DEBUG:1:relay4_open at Sat Jan 13 21:02:46 2018
DEBUG:1:Relay_4_ON at (21:02:46)
DEBUG:1: at (21:02:46)
DEBUG:1:relay5_open at Sat Jan 13 21:02:46 2018
DEBUG:1:Relay_5_ON at (21:02:46)
DEBUG:1: at (21:02:46)
DEBUG:1:relay6_open at Sat Jan 13 21:02:46 2018
DEBUG:1:Relay_6_ON at (21:02:46)
DEBUG:1: at (21:02:47)
DEBUG:1:relay7_open at Sat Jan 13 21:02:47 2018
DEBUG:1:Relay_7_ON at (21:02:47)
DEBUG:1: at (21:02:47)
DEBUG:1:relay7_close at Sat Jan 13 21:02:47 2018
DEBUG:1:Relay_7_OFF at (21:02:47)
DEBUG:1: at (21:02:48)
DEBUG:1:relay6_close at Sat Jan 13 21:02:48 2018
DEBUG:1:Relay_6_OFF at (21:02:48)
DEBUG:1: at (21:02:48)
DEBUG:1:relay5_close at Sat Jan 13 21:02:48 2018
DEBUG:1:Relay_5_OFF at (21:02:48)
DEBUG:1: at (21:02:49)
DEBUG:1:relay1_close at Sat Jan 13 21:02:49 2018
DEBUG:1:Relay_4_OFF at (21:02:49)
DEBUG:1: at (21:02:49)
DEBUG:1:relay3_close at Sat Jan 13 21:02:49 2018
DEBUG:1:Relay_3_OFF at (21:02:49)
DEBUG:1: at (21:02:50)
DEBUG:1:relay2_close at Sat Jan 13 21:02:50 2018
DEBUG:1:Relay_2_OFF at (21:02:50)
DEBUG:1: at (21:02:51)
DEBUG:1:relay1_close at Sat Jan 13 21:02:51 2018
DEBUG:1:Relay_1_OFF at (21:02:51)
DEBUG:1: at (21:02:51)
DEBUG:1:relay1_open at Sat Jan 13 21:02:51 2018
DEBUG:1:Relay_1_ON at (21:02:51)
DEBUG:1: at (21:02:52)
DEBUG:1:relay2_open at Sat Jan 13 21:02:52 2018
DEBUG:1:Relay_2_ON at (21:02:52)
DEBUG:1: at (21:02:52)
DEBUG:1:relay4_open at Sat Jan 13 21:02:52 2018
DEBUG:1:Relay_4_ON at (21:02:52)
DEBUG:1: at (21:02:53)
DEBUG:1:relay3_open at Sat Jan 13 21:02:53 2018
DEBUG:1:Relay_3_ON at (21:02:53)
DEBUG:1: at (21:02:57)
DEBUG:1:relay5_open at Sat Jan 13 21:02:57 2018
DEBUG:1:Relay_5_ON at (21:02:57)
DEBUG:1: at (21:02:57)
DEBUG:1:relay6_open at Sat Jan 13 21:02:57 2018
DEBUG:1:Relay_6_ON at (21:02:57)
DEBUG:1: at (21:02:59)
DEBUG:1:relay7_open at Sat Jan 13 21:02:59 2018
DEBUG:1:Relay_7_ON at (21:02:59)
DEBUG:1: at (21:03:00)
DEBUG:1:relay7_close at Sat Jan 13 21:03:00 2018
DEBUG:1:Relay_7_OFF at (21:03:00)
DEBUG:1: at (21:03:01)
DEBUG:1:relay6_close at Sat Jan 13 21:03:01 2018
DEBUG:1:Relay_6_OFF at (21:03:01)
DEBUG:1: at (21:03:01)
DEBUG:1:relay5_close at Sat Jan 13 21:03:01 2018
DEBUG:1:Relay_5_OFF at (21:03:01)
DEBUG:1: at (21:03:01)
DEBUG:1:relay1_close at Sat Jan 13 21:03:01 2018
DEBUG:1:Relay_4_OFF at (21:03:01)
DEBUG:1: at (21:03:02)
DEBUG:1:relay3_close at Sat Jan 13 21:03:02 2018
DEBUG:1:Relay_3_OFF at (21:03:02)
DEBUG:1: at (21:03:02)
DEBUG:1:relay2_close at Sat Jan 13 21:03:02 2018
DEBUG:1:Relay_2_OFF at (21:03:02)
DEBUG:1: at (21:03:03)
DEBUG:1:relay1_close at Sat Jan 13 21:03:03 2018
DEBUG:1:Relay_1_OFF at (21:03:03)
DEBUG:1: at (21:03:03)
DEBUG:1:relay1_open at Sat Jan 13 21:03:03 2018
DEBUG:1:Relay_1_ON at (21:03:03)
DEBUG:1: at (21:03:04)
DEBUG:1:relay3_open at Sat Jan 13 21:03:04 2018
DEBUG:1:Relay_3_ON at (21:03:04)
DEBUG:1: at (21:03:05)
DEBUG:1:relay2_open at Sat Jan 13 21:03:05 2018
DEBUG:1:Relay_2_ON at (21:03:05)
DEBUG:1: at (21:03:07)
DEBUG:1:relay4_open at Sat Jan 13 21:03:07 2018
DEBUG:1:Relay_4_ON at (21:03:07)
DEBUG:1: at (21:03:10)
DEBUG:1:relay5_open at Sat Jan 13 21:03:10 2018
DEBUG:1:Relay_5_ON at (21:03:10)
DEBUG:1: at (21:03:12)
DEBUG:1:relay6_open at Sat Jan 13 21:03:12 2018
DEBUG:1:Relay_6_ON at (21:03:12)
DEBUG:1: at (21:03:14)
DEBUG:1:relay7_open at Sat Jan 13 21:03:14 2018
DEBUG:1:Relay_7_ON at (21:03:14)
DEBUG:1: at (21:03:18)
DEBUG:1:relay7_close at Sat Jan 13 21:03:18 2018
DEBUG:1:Relay_7_OFF at (21:03:18)
DEBUG:1: at (21:03:21)
DEBUG:1:relay6_close at Sat Jan 13 21:03:21 2018
DEBUG:1:Relay_6_OFF at (21:03:21)
DEBUG:1: at (21:03:23)
DEBUG:1:relay5_close at Sat Jan 13 21:03:23 2018
DEBUG:1:Relay_5_OFF at (21:03:23)
DEBUG:1: at (21:03:26)
DEBUG:1:relay1_close at Sat Jan 13 21:03:26 2018
DEBUG:1:Relay_4_OFF at (21:03:26)
DEBUG:1: at (21:03:28)
DEBUG:1:relay3_close at Sat Jan 13 21:03:28 2018
DEBUG:1:Relay_3_OFF at (21:03:28)
DEBUG:1: at (21:03:31)
DEBUG:1:relay2_close at Sat Jan 13 21:03:31 2018
DEBUG:1:Relay_2_OFF at (21:03:31)
DEBUG:1: at (21:03:33)
DEBUG:1:relay1_close at Sat Jan 13 21:03:33 2018
DEBUG:1:Relay_1_OFF at (21:03:33)
DEBUG:1: at (21:03:37)
DEBUG:1:relay2_open at Sat Jan 13 21:03:37 2018
DEBUG:1:Relay_2_ON at (21:03:37)
DEBUG:1: at (21:03:39)
DEBUG:1:relay2_close at Sat Jan 13 21:03:39 2018
DEBUG:1:Relay_2_OFF at (21:03:39)
DEBUG:1: at (21:03:41)
DEBUG:1:relay2_open at Sat Jan 13 21:03:41 2018
DEBUG:1:Relay_2_ON at (21:03:41)
DEBUG:1: at (21:03:43)
DEBUG:1:relay2_close at Sat Jan 13 21:03:43 2018
DEBUG:1:Relay_2_OFF at (21:03:43)
DEBUG:1: at (21:03:45)
DEBUG:1:relay2_open at Sat Jan 13 21:03:45 2018
DEBUG:1:Relay_2_ON at (21:03:45)
DEBUG:1: at (21:03:49)
DEBUG:1:relay2_close at Sat Jan 13 21:03:49 2018
DEBUG:1:Relay_2_OFF at (21:03:49)
DEBUG:1: at (21:03:51)
DEBUG:1:relay2_open at Sat Jan 13 21:03:51 2018
DEBUG:1:Relay_2_ON at (21:03:51)
DEBUG:1: at (21:03:53)
DEBUG:1:relay2_close at Sat Jan 13 21:03:53 2018
DEBUG:1:Relay_2_OFF at (21:03:53)
DEBUG:1: at (21:03:56)
DEBUG:1:relay2_open at Sat Jan 13 21:03:56 2018
DEBUG:1:Relay_2_ON at (21:03:56)
DEBUG:1: at (21:03:59)
DEBUG:1:relay2_close at Sat Jan 13 21:03:59 2018
DEBUG:1:Relay_2_OFF at (21:03:59)
DEBUG:1: at (21:04:01)
DEBUG:1:relay1_open at Sat Jan 13 21:04:01 2018
DEBUG:1:Relay_1_ON at (21:04:01)
DEBUG:1: at (21:04:03)
DEBUG:1:relay1_close at Sat Jan 13 21:04:03 2018
DEBUG:1:Relay_1_OFF at (21:04:03)
DEBUG:1: at (21:04:05)
DEBUG:1:relay1_open at Sat Jan 13 21:04:05 2018
DEBUG:1:Relay_1_ON at (21:04:05)
DEBUG:1: at (21:04:07)
DEBUG:1:relay1_close at Sat Jan 13 21:04:07 2018
DEBUG:1:Relay_1_OFF at (21:04:07)
DEBUG:1: at (21:04:08)
DEBUG:1:relay2_open at Sat Jan 13 21:04:08 2018
DEBUG:1:Relay_2_ON at (21:04:08)
DEBUG:1: at (21:04:10)
DEBUG:1:relay2_close at Sat Jan 13 21:04:10 2018
DEBUG:1:Relay_2_OFF at (21:04:10)
DEBUG:1: at (21:04:11)
DEBUG:1:relay2_open at Sat Jan 13 21:04:11 2018
DEBUG:1:Relay_2_ON at (21:04:11)
DEBUG:1: at (21:04:13)
DEBUG:1:relay2_close at Sat Jan 13 21:04:13 2018
DEBUG:1:Relay_2_OFF at (21:04:13)
DEBUG:1: at (21:04:15)
DEBUG:1:relay3_open at Sat Jan 13 21:04:15 2018
DEBUG:1:Relay_3_ON at (21:04:15)
DEBUG:1: at (21:04:16)
DEBUG:1:relay3_close at Sat Jan 13 21:04:16 2018
DEBUG:1:Relay_3_OFF at (21:04:16)
DEBUG:1: at (21:04:18)
DEBUG:1:relay3_open at Sat Jan 13 21:04:18 2018
DEBUG:1:Relay_3_ON at (21:04:18)
DEBUG:1: at (21:04:19)
DEBUG:1:relay3_close at Sat Jan 13 21:04:19 2018
DEBUG:1:Relay_3_OFF at (21:04:19)
DEBUG:1: at (21:04:22)
DEBUG:1:relay2_open at Sat Jan 13 21:04:22 2018
DEBUG:1:Relay_2_ON at (21:04:22)
DEBUG:1: at (21:04:23)
DEBUG:1:relay2_close at Sat Jan 13 21:04:23 2018
DEBUG:1:Relay_2_OFF at (21:04:23)
DEBUG:1: at (21:04:25)
DEBUG:1:relay4_open at Sat Jan 13 21:04:25 2018
DEBUG:1:Relay_4_ON at (21:04:25)
DEBUG:1: at (21:04:27)
DEBUG:1:relay1_close at Sat Jan 13 21:04:27 2018
DEBUG:1:Relay_4_OFF at (21:04:27)
DEBUG:1: at (21:04:29)
DEBUG:1:relay4_open at Sat Jan 13 21:04:29 2018
DEBUG:1:Relay_4_ON at (21:04:29)
DEBUG:1: at (21:04:30)
DEBUG:1:relay1_close at Sat Jan 13 21:04:30 2018
DEBUG:1:Relay_4_OFF at (21:04:30)
DEBUG:1: at (21:04:32)
DEBUG:1:relay2_open at Sat Jan 13 21:04:32 2018
DEBUG:1:Relay_2_ON at (21:04:32)
DEBUG:1: at (21:04:33)
DEBUG:1:relay2_close at Sat Jan 13 21:04:33 2018
DEBUG:1:Relay_2_OFF at (21:04:33)
DEBUG:1: at (21:04:35)
DEBUG:1:relay5_open at Sat Jan 13 21:04:35 2018
DEBUG:1:Relay_5_ON at (21:04:35)
DEBUG:1: at (21:04:36)
DEBUG:1:relay5_close at Sat Jan 13 21:04:36 2018
DEBUG:1:Relay_5_OFF at (21:04:36)
DEBUG:1: at (21:04:38)
DEBUG:1:relay5_open at Sat Jan 13 21:04:38 2018
DEBUG:1:Relay_5_ON at (21:04:38)
DEBUG:1: at (21:04:39)
DEBUG:1:relay5_close at Sat Jan 13 21:04:39 2018
DEBUG:1:Relay_5_OFF at (21:04:39)
DEBUG:1: at (21:04:41)
DEBUG:1:relay6_open at Sat Jan 13 21:04:41 2018
DEBUG:1:Relay_6_ON at (21:04:41)
DEBUG:1: at (21:04:44)
DEBUG:1:relay6_close at Sat Jan 13 21:04:44 2018
DEBUG:1:Relay_6_OFF at (21:04:44)
DEBUG:1: at (21:04:45)
DEBUG:1:relay6_open at Sat Jan 13 21:04:45 2018
DEBUG:1:Relay_6_ON at (21:04:45)
DEBUG:1: at (21:04:47)
DEBUG:1:relay6_close at Sat Jan 13 21:04:47 2018
DEBUG:1:Relay_6_OFF at (21:04:47)
DEBUG:1: at (21:04:48)
DEBUG:1:relay7_open at Sat Jan 13 21:04:48 2018
DEBUG:1:Relay_7_ON at (21:04:48)
DEBUG:1: at (21:04:50)
DEBUG:1:relay7_close at Sat Jan 13 21:04:50 2018
DEBUG:1:Relay_7_OFF at (21:04:50)
DEBUG:1: at (21:04:51)
DEBUG:1:relay7_open at Sat Jan 13 21:04:51 2018
DEBUG:1:Relay_7_ON at (21:04:51)
DEBUG:1: at (21:04:53)
DEBUG:1:relay7_close at Sat Jan 13 21:04:53 2018
DEBUG:1:Relay_7_OFF at (21:04:53)
DEBUG:1: at (21:04:55)
DEBUG:1:relay7_open at Sat Jan 13 21:04:55 2018
DEBUG:1:Relay_7_ON at (21:04:55)
DEBUG:1: at (21:04:56)
DEBUG:1:relay6_open at Sat Jan 13 21:04:56 2018
DEBUG:1:Relay_6_ON at (21:04:56)
DEBUG:1: at (21:04:56)
DEBUG:1:relay4_open at Sat Jan 13 21:04:56 2018
DEBUG:1:Relay_4_ON at (21:04:56)
DEBUG:1: at (21:04:57)
DEBUG:1:relay2_open at Sat Jan 13 21:04:57 2018
DEBUG:1:Relay_2_ON at (21:04:57)
DEBUG:1: at (21:05:01)
DEBUG:1:relay2_close at Sat Jan 13 21:05:01 2018
DEBUG:1:Relay_2_OFF at (21:05:01)
DEBUG:1: at (21:05:02)
DEBUG:1:relay1_close at Sat Jan 13 21:05:02 2018
DEBUG:1:Relay_4_OFF at (21:05:02)
DEBUG:1: at (21:05:03)
DEBUG:1:relay6_close at Sat Jan 13 21:05:03 2018
DEBUG:1:Relay_6_OFF at (21:05:03)
DEBUG:1: at (21:05:03)
DEBUG:1:relay7_close at Sat Jan 13 21:05:03 2018
DEBUG:1:Relay_7_OFF at (21:05:03)
DEBUG:1: at (21:05:04)
DEBUG:1:relay7_open at Sat Jan 13 21:05:04 2018
DEBUG:1:Relay_7_ON at (21:05:04)
DEBUG:1: at (21:05:04)
DEBUG:1:relay6_open at Sat Jan 13 21:05:04 2018
DEBUG:1:Relay_6_ON at (21:05:04)
DEBUG:1: at (21:05:05)
DEBUG:1:relay4_open at Sat Jan 13 21:05:05 2018
DEBUG:1:Relay_4_ON at (21:05:05)
DEBUG:1: at (21:05:05)
DEBUG:1:relay2_open at Sat Jan 13 21:05:05 2018
DEBUG:1:Relay_2_ON at (21:05:05)
DEBUG:1: at (21:05:06)
DEBUG:1:relay2_close at Sat Jan 13 21:05:06 2018
DEBUG:1:Relay_2_OFF at (21:05:06)
DEBUG:1: at (21:05:07)
DEBUG:1:relay1_close at Sat Jan 13 21:05:07 2018
DEBUG:1:Relay_4_OFF at (21:05:07)
DEBUG:1: at (21:05:07)
DEBUG:1:relay6_close at Sat Jan 13 21:05:07 2018
DEBUG:1:Relay_6_OFF at (21:05:07)
DEBUG:1: at (21:05:07)
DEBUG:1:relay7_close at Sat Jan 13 21:05:07 2018
DEBUG:1:Relay_7_OFF at (21:05:07)
DEBUG:1: at (21:05:08)
DEBUG:1:relay7_open at Sat Jan 13 21:05:08 2018
DEBUG:1:Relay_7_ON at (21:05:08)
DEBUG:1: at (21:05:08)
DEBUG:1:relay6_open at Sat Jan 13 21:05:08 2018
DEBUG:1:Relay_6_ON at (21:05:08)
DEBUG:1: at (21:05:09)
DEBUG:1:relay4_open at Sat Jan 13 21:05:09 2018
DEBUG:1:Relay_4_ON at (21:05:09)
DEBUG:1: at (21:05:10)
DEBUG:1:relay2_open at Sat Jan 13 21:05:10 2018
DEBUG:1:Relay_2_ON at (21:05:10)
DEBUG:1: at (21:05:11)
DEBUG:1:relay2_close at Sat Jan 13 21:05:11 2018
DEBUG:1:Relay_2_OFF at (21:05:11)
DEBUG:1: at (21:05:11)
DEBUG:1:relay1_close at Sat Jan 13 21:05:11 2018
DEBUG:1:Relay_4_OFF at (21:05:11)
DEBUG:1: at (21:05:12)
DEBUG:1:relay7_close at Sat Jan 13 21:05:12 2018
DEBUG:1:Relay_7_OFF at (21:05:12)
DEBUG:1: at (21:05:12)
DEBUG:1:relay6_close at Sat Jan 13 21:05:12 2018
DEBUG:1:Relay_6_OFF at (21:05:12)
DEBUG:1: at (21:05:13)
DEBUG:1:relay7_open at Sat Jan 13 21:05:13 2018
DEBUG:1:Relay_7_ON at (21:05:13)
DEBUG:1: at (21:05:13)
DEBUG:1:relay6_open at Sat Jan 13 21:05:13 2018
DEBUG:1:Relay_6_ON at (21:05:13)
DEBUG:1: at (21:05:14)
DEBUG:1:relay4_open at Sat Jan 13 21:05:14 2018
DEBUG:1:Relay_4_ON at (21:05:14)
DEBUG:1: at (21:05:15)
DEBUG:1:relay2_open at Sat Jan 13 21:05:15 2018
DEBUG:1:Relay_2_ON at (21:05:15)
DEBUG:1: at (21:05:17)
DEBUG:1:relay2_close at Sat Jan 13 21:05:17 2018
DEBUG:1:Relay_2_OFF at (21:05:17)
DEBUG:1: at (21:05:18)
DEBUG:1:relay2_open at Sat Jan 13 21:05:18 2018
DEBUG:1:Relay_2_ON at (21:05:18)
DEBUG:1: at (21:05:18)
DEBUG:1:relay2_close at Sat Jan 13 21:05:18 2018
DEBUG:1:Relay_2_OFF at (21:05:18)
DEBUG:1: at (21:05:18)
DEBUG:1:relay2_open at Sat Jan 13 21:05:18 2018
DEBUG:1:Relay_2_ON at (21:05:18)
DEBUG:1: at (21:05:18)
DEBUG:1:relay2_close at Sat Jan 13 21:05:18 2018
DEBUG:1:Relay_2_OFF at (21:05:18)
DEBUG:1: at (21:05:19)
DEBUG:1:relay2_open at Sat Jan 13 21:05:19 2018
DEBUG:1:Relay_2_ON at (21:05:19)
DEBUG:1: at (21:05:19)
DEBUG:1:relay2_close at Sat Jan 13 21:05:19 2018
DEBUG:1:Relay_2_OFF at (21:05:19)
DEBUG:1: at (21:05:19)
DEBUG:1:relay2_open at Sat Jan 13 21:05:19 2018
DEBUG:1:Relay_2_ON at (21:05:19)
DEBUG:1: at (21:06:02)
DEBUG:1:relay2_close at Sat Jan 13 21:06:02 2018
DEBUG:1:Relay_2_OFF at (21:06:02)
DEBUG:1: at (21:06:03)
DEBUG:1:relay1_close at Sat Jan 13 21:06:03 2018
DEBUG:1:Relay_4_OFF at (21:06:03)
DEBUG:1: at (21:06:03)
DEBUG:1:relay6_close at Sat Jan 13 21:06:03 2018
DEBUG:1:Relay_6_OFF at (21:06:03)
DEBUG:1: at (21:06:04)
DEBUG:1:relay7_close at Sat Jan 13 21:06:04 2018
DEBUG:1:Relay_7_OFF at (21:06:04)
