DEBUG:1:Connection Successful at Wed Jan 17 18:43:27 2018
DEBUG:1: at (18:43:40)
DEBUG:1:relay1_open at Wed Jan 17 18:43:40 2018
DEBUG:1:Relay_1_ON at (18:43:40)
DEBUG:1: at (18:43:40)
DEBUG:1:relay2_open at Wed Jan 17 18:43:40 2018
DEBUG:1:Relay_2_ON at (18:43:40)
DEBUG:1: at (18:43:41)
DEBUG:1:relay3_open at Wed Jan 17 18:43:41 2018
DEBUG:1:Relay_3_ON at (18:43:41)
DEBUG:1: at (18:43:41)
DEBUG:1:relay4_open at Wed Jan 17 18:43:41 2018
DEBUG:1:Relay_4_ON at (18:43:41)
DEBUG:1: at (18:43:47)
DEBUG:1:Vents Close at Wed Jan 17 18:43:47 2018
DEBUG:1: at (18:43:51)
DEBUG:1:Vents Open at Wed Jan 17 18:43:51 2018
DEBUG:1: at (18:45:49)
DEBUG:1:relay1_close at Wed Jan 17 18:45:49 2018
DEBUG:1:Relay_1_OFF at (18:45:49)
DEBUG:1: at (18:45:54)
DEBUG:1:relay2_close at Wed Jan 17 18:45:54 2018
DEBUG:1:Relay_2_OFF at (18:45:54)
DEBUG:1: at (18:46:21)
DEBUG:1:relay5_open at Wed Jan 17 18:46:21 2018
DEBUG:1:Relay_5_ON at (18:46:21)
DEBUG:1: at (18:46:40)
DEBUG:1:relay5_close at Wed Jan 17 18:46:40 2018
DEBUG:1:Relay_5_OFF at (18:46:40)
DEBUG:1: at (18:46:43)
DEBUG:1:relay5_open at Wed Jan 17 18:46:43 2018
DEBUG:1:Relay_5_ON at (18:46:43)
DEBUG:1: at (18:47:09)
DEBUG:1:Vents Close at Wed Jan 17 18:47:09 2018
DEBUG:1: at (18:47:11)
DEBUG:1:Vents Close at Wed Jan 17 18:47:11 2018
DEBUG:1: at (18:48:23)
DEBUG:1:Vents Open at Wed Jan 17 18:48:23 2018
DEBUG:1: at (18:48:25)
DEBUG:1:Vents Close at Wed Jan 17 18:48:25 2018
DEBUG:1: at (18:48:34)
DEBUG:1:relay1_close at Wed Jan 17 18:48:34 2018
DEBUG:1:Relay_4_OFF at (18:48:34)
DEBUG:1: at (18:48:36)
DEBUG:1:relay4_open at Wed Jan 17 18:48:36 2018
DEBUG:1:Relay_4_ON at (18:48:36)
DEBUG:1: at (18:48:42)
DEBUG:1:relay1_open at Wed Jan 17 18:48:42 2018
DEBUG:1:Relay_1_ON at (18:48:42)
DEBUG:1: at (18:48:52)
DEBUG:1:relay2_open at Wed Jan 17 18:48:52 2018
DEBUG:1:Relay_2_ON at (18:48:52)
DEBUG:1: at (18:48:56)
DEBUG:1:relay5_close at Wed Jan 17 18:48:56 2018
DEBUG:1:Relay_5_OFF at (18:48:56)
