DEBUG:1:Connection Successful at Mon Jan 15 15:38:29 2018
DEBUG:1: at (15:38:39)
DEBUG:1:relay6_open at Mon Jan 15 15:38:39 2018
DEBUG:1:Relay_6_ON at (15:38:39)
DEBUG:1: at (15:38:44)
DEBUG:1:relay6_close at Mon Jan 15 15:38:44 2018
DEBUG:1:Relay_6_OFF at (15:38:44)
DEBUG:1: at (15:39:02)
DEBUG:1:Vents Close at Mon Jan 15 15:39:02 2018
DEBUG:1: at (15:39:07)
DEBUG:1:Vents Close at Mon Jan 15 15:39:07 2018
DEBUG:1: at (15:39:07)
DEBUG:1:Vents Close at Mon Jan 15 15:39:07 2018
DEBUG:1: at (15:39:36)
DEBUG:1:relay1_open at Mon Jan 15 15:39:36 2018
DEBUG:1:Relay_1_ON at (15:39:36)
DEBUG:1: at (15:39:37)
DEBUG:1:relay2_open at Mon Jan 15 15:39:37 2018
DEBUG:1:Relay_2_ON at (15:39:37)
DEBUG:1: at (15:39:37)
DEBUG:1:relay3_open at Mon Jan 15 15:39:37 2018
DEBUG:1:Relay_3_ON at (15:39:37)
DEBUG:1: at (15:39:39)
DEBUG:1:relay4_open at Mon Jan 15 15:39:39 2018
DEBUG:1:Relay_4_ON at (15:39:39)
DEBUG:1: at (15:39:40)
DEBUG:1:relay5_open at Mon Jan 15 15:39:40 2018
DEBUG:1:Relay_5_ON at (15:39:40)
DEBUG:1: at (15:39:41)
DEBUG:1:relay6_open at Mon Jan 15 15:39:41 2018
DEBUG:1:Relay_6_ON at (15:39:41)
DEBUG:1: at (15:39:50)
DEBUG:1:Vents Close at Mon Jan 15 15:39:50 2018
