DEBUG:1:Connection Successful at Sat Jan 13 21:07:22 2018
DEBUG:1: at (21:07:24)
DEBUG:1:relay2_open at Sat Jan 13 21:07:24 2018
DEBUG:1: at (21:07:26)
DEBUG:1:relay1_open at Sat Jan 13 21:07:26 2018
DEBUG:1: at (21:07:27)
DEBUG:1:relay2_open at Sat Jan 13 21:07:27 2018
DEBUG:1:Connection Successful at Sat Jan 13 21:08:17 2018
DEBUG:1: at (21:08:24)
DEBUG:1:relay2_open at Sat Jan 13 21:08:24 2018
DEBUG:1:Relay_2_ON at (21:08:24)
DEBUG:1:Relay_2_ON at (21:08:24)
DEBUG:1: at (21:08:25)
DEBUG:1:relay4_open at Sat Jan 13 21:08:25 2018
DEBUG:1:Relay_4_ON at (21:08:25)
DEBUG:1:Relay_4_ON at (21:08:25)
DEBUG:1: at (21:08:26)
DEBUG:1:relay2_close at Sat Jan 13 21:08:26 2018
DEBUG:1:Relay_2_OFF at (21:08:26)
DEBUG:1:Relay_2_OFF at (21:08:26)
DEBUG:1: at (21:08:27)
DEBUG:1:relay1_close at Sat Jan 13 21:08:27 2018
DEBUG:1:Relay_4_OFF at (21:08:27)
DEBUG:1:Relay_4_OFF at (21:08:27)
DEBUG:1: at (21:08:28)
DEBUG:1:relay5_open at Sat Jan 13 21:08:28 2018
DEBUG:1:Relay_5_ON at (21:08:28)
DEBUG:1:Relay_5_ON at (21:08:28)
DEBUG:1: at (21:08:29)
DEBUG:1:relay5_close at Sat Jan 13 21:08:29 2018
DEBUG:1:Relay_5_OFF at (21:08:29)
DEBUG:1:Relay_5_OFF at (21:08:29)
DEBUG:1: at (21:08:29)
DEBUG:1:relay2_open at Sat Jan 13 21:08:29 2018
DEBUG:1:Relay_2_ON at (21:08:29)
DEBUG:1:Relay_2_ON at (21:08:29)
DEBUG:1: at (21:08:30)
DEBUG:1:relay2_close at Sat Jan 13 21:08:30 2018
DEBUG:1:Relay_2_OFF at (21:08:30)
DEBUG:1:Relay_2_OFF at (21:08:30)
DEBUG:1: at (21:08:56)
DEBUG:1:relay2_open at Sat Jan 13 21:08:56 2018
DEBUG:1:Relay_2_ON at (21:08:56)
DEBUG:1:Relay_2_ON at (21:08:56)
DEBUG:1: at (21:08:57)
DEBUG:1:relay2_close at Sat Jan 13 21:08:57 2018
DEBUG:1:Relay_2_OFF at (21:08:57)
DEBUG:1:Relay_2_OFF at (21:08:57)
DEBUG:1: at (21:09:02)
DEBUG:1:relay1_open at Sat Jan 13 21:09:02 2018
DEBUG:1:Relay_1_ON at (21:09:02)
DEBUG:1:Relay_1_ON at (21:09:02)
DEBUG:1: at (21:09:03)
DEBUG:1:relay1_close at Sat Jan 13 21:09:03 2018
DEBUG:1:Relay_1_OFF at (21:09:03)
DEBUG:1:Relay_1_OFF at (21:09:03)
DEBUG:1: at (21:09:04)
DEBUG:1:relay1_open at Sat Jan 13 21:09:04 2018
DEBUG:1:Relay_1_ON at (21:09:04)
DEBUG:1:Relay_1_ON at (21:09:04)
DEBUG:1: at (21:09:04)
DEBUG:1:relay1_close at Sat Jan 13 21:09:04 2018
DEBUG:1:Relay_1_OFF at (21:09:04)
DEBUG:1:Relay_1_OFF at (21:09:04)
DEBUG:1: at (21:09:11)
DEBUG:1:relay2_open at Sat Jan 13 21:09:11 2018
DEBUG:1:Relay_2_ON at (21:09:11)
DEBUG:1:Relay_2_ON at (21:09:11)
DEBUG:1: at (21:09:11)
DEBUG:1:relay2_close at Sat Jan 13 21:09:11 2018
DEBUG:1:Relay_2_OFF at (21:09:11)
DEBUG:1:Relay_2_OFF at (21:09:11)
DEBUG:1: at (21:09:12)
DEBUG:1:relay2_open at Sat Jan 13 21:09:12 2018
DEBUG:1:Relay_2_ON at (21:09:12)
DEBUG:1:Relay_2_ON at (21:09:12)
DEBUG:1: at (21:09:12)
DEBUG:1:relay2_close at Sat Jan 13 21:09:12 2018
DEBUG:1:Relay_2_OFF at (21:09:12)
DEBUG:1:Relay_2_OFF at (21:09:12)
DEBUG:1: at (21:09:21)
DEBUG:1:relay1_open at Sat Jan 13 21:09:21 2018
DEBUG:1:Relay_1_ON at (21:09:21)
DEBUG:1:Relay_1_ON at (21:09:21)
DEBUG:1: at (21:09:23)
DEBUG:1:relay1_close at Sat Jan 13 21:09:23 2018
DEBUG:1:Relay_1_OFF at (21:09:23)
DEBUG:1:Relay_1_OFF at (21:09:23)
DEBUG:1: at (21:09:26)
DEBUG:1:relay2_open at Sat Jan 13 21:09:26 2018
DEBUG:1:Relay_2_ON at (21:09:26)
DEBUG:1:Relay_2_ON at (21:09:26)
DEBUG:1: at (21:09:27)
DEBUG:1:relay2_close at Sat Jan 13 21:09:27 2018
DEBUG:1:Relay_2_OFF at (21:09:27)
DEBUG:1:Relay_2_OFF at (21:09:27)
DEBUG:1: at (21:09:28)
DEBUG:1:relay2_open at Sat Jan 13 21:09:28 2018
DEBUG:1:Relay_2_ON at (21:09:28)
DEBUG:1:Relay_2_ON at (21:09:28)
DEBUG:1: at (21:09:29)
DEBUG:1:relay2_close at Sat Jan 13 21:09:29 2018
DEBUG:1:Relay_2_OFF at (21:09:29)
DEBUG:1:Relay_2_OFF at (21:09:29)
DEBUG:1: at (21:09:34)
DEBUG:1:relay2_open at Sat Jan 13 21:09:34 2018
DEBUG:1:Relay_2_ON at (21:09:34)
DEBUG:1:Relay_2_ON at (21:09:34)
DEBUG:1: at (21:09:35)
DEBUG:1:relay2_close at Sat Jan 13 21:09:35 2018
DEBUG:1:Relay_2_OFF at (21:09:35)
DEBUG:1:Relay_2_OFF at (21:09:35)
DEBUG:1: at (21:09:36)
DEBUG:1:relay2_open at Sat Jan 13 21:09:36 2018
DEBUG:1:Relay_2_ON at (21:09:36)
DEBUG:1:Relay_2_ON at (21:09:36)
DEBUG:1: at (21:09:37)
DEBUG:1:relay2_close at Sat Jan 13 21:09:37 2018
DEBUG:1:Relay_2_OFF at (21:09:37)
DEBUG:1:Relay_2_OFF at (21:09:37)
DEBUG:1: at (21:09:41)
DEBUG:1:relay2_open at Sat Jan 13 21:09:41 2018
DEBUG:1:Relay_2_ON at (21:09:41)
DEBUG:1:Relay_2_ON at (21:09:41)
DEBUG:1: at (21:09:42)
DEBUG:1:relay2_close at Sat Jan 13 21:09:42 2018
DEBUG:1:Relay_2_OFF at (21:09:42)
DEBUG:1:Relay_2_OFF at (21:09:42)
DEBUG:1: at (21:09:46)
DEBUG:1:relay2_open at Sat Jan 13 21:09:46 2018
DEBUG:1:Relay_2_ON at (21:09:46)
DEBUG:1:Relay_2_ON at (21:09:46)
DEBUG:1: at (21:09:47)
DEBUG:1:relay2_close at Sat Jan 13 21:09:47 2018
DEBUG:1:Relay_2_OFF at (21:09:47)
DEBUG:1:Relay_2_OFF at (21:09:47)
DEBUG:1: at (21:09:49)
DEBUG:1:relay2_open at Sat Jan 13 21:09:49 2018
DEBUG:1:Relay_2_ON at (21:09:49)
DEBUG:1:Relay_2_ON at (21:09:49)
DEBUG:1: at (21:09:49)
DEBUG:1:relay2_close at Sat Jan 13 21:09:49 2018
DEBUG:1:Relay_2_OFF at (21:09:49)
DEBUG:1:Relay_2_OFF at (21:09:49)
DEBUG:1: at (21:16:48)
DEBUG:1:relay2_open at Sat Jan 13 21:16:48 2018
DEBUG:1:Relay_2_ON at (21:16:48)
DEBUG:1:Relay_2_ON at (21:16:48)
DEBUG:1: at (21:16:50)
DEBUG:1:relay2_close at Sat Jan 13 21:16:50 2018
DEBUG:1:Relay_2_OFF at (21:16:50)
DEBUG:1:Relay_2_OFF at (21:16:50)
DEBUG:1: at (21:16:51)
DEBUG:1:relay2_open at Sat Jan 13 21:16:51 2018
DEBUG:1:Relay_2_ON at (21:16:51)
DEBUG:1:Relay_2_ON at (21:16:51)
DEBUG:1: at (21:16:52)
DEBUG:1:relay2_close at Sat Jan 13 21:16:52 2018
DEBUG:1:Relay_2_OFF at (21:16:52)
DEBUG:1:Relay_2_OFF at (21:16:52)
DEBUG:1: at (21:16:53)
DEBUG:1:relay2_open at Sat Jan 13 21:16:53 2018
DEBUG:1:Relay_2_ON at (21:16:53)
DEBUG:1:Relay_2_ON at (21:16:53)
DEBUG:1: at (21:16:54)
DEBUG:1:relay2_close at Sat Jan 13 21:16:54 2018
DEBUG:1:Relay_2_OFF at (21:16:54)
DEBUG:1:Relay_2_OFF at (21:16:54)
DEBUG:1: at (21:16:57)
DEBUG:1:relay5_open at Sat Jan 13 21:16:57 2018
DEBUG:1:Relay_5_ON at (21:16:57)
DEBUG:1:Relay_5_ON at (21:16:57)
DEBUG:1: at (21:19:38)
DEBUG:1:relay5_close at Sat Jan 13 21:19:38 2018
DEBUG:1:Relay_5_OFF at (21:19:38)
DEBUG:1:Relay_5_OFF at (21:19:38)
DEBUG:1: at (21:19:40)
DEBUG:1:relay2_open at Sat Jan 13 21:19:40 2018
DEBUG:1:Relay_2_ON at (21:19:40)
DEBUG:1:Relay_2_ON at (21:19:40)
DEBUG:1: at (21:19:41)
DEBUG:1:relay2_close at Sat Jan 13 21:19:41 2018
DEBUG:1:Relay_2_OFF at (21:19:41)
DEBUG:1:Relay_2_OFF at (21:19:41)
DEBUG:1: at (21:19:42)
DEBUG:1:relay2_open at Sat Jan 13 21:19:42 2018
DEBUG:1:Relay_2_ON at (21:19:42)
DEBUG:1:Relay_2_ON at (21:19:42)
DEBUG:1: at (21:19:43)
DEBUG:1:relay2_close at Sat Jan 13 21:19:43 2018
DEBUG:1:Relay_2_OFF at (21:19:43)
DEBUG:1:Relay_2_OFF at (21:19:43)
DEBUG:1: at (21:19:45)
DEBUG:1:relay2_open at Sat Jan 13 21:19:45 2018
DEBUG:1:Relay_2_ON at (21:19:45)
DEBUG:1:Relay_2_ON at (21:19:45)
DEBUG:1: at (21:19:47)
DEBUG:1:relay2_close at Sat Jan 13 21:19:47 2018
DEBUG:1:Relay_2_OFF at (21:19:47)
DEBUG:1:Relay_2_OFF at (21:19:47)
DEBUG:1: at (21:19:48)
DEBUG:1:relay2_open at Sat Jan 13 21:19:48 2018
DEBUG:1:Relay_2_ON at (21:19:48)
DEBUG:1:Relay_2_ON at (21:19:48)
DEBUG:1: at (21:19:49)
DEBUG:1:relay2_close at Sat Jan 13 21:19:49 2018
DEBUG:1:Relay_2_OFF at (21:19:49)
DEBUG:1:Relay_2_OFF at (21:19:49)
DEBUG:1: at (21:19:50)
DEBUG:1:relay2_open at Sat Jan 13 21:19:50 2018
DEBUG:1:Relay_2_ON at (21:19:50)
DEBUG:1:Relay_2_ON at (21:19:50)
DEBUG:1: at (21:19:51)
DEBUG:1:relay2_close at Sat Jan 13 21:19:51 2018
DEBUG:1:Relay_2_OFF at (21:19:51)
DEBUG:1:Relay_2_OFF at (21:19:51)
DEBUG:1: at (21:19:52)
DEBUG:1:relay4_open at Sat Jan 13 21:19:52 2018
DEBUG:1:Relay_4_ON at (21:19:52)
DEBUG:1:Relay_4_ON at (21:19:52)
DEBUG:1: at (21:19:54)
DEBUG:1:relay1_close at Sat Jan 13 21:19:54 2018
DEBUG:1:Relay_4_OFF at (21:19:54)
DEBUG:1:Relay_4_OFF at (21:19:54)
DEBUG:1: at (21:19:55)
DEBUG:1:relay4_open at Sat Jan 13 21:19:55 2018
DEBUG:1:Relay_4_ON at (21:19:55)
DEBUG:1:Relay_4_ON at (21:19:55)
DEBUG:1: at (21:19:56)
DEBUG:1:relay1_close at Sat Jan 13 21:19:56 2018
DEBUG:1:Relay_4_OFF at (21:19:56)
DEBUG:1:Relay_4_OFF at (21:19:56)
DEBUG:1: at (21:19:57)
DEBUG:1:relay2_open at Sat Jan 13 21:19:57 2018
DEBUG:1:Relay_2_ON at (21:19:57)
DEBUG:1:Relay_2_ON at (21:19:57)
DEBUG:1: at (21:19:58)
DEBUG:1:relay2_close at Sat Jan 13 21:19:58 2018
DEBUG:1:Relay_2_OFF at (21:19:58)
DEBUG:1:Relay_2_OFF at (21:19:58)
DEBUG:1: at (21:19:59)
DEBUG:1:relay2_open at Sat Jan 13 21:19:59 2018
DEBUG:1:Relay_2_ON at (21:19:59)
DEBUG:1:Relay_2_ON at (21:19:59)
DEBUG:1: at (21:19:59)
DEBUG:1:relay2_close at Sat Jan 13 21:19:59 2018
DEBUG:1:Relay_2_OFF at (21:19:59)
DEBUG:1:Relay_2_OFF at (21:19:59)
DEBUG:1: at (21:20:01)
DEBUG:1:relay4_open at Sat Jan 13 21:20:01 2018
DEBUG:1:Relay_4_ON at (21:20:01)
DEBUG:1:Relay_4_ON at (21:20:01)
DEBUG:1: at (21:20:02)
DEBUG:1:relay1_close at Sat Jan 13 21:20:02 2018
DEBUG:1:Relay_4_OFF at (21:20:02)
DEBUG:1:Relay_4_OFF at (21:20:02)
DEBUG:1: at (21:20:03)
DEBUG:1:relay3_open at Sat Jan 13 21:20:03 2018
DEBUG:1:Relay_3_ON at (21:20:03)
DEBUG:1:Relay_3_ON at (21:20:03)
DEBUG:1: at (21:20:04)
DEBUG:1:relay3_close at Sat Jan 13 21:20:04 2018
DEBUG:1:Relay_3_OFF at (21:20:04)
DEBUG:1:Relay_3_OFF at (21:20:04)
DEBUG:1: at (21:20:05)
DEBUG:1:relay2_open at Sat Jan 13 21:20:05 2018
DEBUG:1:Relay_2_ON at (21:20:05)
DEBUG:1:Relay_2_ON at (21:20:05)
DEBUG:1: at (21:20:06)
DEBUG:1:relay2_close at Sat Jan 13 21:20:06 2018
DEBUG:1:Relay_2_OFF at (21:20:06)
DEBUG:1:Relay_2_OFF at (21:20:06)
DEBUG:1: at (21:20:07)
DEBUG:1:relay1_open at Sat Jan 13 21:20:07 2018
DEBUG:1:Relay_1_ON at (21:20:07)
DEBUG:1:Relay_1_ON at (21:20:07)
DEBUG:1: at (21:20:07)
DEBUG:1:relay1_close at Sat Jan 13 21:20:07 2018
DEBUG:1:Relay_1_OFF at (21:20:07)
DEBUG:1:Relay_1_OFF at (21:20:07)
DEBUG:1: at (21:20:09)
DEBUG:1:relay5_open at Sat Jan 13 21:20:09 2018
DEBUG:1:Relay_5_ON at (21:20:09)
DEBUG:1:Relay_5_ON at (21:20:09)
DEBUG:1: at (21:20:10)
DEBUG:1:relay5_close at Sat Jan 13 21:20:10 2018
DEBUG:1:Relay_5_OFF at (21:20:10)
DEBUG:1:Relay_5_OFF at (21:20:10)
DEBUG:1: at (21:20:11)
DEBUG:1:relay5_open at Sat Jan 13 21:20:11 2018
DEBUG:1:Relay_5_ON at (21:20:11)
DEBUG:1:Relay_5_ON at (21:20:11)
DEBUG:1: at (21:20:12)
DEBUG:1:relay5_close at Sat Jan 13 21:20:12 2018
DEBUG:1:Relay_5_OFF at (21:20:12)
DEBUG:1:Relay_5_OFF at (21:20:12)
DEBUG:1: at (21:20:12)
DEBUG:1:relay6_open at Sat Jan 13 21:20:12 2018
DEBUG:1:Relay_6_ON at (21:20:12)
DEBUG:1:Relay_6_ON at (21:20:12)
DEBUG:1: at (21:20:14)
DEBUG:1:relay6_close at Sat Jan 13 21:20:14 2018
DEBUG:1:Relay_6_OFF at (21:20:14)
DEBUG:1:Relay_6_OFF at (21:20:14)
DEBUG:1: at (21:20:15)
DEBUG:1:relay7_open at Sat Jan 13 21:20:15 2018
DEBUG:1:Relay_7_ON at (21:20:15)
DEBUG:1:Relay_7_ON at (21:20:15)
DEBUG:1: at (21:20:16)
DEBUG:1:relay7_close at Sat Jan 13 21:20:16 2018
DEBUG:1:Relay_7_OFF at (21:20:16)
DEBUG:1:Relay_7_OFF at (21:20:16)
DEBUG:1: at (21:20:19)
DEBUG:1:relay2_open at Sat Jan 13 21:20:19 2018
DEBUG:1:Relay_2_ON at (21:20:19)
DEBUG:1:Relay_2_ON at (21:20:19)
DEBUG:1: at (21:20:20)
DEBUG:1:relay2_close at Sat Jan 13 21:20:20 2018
DEBUG:1:Relay_2_OFF at (21:20:20)
DEBUG:1:Relay_2_OFF at (21:20:20)
DEBUG:1: at (21:20:22)
DEBUG:1:relay5_open at Sat Jan 13 21:20:22 2018
DEBUG:1:Relay_5_ON at (21:20:22)
DEBUG:1:Relay_5_ON at (21:20:22)
DEBUG:1: at (21:20:34)
DEBUG:1:relay5_close at Sat Jan 13 21:20:34 2018
DEBUG:1:Relay_5_OFF at (21:20:34)
DEBUG:1:Relay_5_OFF at (21:20:34)
DEBUG:1: at (21:20:38)
DEBUG:1:relay5_open at Sat Jan 13 21:20:38 2018
DEBUG:1:Relay_5_ON at (21:20:38)
DEBUG:1:Relay_5_ON at (21:20:38)
DEBUG:1: at (21:20:43)
DEBUG:1:relay5_close at Sat Jan 13 21:20:43 2018
DEBUG:1:Relay_5_OFF at (21:20:43)
DEBUG:1:Relay_5_OFF at (21:20:43)
DEBUG:1: at (21:20:49)
DEBUG:1:relay5_open at Sat Jan 13 21:20:49 2018
DEBUG:1:Relay_5_ON at (21:20:49)
DEBUG:1:Relay_5_ON at (21:20:49)
DEBUG:1: at (21:21:08)
DEBUG:1:relay5_close at Sat Jan 13 21:21:08 2018
DEBUG:1:Relay_5_OFF at (21:21:08)
DEBUG:1:Relay_5_OFF at (21:21:08)
DEBUG:1: at (21:21:16)
DEBUG:1:relay5_open at Sat Jan 13 21:21:16 2018
DEBUG:1:Relay_5_ON at (21:21:16)
DEBUG:1:Relay_5_ON at (21:21:16)
DEBUG:1: at (21:21:19)
DEBUG:1:relay5_close at Sat Jan 13 21:21:19 2018
DEBUG:1:Relay_5_OFF at (21:21:19)
DEBUG:1:Relay_5_OFF at (21:21:19)
DEBUG:1: at (21:21:22)
DEBUG:1:relay5_open at Sat Jan 13 21:21:22 2018
DEBUG:1:Relay_5_ON at (21:21:22)
DEBUG:1:Relay_5_ON at (21:21:22)
DEBUG:1: at (21:21:24)
DEBUG:1:relay5_close at Sat Jan 13 21:21:24 2018
DEBUG:1:Relay_5_OFF at (21:21:24)
DEBUG:1:Relay_5_OFF at (21:21:24)
DEBUG:1: at (21:21:48)
DEBUG:1:relay5_open at Sat Jan 13 21:21:48 2018
DEBUG:1:Relay_5_ON at (21:21:48)
DEBUG:1:Relay_5_ON at (21:21:48)
DEBUG:1: at (21:22:01)
DEBUG:1:relay5_close at Sat Jan 13 21:22:01 2018
DEBUG:1:Relay_5_OFF at (21:22:01)
DEBUG:1:Relay_5_OFF at (21:22:01)
DEBUG:1: at (21:22:07)
DEBUG:1:relay7_open at Sat Jan 13 21:22:07 2018
DEBUG:1:Relay_7_ON at (21:22:07)
DEBUG:1:Relay_7_ON at (21:22:07)
DEBUG:1: at (21:22:09)
DEBUG:1:relay7_close at Sat Jan 13 21:22:09 2018
DEBUG:1:Relay_7_OFF at (21:22:09)
DEBUG:1:Relay_7_OFF at (21:22:09)
DEBUG:1: at (21:22:10)
DEBUG:1:relay6_open at Sat Jan 13 21:22:10 2018
DEBUG:1:Relay_6_ON at (21:22:10)
DEBUG:1:Relay_6_ON at (21:22:10)
DEBUG:1: at (21:22:11)
DEBUG:1:relay6_close at Sat Jan 13 21:22:11 2018
DEBUG:1:Relay_6_OFF at (21:22:11)
DEBUG:1:Relay_6_OFF at (21:22:11)
DEBUG:1: at (21:22:12)
DEBUG:1:relay4_open at Sat Jan 13 21:22:12 2018
DEBUG:1:Relay_4_ON at (21:22:12)
DEBUG:1:Relay_4_ON at (21:22:12)
DEBUG:1: at (21:22:13)
DEBUG:1:relay1_close at Sat Jan 13 21:22:13 2018
DEBUG:1:Relay_4_OFF at (21:22:13)
DEBUG:1:Relay_4_OFF at (21:22:13)
DEBUG:1: at (21:22:14)
DEBUG:1:relay2_open at Sat Jan 13 21:22:14 2018
DEBUG:1:Relay_2_ON at (21:22:14)
DEBUG:1:Relay_2_ON at (21:22:14)
DEBUG:1: at (21:22:14)
DEBUG:1:relay2_close at Sat Jan 13 21:22:14 2018
DEBUG:1:Relay_2_OFF at (21:22:14)
DEBUG:1:Relay_2_OFF at (21:22:14)
DEBUG:1: at (21:22:47)
DEBUG:1:relay1_open at Sat Jan 13 21:22:47 2018
DEBUG:1:Relay_1_ON at (21:22:47)
DEBUG:1:Relay_1_ON at (21:22:47)
DEBUG:1: at (21:22:49)
DEBUG:1:relay1_close at Sat Jan 13 21:22:49 2018
DEBUG:1:Relay_1_OFF at (21:22:49)
DEBUG:1:Relay_1_OFF at (21:22:49)
DEBUG:1: at (21:22:51)
DEBUG:1:relay2_open at Sat Jan 13 21:22:51 2018
DEBUG:1:Relay_2_ON at (21:22:51)
DEBUG:1:Relay_2_ON at (21:22:51)
DEBUG:1: at (21:22:52)
DEBUG:1:relay2_close at Sat Jan 13 21:22:52 2018
DEBUG:1:Relay_2_OFF at (21:22:52)
DEBUG:1:Relay_2_OFF at (21:22:52)
DEBUG:1: at (21:22:53)
DEBUG:1:relay3_open at Sat Jan 13 21:22:53 2018
DEBUG:1:Relay_3_ON at (21:22:53)
DEBUG:1:Relay_3_ON at (21:22:53)
DEBUG:1: at (21:22:54)
DEBUG:1:relay3_close at Sat Jan 13 21:22:54 2018
DEBUG:1:Relay_3_OFF at (21:22:54)
DEBUG:1:Relay_3_OFF at (21:22:54)
DEBUG:1: at (21:22:55)
DEBUG:1:relay4_open at Sat Jan 13 21:22:55 2018
DEBUG:1:Relay_4_ON at (21:22:55)
DEBUG:1:Relay_4_ON at (21:22:55)
DEBUG:1: at (21:22:56)
DEBUG:1:relay1_close at Sat Jan 13 21:22:56 2018
DEBUG:1:Relay_4_OFF at (21:22:56)
DEBUG:1:Relay_4_OFF at (21:22:56)
DEBUG:1: at (21:22:56)
DEBUG:1:relay5_open at Sat Jan 13 21:22:56 2018
DEBUG:1:Relay_5_ON at (21:22:56)
DEBUG:1:Relay_5_ON at (21:22:56)
DEBUG:1: at (21:22:57)
DEBUG:1:relay5_close at Sat Jan 13 21:22:57 2018
DEBUG:1:Relay_5_OFF at (21:22:57)
DEBUG:1:Relay_5_OFF at (21:22:57)
DEBUG:1: at (21:22:58)
DEBUG:1:relay6_open at Sat Jan 13 21:22:58 2018
DEBUG:1:Relay_6_ON at (21:22:58)
DEBUG:1:Relay_6_ON at (21:22:58)
DEBUG:1: at (21:22:59)
DEBUG:1:relay6_close at Sat Jan 13 21:22:59 2018
DEBUG:1:Relay_6_OFF at (21:22:59)
DEBUG:1:Relay_6_OFF at (21:22:59)
DEBUG:1: at (21:22:59)
DEBUG:1:relay7_open at Sat Jan 13 21:22:59 2018
DEBUG:1:Relay_7_ON at (21:22:59)
DEBUG:1:Relay_7_ON at (21:22:59)
DEBUG:1: at (21:23:01)
DEBUG:1:relay7_close at Sat Jan 13 21:23:01 2018
DEBUG:1:Relay_7_OFF at (21:23:01)
DEBUG:1:Relay_7_OFF at (21:23:01)
DEBUG:1: at (21:24:08)
DEBUG:1:relay1_open at Sat Jan 13 21:24:08 2018
DEBUG:1:Relay_1_ON at (21:24:08)
DEBUG:1:Relay_1_ON at (21:24:08)
DEBUG:1: at (21:24:09)
DEBUG:1:relay1_close at Sat Jan 13 21:24:09 2018
DEBUG:1:Relay_1_OFF at (21:24:09)
DEBUG:1:Relay_1_OFF at (21:24:09)
DEBUG:1: at (21:24:10)
DEBUG:1:relay2_open at Sat Jan 13 21:24:10 2018
DEBUG:1:Relay_2_ON at (21:24:10)
DEBUG:1:Relay_2_ON at (21:24:10)
DEBUG:1: at (21:24:11)
DEBUG:1:relay2_close at Sat Jan 13 21:24:11 2018
DEBUG:1:Relay_2_OFF at (21:24:11)
DEBUG:1:Relay_2_OFF at (21:24:11)
DEBUG:1: at (21:24:12)
DEBUG:1:relay4_open at Sat Jan 13 21:24:12 2018
DEBUG:1:Relay_4_ON at (21:24:12)
DEBUG:1:Relay_4_ON at (21:24:12)
DEBUG:1: at (21:24:12)
DEBUG:1:relay1_close at Sat Jan 13 21:24:12 2018
DEBUG:1:Relay_4_OFF at (21:24:12)
DEBUG:1:Relay_4_OFF at (21:24:12)
DEBUG:1: at (21:24:14)
DEBUG:1:relay6_open at Sat Jan 13 21:24:14 2018
DEBUG:1:Relay_6_ON at (21:24:14)
DEBUG:1:Relay_6_ON at (21:24:14)
DEBUG:1: at (21:24:14)
DEBUG:1:relay6_close at Sat Jan 13 21:24:14 2018
DEBUG:1:Relay_6_OFF at (21:24:14)
DEBUG:1:Relay_6_OFF at (21:24:14)
DEBUG:1: at (21:24:15)
DEBUG:1:relay7_open at Sat Jan 13 21:24:15 2018
DEBUG:1:Relay_7_ON at (21:24:15)
DEBUG:1:Relay_7_ON at (21:24:15)
DEBUG:1: at (21:24:16)
DEBUG:1:relay7_close at Sat Jan 13 21:24:16 2018
DEBUG:1:Relay_7_OFF at (21:24:16)
DEBUG:1:Relay_7_OFF at (21:24:16)
DEBUG:1: at (21:28:02)
DEBUG:1:relay1_open at Sat Jan 13 21:28:02 2018
DEBUG:1:Relay_1_ON at (21:28:02)
DEBUG:1:Relay_1_ON at (21:28:02)
DEBUG:1: at (21:28:08)
DEBUG:1:relay1_close at Sat Jan 13 21:28:08 2018
DEBUG:1:Relay_1_OFF at (21:28:08)
DEBUG:1:Relay_1_OFF at (21:28:08)
DEBUG:1: at (21:28:13)
DEBUG:1:relay1_open at Sat Jan 13 21:28:13 2018
DEBUG:1:Relay_1_ON at (21:28:13)
DEBUG:1:Relay_1_ON at (21:28:13)
DEBUG:1: at (21:28:14)
DEBUG:1:relay1_close at Sat Jan 13 21:28:14 2018
DEBUG:1:Relay_1_OFF at (21:28:14)
DEBUG:1:Relay_1_OFF at (21:28:14)
DEBUG:1: at (21:28:15)
DEBUG:1:relay1_open at Sat Jan 13 21:28:15 2018
DEBUG:1:Relay_1_ON at (21:28:15)
DEBUG:1:Relay_1_ON at (21:28:15)
DEBUG:1: at (21:28:21)
DEBUG:1:relay1_close at Sat Jan 13 21:28:21 2018
DEBUG:1:Relay_1_OFF at (21:28:21)
DEBUG:1:Relay_1_OFF at (21:28:21)
DEBUG:1: at (21:28:28)
DEBUG:1:relay7_open at Sat Jan 13 21:28:28 2018
DEBUG:1:Relay_7_ON at (21:28:28)
DEBUG:1:Relay_7_ON at (21:28:28)
DEBUG:1: at (21:28:29)
DEBUG:1:relay7_close at Sat Jan 13 21:28:29 2018
DEBUG:1:Relay_7_OFF at (21:28:29)
DEBUG:1:Relay_7_OFF at (21:28:29)
DEBUG:1: at (21:28:29)
DEBUG:1:relay7_open at Sat Jan 13 21:28:29 2018
DEBUG:1:Relay_7_ON at (21:28:29)
DEBUG:1:Relay_7_ON at (21:28:29)
DEBUG:1: at (21:28:30)
DEBUG:1:relay7_close at Sat Jan 13 21:28:30 2018
DEBUG:1:Relay_7_OFF at (21:28:30)
DEBUG:1:Relay_7_OFF at (21:28:30)
DEBUG:1: at (21:28:31)
DEBUG:1:relay7_open at Sat Jan 13 21:28:31 2018
DEBUG:1:Relay_7_ON at (21:28:31)
DEBUG:1:Relay_7_ON at (21:28:31)
DEBUG:1: at (21:28:32)
DEBUG:1:relay7_close at Sat Jan 13 21:28:32 2018
DEBUG:1:Relay_7_OFF at (21:28:32)
DEBUG:1:Relay_7_OFF at (21:28:32)
DEBUG:1: at (21:28:34)
DEBUG:1:relay7_open at Sat Jan 13 21:28:34 2018
DEBUG:1:Relay_7_ON at (21:28:34)
DEBUG:1:Relay_7_ON at (21:28:34)
DEBUG:1: at (21:28:38)
DEBUG:1:relay7_close at Sat Jan 13 21:28:38 2018
DEBUG:1:Relay_7_OFF at (21:28:38)
DEBUG:1:Relay_7_OFF at (21:28:38)
DEBUG:1: at (21:28:44)
DEBUG:1:relay7_open at Sat Jan 13 21:28:44 2018
DEBUG:1:Relay_7_ON at (21:28:44)
DEBUG:1:Relay_7_ON at (21:28:44)
DEBUG:1: at (21:28:44)
DEBUG:1:relay7_close at Sat Jan 13 21:28:44 2018
DEBUG:1:Relay_7_OFF at (21:28:44)
DEBUG:1:Relay_7_OFF at (21:28:44)
DEBUG:1: at (21:29:59)
DEBUG:1:relay7_open at Sat Jan 13 21:29:59 2018
DEBUG:1:Relay_7_ON at (21:29:59)
DEBUG:1:Relay_7_ON at (21:29:59)
DEBUG:1: at (21:30:00)
DEBUG:1:relay7_close at Sat Jan 13 21:30:00 2018
DEBUG:1:Relay_7_OFF at (21:30:00)
DEBUG:1:Relay_7_OFF at (21:30:00)
DEBUG:1: at (21:30:01)
DEBUG:1:relay7_open at Sat Jan 13 21:30:01 2018
DEBUG:1:Relay_7_ON at (21:30:01)
DEBUG:1:Relay_7_ON at (21:30:01)
DEBUG:1: at (21:30:02)
DEBUG:1:relay7_close at Sat Jan 13 21:30:02 2018
DEBUG:1:Relay_7_OFF at (21:30:02)
DEBUG:1:Relay_7_OFF at (21:30:02)
DEBUG:1: at (21:30:04)
DEBUG:1:relay7_open at Sat Jan 13 21:30:04 2018
DEBUG:1:Relay_7_ON at (21:30:04)
DEBUG:1:Relay_7_ON at (21:30:04)
DEBUG:1: at (21:30:05)
DEBUG:1:relay7_close at Sat Jan 13 21:30:05 2018
DEBUG:1:Relay_7_OFF at (21:30:05)
DEBUG:1:Relay_7_OFF at (21:30:05)
DEBUG:1: at (21:30:06)
DEBUG:1:relay7_open at Sat Jan 13 21:30:06 2018
DEBUG:1:Relay_7_ON at (21:30:06)
DEBUG:1:Relay_7_ON at (21:30:06)
DEBUG:1: at (21:30:07)
DEBUG:1:relay7_close at Sat Jan 13 21:30:07 2018
DEBUG:1:Relay_7_OFF at (21:30:07)
DEBUG:1:Relay_7_OFF at (21:30:07)
DEBUG:1: at (21:30:08)
DEBUG:1:relay7_open at Sat Jan 13 21:30:08 2018
DEBUG:1:Relay_7_ON at (21:30:08)
DEBUG:1:Relay_7_ON at (21:30:08)
DEBUG:1: at (21:30:10)
DEBUG:1:relay7_close at Sat Jan 13 21:30:10 2018
DEBUG:1:Relay_7_OFF at (21:30:10)
DEBUG:1:Relay_7_OFF at (21:30:10)
DEBUG:1: at (21:34:11)
DEBUG:1:relay7_open at Sat Jan 13 21:34:11 2018
DEBUG:1:Relay_7_ON at (21:34:11)
DEBUG:1:Relay_7_ON at (21:34:11)
DEBUG:1: at (21:34:11)
DEBUG:1:relay7_close at Sat Jan 13 21:34:11 2018
DEBUG:1:Relay_7_OFF at (21:34:11)
DEBUG:1:Relay_7_OFF at (21:34:11)
DEBUG:1: at (21:34:12)
DEBUG:1:relay7_open at Sat Jan 13 21:34:12 2018
DEBUG:1:Relay_7_ON at (21:34:12)
DEBUG:1:Relay_7_ON at (21:34:12)
DEBUG:1: at (21:34:13)
DEBUG:1:relay7_close at Sat Jan 13 21:34:13 2018
DEBUG:1:Relay_7_OFF at (21:34:13)
DEBUG:1:Relay_7_OFF at (21:34:13)
DEBUG:1: at (21:35:12)
DEBUG:1:relay6_open at Sat Jan 13 21:35:12 2018
DEBUG:1:Relay_6_ON at (21:35:12)
DEBUG:1:Relay_6_ON at (21:35:12)
DEBUG:1: at (21:35:13)
DEBUG:1:relay6_close at Sat Jan 13 21:35:13 2018
DEBUG:1:Relay_6_OFF at (21:35:13)
DEBUG:1:Relay_6_OFF at (21:35:13)
DEBUG:1: at (21:35:13)
DEBUG:1:relay7_open at Sat Jan 13 21:35:13 2018
DEBUG:1:Relay_7_ON at (21:35:13)
DEBUG:1:Relay_7_ON at (21:35:13)
DEBUG:1: at (21:35:14)
DEBUG:1:relay7_close at Sat Jan 13 21:35:14 2018
DEBUG:1:Relay_7_OFF at (21:35:14)
DEBUG:1:Relay_7_OFF at (21:35:14)
DEBUG:1: at (21:35:15)
DEBUG:1:relay5_open at Sat Jan 13 21:35:15 2018
DEBUG:1:Relay_5_ON at (21:35:15)
DEBUG:1:Relay_5_ON at (21:35:15)
DEBUG:1: at (21:35:16)
DEBUG:1:relay5_close at Sat Jan 13 21:35:16 2018
DEBUG:1:Relay_5_OFF at (21:35:16)
DEBUG:1:Relay_5_OFF at (21:35:16)
DEBUG:1:Connection Successful at Sat Jan 13 21:45:31 2018
DEBUG:1: at (21:45:37)
DEBUG:1:relay1_open at Sat Jan 13 21:45:37 2018
DEBUG:1:Relay_1_ON at (21:45:37)
DEBUG:1:Relay_1_ON at (21:45:38)
DEBUG:1: at (21:45:38)
DEBUG:1:relay1_close at Sat Jan 13 21:45:38 2018
DEBUG:1:Relay_1_OFF at (21:45:38)
DEBUG:1:Relay_1_OFF at (21:45:38)
DEBUG:1: at (21:45:39)
DEBUG:1:relay2_open at Sat Jan 13 21:45:39 2018
DEBUG:1:Relay_2_ON at (21:45:39)
DEBUG:1:Relay_2_ON at (21:45:39)
DEBUG:1: at (21:45:40)
DEBUG:1:relay2_close at Sat Jan 13 21:45:40 2018
DEBUG:1:Relay_2_OFF at (21:45:40)
DEBUG:1:Relay_2_OFF at (21:45:40)
DEBUG:1: at (21:45:41)
DEBUG:1:relay3_open at Sat Jan 13 21:45:41 2018
DEBUG:1:Relay_3_ON at (21:45:41)
DEBUG:1:Relay_3_ON at (21:45:41)
DEBUG:1: at (21:45:41)
DEBUG:1:relay3_close at Sat Jan 13 21:45:41 2018
DEBUG:1:Relay_3_OFF at (21:45:41)
DEBUG:1:Relay_3_OFF at (21:45:41)
DEBUG:1: at (21:45:46)
DEBUG:1:relay6_open at Sat Jan 13 21:45:46 2018
DEBUG:1:Relay_6_ON at (21:45:46)
DEBUG:1:Relay_6_ON at (21:45:46)
DEBUG:1: at (21:45:47)
DEBUG:1:relay6_close at Sat Jan 13 21:45:47 2018
DEBUG:1:Relay_6_OFF at (21:45:47)
DEBUG:1:Relay_6_OFF at (21:45:47)
DEBUG:1: at (21:45:48)
DEBUG:1:relay7_open at Sat Jan 13 21:45:48 2018
DEBUG:1:Relay_7_ON at (21:45:48)
DEBUG:1:Relay_7_ON at (21:45:48)
DEBUG:1: at (21:45:49)
DEBUG:1:relay7_close at Sat Jan 13 21:45:49 2018
DEBUG:1:Relay_7_OFF at (21:45:49)
DEBUG:1:Relay_7_OFF at (21:45:49)
DEBUG:1: at (21:45:50)
DEBUG:1:relay6_open at Sat Jan 13 21:45:50 2018
DEBUG:1:Relay_6_ON at (21:45:50)
DEBUG:1:Relay_6_ON at (21:45:50)
DEBUG:1: at (21:45:51)
DEBUG:1:relay6_close at Sat Jan 13 21:45:51 2018
DEBUG:1:Relay_6_OFF at (21:45:51)
DEBUG:1:Relay_6_OFF at (21:45:51)
DEBUG:1: at (21:45:52)
DEBUG:1:relay7_open at Sat Jan 13 21:45:52 2018
DEBUG:1:Relay_7_ON at (21:45:52)
DEBUG:1:Relay_7_ON at (21:45:52)
DEBUG:1: at (21:45:52)
DEBUG:1:relay7_close at Sat Jan 13 21:45:52 2018
DEBUG:1:Relay_7_OFF at (21:45:52)
DEBUG:1:Relay_7_OFF at (21:45:52)
DEBUG:1: at (21:45:53)
DEBUG:1:relay5_open at Sat Jan 13 21:45:53 2018
DEBUG:1:Relay_5_ON at (21:45:53)
DEBUG:1:Relay_5_ON at (21:45:53)
DEBUG:1: at (21:45:54)
DEBUG:1:relay5_close at Sat Jan 13 21:45:54 2018
DEBUG:1:Relay_5_OFF at (21:45:54)
DEBUG:1:Relay_5_OFF at (21:45:54)
DEBUG:1: at (21:45:55)
DEBUG:1:relay5_open at Sat Jan 13 21:45:55 2018
DEBUG:1:Relay_5_ON at (21:45:55)
DEBUG:1:Relay_5_ON at (21:45:55)
DEBUG:1: at (21:45:56)
DEBUG:1:relay5_close at Sat Jan 13 21:45:56 2018
DEBUG:1:Relay_5_OFF at (21:45:56)
DEBUG:1:Relay_5_OFF at (21:45:56)
DEBUG:1: at (21:46:07)
DEBUG:1:relay5_open at Sat Jan 13 21:46:07 2018
DEBUG:1:Relay_5_ON at (21:46:07)
DEBUG:1:Relay_5_ON at (21:46:07)
DEBUG:1: at (21:46:08)
DEBUG:1:relay5_close at Sat Jan 13 21:46:08 2018
DEBUG:1:Relay_5_OFF at (21:46:08)
DEBUG:1:Relay_5_OFF at (21:46:08)
DEBUG:1: at (21:46:11)
DEBUG:1:relay6_open at Sat Jan 13 21:46:11 2018
DEBUG:1:Relay_6_ON at (21:46:11)
DEBUG:1:Relay_6_ON at (21:46:11)
DEBUG:1: at (21:46:12)
DEBUG:1:relay6_close at Sat Jan 13 21:46:12 2018
DEBUG:1:Relay_6_OFF at (21:46:12)
DEBUG:1:Relay_6_OFF at (21:46:12)
DEBUG:1: at (21:46:16)
DEBUG:1:relay6_open at Sat Jan 13 21:46:16 2018
DEBUG:1:Relay_6_ON at (21:46:16)
DEBUG:1:Relay_6_ON at (21:46:16)
DEBUG:1: at (21:46:18)
DEBUG:1:relay6_close at Sat Jan 13 21:46:18 2018
DEBUG:1:Relay_6_OFF at (21:46:18)
DEBUG:1:Relay_6_OFF at (21:46:18)
DEBUG:1: at (21:46:19)
DEBUG:1:relay5_open at Sat Jan 13 21:46:19 2018
DEBUG:1:Relay_5_ON at (21:46:19)
DEBUG:1:Relay_5_ON at (21:46:19)
DEBUG:1: at (21:46:20)
DEBUG:1:relay5_close at Sat Jan 13 21:46:20 2018
DEBUG:1:Relay_5_OFF at (21:46:20)
DEBUG:1:Relay_5_OFF at (21:46:20)
DEBUG:1: at (21:46:21)
DEBUG:1:relay7_open at Sat Jan 13 21:46:21 2018
DEBUG:1:Relay_7_ON at (21:46:21)
DEBUG:1:Relay_7_ON at (21:46:21)
DEBUG:1: at (21:46:21)
DEBUG:1:relay7_close at Sat Jan 13 21:46:21 2018
DEBUG:1:Relay_7_OFF at (21:46:21)
DEBUG:1:Relay_7_OFF at (21:46:21)
DEBUG:1: at (21:47:09)
DEBUG:1:relay7_open at Sat Jan 13 21:47:09 2018
DEBUG:1:Relay_7_ON at (21:47:09)
DEBUG:1:Relay_7_ON at (21:47:09)
DEBUG:1: at (21:47:09)
DEBUG:1:relay7_close at Sat Jan 13 21:47:09 2018
DEBUG:1:Relay_7_OFF at (21:47:09)
DEBUG:1:Relay_7_OFF at (21:47:09)
DEBUG:1: at (21:47:10)
DEBUG:1:relay6_open at Sat Jan 13 21:47:10 2018
DEBUG:1:Relay_6_ON at (21:47:10)
DEBUG:1:Relay_6_ON at (21:47:10)
DEBUG:1: at (21:47:10)
DEBUG:1:relay6_close at Sat Jan 13 21:47:10 2018
DEBUG:1:Relay_6_OFF at (21:47:10)
DEBUG:1:Relay_6_OFF at (21:47:10)
DEBUG:1: at (21:47:11)
DEBUG:1:relay5_open at Sat Jan 13 21:47:11 2018
DEBUG:1:Relay_5_ON at (21:47:11)
DEBUG:1:Relay_5_ON at (21:47:11)
DEBUG:1: at (21:47:11)
DEBUG:1:relay5_close at Sat Jan 13 21:47:11 2018
DEBUG:1:Relay_5_OFF at (21:47:11)
DEBUG:1:Relay_5_OFF at (21:47:11)
DEBUG:1: at (21:47:12)
DEBUG:1:relay4_open at Sat Jan 13 21:47:12 2018
DEBUG:1:Relay_4_ON at (21:47:12)
DEBUG:1:Relay_4_ON at (21:47:12)
DEBUG:1: at (21:47:12)
DEBUG:1:relay1_close at Sat Jan 13 21:47:12 2018
DEBUG:1:Relay_4_OFF at (21:47:12)
DEBUG:1:Relay_4_OFF at (21:47:12)
DEBUG:1: at (21:47:13)
DEBUG:1:relay3_open at Sat Jan 13 21:47:13 2018
DEBUG:1:Relay_3_ON at (21:47:13)
DEBUG:1:Relay_3_ON at (21:47:14)
DEBUG:1: at (21:47:14)
DEBUG:1:relay3_close at Sat Jan 13 21:47:14 2018
DEBUG:1:Relay_3_OFF at (21:47:14)
DEBUG:1:Relay_3_OFF at (21:47:14)
DEBUG:1: at (21:47:55)
DEBUG:1:relay7_open at Sat Jan 13 21:47:55 2018
DEBUG:1:Relay_7_ON at (21:47:55)
DEBUG:1:Relay_7_ON at (21:47:55)
DEBUG:1: at (21:47:56)
DEBUG:1:relay7_close at Sat Jan 13 21:47:56 2018
DEBUG:1:Relay_7_OFF at (21:47:56)
DEBUG:1:Relay_7_OFF at (21:47:56)
DEBUG:1: at (21:47:56)
DEBUG:1:relay6_open at Sat Jan 13 21:47:56 2018
DEBUG:1:Relay_6_ON at (21:47:56)
DEBUG:1:Relay_6_ON at (21:47:56)
DEBUG:1: at (21:47:56)
DEBUG:1:relay6_close at Sat Jan 13 21:47:56 2018
DEBUG:1:Relay_6_OFF at (21:47:56)
DEBUG:1:Relay_6_OFF at (21:47:56)
DEBUG:1: at (21:47:57)
DEBUG:1:relay5_open at Sat Jan 13 21:47:57 2018
DEBUG:1:Relay_5_ON at (21:47:57)
DEBUG:1:Relay_5_ON at (21:47:57)
DEBUG:1: at (21:47:57)
DEBUG:1:relay5_close at Sat Jan 13 21:47:57 2018
DEBUG:1:Relay_5_OFF at (21:47:57)
DEBUG:1:Relay_5_OFF at (21:47:57)
DEBUG:1: at (21:47:58)
DEBUG:1:relay4_open at Sat Jan 13 21:47:58 2018
DEBUG:1:Relay_4_ON at (21:47:58)
DEBUG:1:Relay_4_ON at (21:47:58)
DEBUG:1: at (21:47:58)
DEBUG:1:relay1_close at Sat Jan 13 21:47:58 2018
DEBUG:1:Relay_4_OFF at (21:47:58)
DEBUG:1:Relay_4_OFF at (21:47:58)
DEBUG:1: at (21:47:59)
DEBUG:1:relay3_open at Sat Jan 13 21:47:59 2018
DEBUG:1:Relay_3_ON at (21:47:59)
DEBUG:1:Relay_3_ON at (21:47:59)
DEBUG:1: at (21:47:59)
DEBUG:1:relay3_close at Sat Jan 13 21:47:59 2018
DEBUG:1:Relay_3_OFF at (21:47:59)
DEBUG:1:Relay_3_OFF at (21:47:59)
DEBUG:1: at (21:48:00)
DEBUG:1:relay3_open at Sat Jan 13 21:48:00 2018
DEBUG:1:Relay_3_ON at (21:48:00)
DEBUG:1:Relay_3_ON at (21:48:00)
DEBUG:1: at (21:48:01)
DEBUG:1:relay3_close at Sat Jan 13 21:48:01 2018
DEBUG:1:Relay_3_OFF at (21:48:01)
DEBUG:1:Relay_3_OFF at (21:48:01)
DEBUG:1: at (21:48:01)
DEBUG:1:relay3_open at Sat Jan 13 21:48:01 2018
DEBUG:1:Relay_3_ON at (21:48:01)
DEBUG:1:Relay_3_ON at (21:48:01)
DEBUG:1: at (21:48:02)
DEBUG:1:relay3_close at Sat Jan 13 21:48:02 2018
DEBUG:1:Relay_3_OFF at (21:48:02)
DEBUG:1:Relay_3_OFF at (21:48:02)
DEBUG:1: at (21:48:02)
DEBUG:1:relay3_open at Sat Jan 13 21:48:02 2018
DEBUG:1:Relay_3_ON at (21:48:02)
DEBUG:1:Relay_3_ON at (21:48:02)
DEBUG:1: at (21:48:03)
DEBUG:1:relay3_close at Sat Jan 13 21:48:03 2018
DEBUG:1:Relay_3_OFF at (21:48:03)
DEBUG:1:Relay_3_OFF at (21:48:03)
DEBUG:1: at (21:48:42)
DEBUG:1:relay7_open at Sat Jan 13 21:48:42 2018
DEBUG:1:Relay_7_ON at (21:48:42)
DEBUG:1:Relay_7_ON at (21:48:42)
DEBUG:1: at (21:48:43)
DEBUG:1:relay7_close at Sat Jan 13 21:48:43 2018
DEBUG:1:Relay_7_OFF at (21:48:43)
DEBUG:1:Relay_7_OFF at (21:48:43)
DEBUG:1: at (21:48:44)
DEBUG:1:relay3_open at Sat Jan 13 21:48:44 2018
DEBUG:1:Relay_3_ON at (21:48:44)
DEBUG:1:Relay_3_ON at (21:48:44)
DEBUG:1: at (21:48:44)
DEBUG:1:relay3_close at Sat Jan 13 21:48:44 2018
DEBUG:1:Relay_3_OFF at (21:48:44)
DEBUG:1:Relay_3_OFF at (21:48:45)
DEBUG:1: at (21:55:29)
DEBUG:1:relay7_open at Sat Jan 13 21:55:29 2018
DEBUG:1:Relay_7_ON at (21:55:29)
DEBUG:1:Relay_7_ON at (21:55:29)
DEBUG:1: at (21:55:30)
DEBUG:1:relay7_close at Sat Jan 13 21:55:30 2018
DEBUG:1:Relay_7_OFF at (21:55:30)
DEBUG:1:Relay_7_OFF at (21:55:30)
DEBUG:1: at (21:55:31)
DEBUG:1:relay6_open at Sat Jan 13 21:55:31 2018
DEBUG:1:Relay_6_ON at (21:55:31)
DEBUG:1:Relay_6_ON at (21:55:31)
DEBUG:1: at (21:55:32)
DEBUG:1:relay6_close at Sat Jan 13 21:55:32 2018
DEBUG:1:Relay_6_OFF at (21:55:32)
DEBUG:1:Relay_6_OFF at (21:55:32)
DEBUG:1: at (21:55:33)
DEBUG:1:relay5_open at Sat Jan 13 21:55:33 2018
DEBUG:1:Relay_5_ON at (21:55:33)
DEBUG:1:Relay_5_ON at (21:55:33)
DEBUG:1: at (21:55:34)
DEBUG:1:relay5_close at Sat Jan 13 21:55:34 2018
DEBUG:1:Relay_5_OFF at (21:55:34)
DEBUG:1:Relay_5_OFF at (21:55:34)
DEBUG:1: at (21:55:35)
DEBUG:1:relay4_open at Sat Jan 13 21:55:35 2018
DEBUG:1:Relay_4_ON at (21:55:35)
DEBUG:1:Relay_4_ON at (21:55:35)
DEBUG:1: at (21:55:36)
DEBUG:1:relay1_close at Sat Jan 13 21:55:36 2018
DEBUG:1:Relay_4_OFF at (21:55:36)
DEBUG:1:Relay_4_OFF at (21:55:36)
DEBUG:1: at (21:55:37)
DEBUG:1:relay3_open at Sat Jan 13 21:55:37 2018
DEBUG:1:Relay_3_ON at (21:55:37)
DEBUG:1:Relay_3_ON at (21:55:37)
DEBUG:1: at (21:55:37)
DEBUG:1:relay3_close at Sat Jan 13 21:55:37 2018
DEBUG:1:Relay_3_OFF at (21:55:37)
DEBUG:1:Relay_3_OFF at (21:55:37)
DEBUG:1: at (21:55:38)
DEBUG:1:relay2_open at Sat Jan 13 21:55:38 2018
DEBUG:1:Relay_2_ON at (21:55:38)
DEBUG:1:Relay_2_ON at (21:55:38)
DEBUG:1: at (21:55:39)
DEBUG:1:relay2_close at Sat Jan 13 21:55:39 2018
DEBUG:1:Relay_2_OFF at (21:55:39)
DEBUG:1:Relay_2_OFF at (21:55:39)
DEBUG:1: at (21:56:52)
DEBUG:1:relay7_open at Sat Jan 13 21:56:52 2018
DEBUG:1:Relay_7_ON at (21:56:52)
DEBUG:1:Relay_7_ON at (21:56:52)
DEBUG:1: at (21:56:53)
DEBUG:1:relay7_close at Sat Jan 13 21:56:53 2018
DEBUG:1:Relay_7_OFF at (21:56:53)
DEBUG:1:Relay_7_OFF at (21:56:53)
DEBUG:1: at (21:56:54)
DEBUG:1:relay6_open at Sat Jan 13 21:56:54 2018
DEBUG:1:Relay_6_ON at (21:56:54)
DEBUG:1:Relay_6_ON at (21:56:54)
DEBUG:1: at (21:56:55)
DEBUG:1:relay6_close at Sat Jan 13 21:56:55 2018
DEBUG:1:Relay_6_OFF at (21:56:55)
DEBUG:1:Relay_6_OFF at (21:56:55)
DEBUG:1: at (21:56:56)
DEBUG:1:relay5_open at Sat Jan 13 21:56:56 2018
DEBUG:1:Relay_5_ON at (21:56:56)
DEBUG:1:Relay_5_ON at (21:56:56)
DEBUG:1: at (21:56:56)
DEBUG:1:relay5_close at Sat Jan 13 21:56:56 2018
DEBUG:1:Relay_5_OFF at (21:56:56)
DEBUG:1:Relay_5_OFF at (21:56:56)
DEBUG:1: at (21:56:57)
DEBUG:1:relay4_open at Sat Jan 13 21:56:57 2018
DEBUG:1:Relay_4_ON at (21:56:57)
DEBUG:1:Relay_4_ON at (21:56:57)
DEBUG:1: at (21:56:58)
DEBUG:1:relay1_close at Sat Jan 13 21:56:58 2018
DEBUG:1:Relay_4_OFF at (21:56:58)
DEBUG:1:Relay_4_OFF at (21:56:58)
DEBUG:1: at (21:56:58)
DEBUG:1:relay3_open at Sat Jan 13 21:56:58 2018
DEBUG:1:Relay_3_ON at (21:56:58)
DEBUG:1:Relay_3_ON at (21:56:59)
DEBUG:1: at (21:56:59)
DEBUG:1:relay3_close at Sat Jan 13 21:56:59 2018
DEBUG:1:Relay_3_OFF at (21:56:59)
DEBUG:1:Relay_3_OFF at (21:56:59)
DEBUG:1: at (21:57:00)
DEBUG:1:relay2_open at Sat Jan 13 21:57:00 2018
DEBUG:1:Relay_2_ON at (21:57:00)
DEBUG:1:Relay_2_ON at (21:57:00)
DEBUG:1: at (21:57:01)
DEBUG:1:relay2_close at Sat Jan 13 21:57:01 2018
DEBUG:1:Relay_2_OFF at (21:57:01)
DEBUG:1:Relay_2_OFF at (21:57:01)
DEBUG:1: at (21:57:01)
DEBUG:1:relay2_open at Sat Jan 13 21:57:01 2018
DEBUG:1:Relay_2_ON at (21:57:01)
DEBUG:1:Relay_2_ON at (21:57:01)
DEBUG:1: at (21:57:02)
DEBUG:1:relay2_close at Sat Jan 13 21:57:02 2018
DEBUG:1:Relay_2_OFF at (21:57:02)
DEBUG:1:Relay_2_OFF at (21:57:02)
DEBUG:1: at (22:03:37)
DEBUG:1:relay7_open at Sat Jan 13 22:03:37 2018
DEBUG:1:Relay_7_ON at (22:03:37)
DEBUG:1: at (22:03:37)
DEBUG:1:relay7_close at Sat Jan 13 22:03:37 2018
DEBUG:1:Relay_7_OFF at (22:03:37)
DEBUG:1: at (22:03:38)
DEBUG:1:relay6_open at Sat Jan 13 22:03:38 2018
DEBUG:1:Relay_6_ON at (22:03:38)
DEBUG:1: at (22:03:39)
DEBUG:1:relay6_close at Sat Jan 13 22:03:39 2018
DEBUG:1:Relay_6_OFF at (22:03:39)
DEBUG:1: at (22:03:40)
DEBUG:1:relay5_open at Sat Jan 13 22:03:40 2018
DEBUG:1:Relay_5_ON at (22:03:40)
DEBUG:1: at (22:03:40)
DEBUG:1:relay5_close at Sat Jan 13 22:03:40 2018
DEBUG:1:Relay_5_OFF at (22:03:40)
DEBUG:1: at (22:03:41)
DEBUG:1:relay4_open at Sat Jan 13 22:03:41 2018
DEBUG:1:Relay_4_ON at (22:03:41)
DEBUG:1: at (22:03:41)
DEBUG:1:relay1_close at Sat Jan 13 22:03:41 2018
DEBUG:1:Relay_4_OFF at (22:03:41)
DEBUG:1: at (22:03:42)
DEBUG:1:relay3_open at Sat Jan 13 22:03:42 2018
DEBUG:1:Relay_3_ON at (22:03:42)
DEBUG:1: at (22:03:43)
DEBUG:1:relay3_close at Sat Jan 13 22:03:43 2018
DEBUG:1:Relay_3_OFF at (22:03:43)
DEBUG:1: at (22:03:43)
DEBUG:1:relay2_open at Sat Jan 13 22:03:43 2018
DEBUG:1:Relay_2_ON at (22:03:43)
DEBUG:1: at (22:03:44)
DEBUG:1:relay2_close at Sat Jan 13 22:03:44 2018
DEBUG:1:Relay_2_OFF at (22:03:44)
DEBUG:1: at (22:03:45)
DEBUG:1:relay1_open at Sat Jan 13 22:03:45 2018
DEBUG:1:Relay_1_ON at (22:03:45)
DEBUG:1: at (22:03:45)
DEBUG:1:relay1_close at Sat Jan 13 22:03:45 2018
DEBUG:1:Relay_1_OFF at (22:03:45)
DEBUG:1: at (22:04:43)
DEBUG:1:relay7_open at Sat Jan 13 22:04:43 2018
DEBUG:1:Relay_7_ON at (22:04:43)
DEBUG:1: at (22:04:44)
DEBUG:1:relay7_close at Sat Jan 13 22:04:44 2018
DEBUG:1:Relay_7_OFF at (22:04:44)
DEBUG:1: at (22:04:45)
DEBUG:1:relay6_open at Sat Jan 13 22:04:45 2018
DEBUG:1:Relay_6_ON at (22:04:45)
DEBUG:1: at (22:04:45)
DEBUG:1:relay6_close at Sat Jan 13 22:04:45 2018
DEBUG:1:Relay_6_OFF at (22:04:45)
DEBUG:1: at (22:04:46)
DEBUG:1:relay5_open at Sat Jan 13 22:04:46 2018
DEBUG:1:Relay_5_ON at (22:04:46)
DEBUG:1: at (22:04:46)
DEBUG:1:relay5_close at Sat Jan 13 22:04:46 2018
DEBUG:1:Relay_5_OFF at (22:04:46)
DEBUG:1: at (22:04:47)
DEBUG:1:relay4_open at Sat Jan 13 22:04:47 2018
DEBUG:1:Relay_4_ON at (22:04:47)
DEBUG:1: at (22:04:48)
DEBUG:1:relay1_close at Sat Jan 13 22:04:48 2018
DEBUG:1:Relay_4_OFF at (22:04:48)
DEBUG:1: at (22:04:48)
DEBUG:1:relay3_open at Sat Jan 13 22:04:48 2018
DEBUG:1:Relay_3_ON at (22:04:48)
DEBUG:1: at (22:04:49)
DEBUG:1:relay3_close at Sat Jan 13 22:04:49 2018
DEBUG:1:Relay_3_OFF at (22:04:49)
DEBUG:1: at (22:04:50)
DEBUG:1:relay2_open at Sat Jan 13 22:04:50 2018
DEBUG:1:Relay_2_ON at (22:04:50)
DEBUG:1: at (22:04:50)
DEBUG:1:relay2_close at Sat Jan 13 22:04:50 2018
DEBUG:1:Relay_2_OFF at (22:04:50)
DEBUG:1: at (22:04:51)
DEBUG:1:relay1_open at Sat Jan 13 22:04:51 2018
DEBUG:1:Relay_1_ON at (22:04:51)
DEBUG:1: at (22:04:52)
DEBUG:1:relay1_close at Sat Jan 13 22:04:52 2018
DEBUG:1:Relay_1_OFF at (22:04:52)
DEBUG:1: at (22:11:14)
DEBUG:1:relay1_open at Sat Jan 13 22:11:14 2018
DEBUG:1:Connection Successful at Sat Jan 13 22:11:38 2018
DEBUG:1: at (22:11:39)
DEBUG:1:relay1_open at Sat Jan 13 22:11:39 2018
DEBUG:1:Relay_1_ON at (22:11:39)
DEBUG:1: at (22:11:40)
DEBUG:1:relay2_open at Sat Jan 13 22:11:40 2018
DEBUG:1:Relay_2_ON at (22:11:40)
DEBUG:1: at (22:11:40)
DEBUG:1:relay3_open at Sat Jan 13 22:11:40 2018
DEBUG:1:Relay_3_ON at (22:11:40)
DEBUG:1: at (22:11:41)
DEBUG:1:relay4_open at Sat Jan 13 22:11:41 2018
DEBUG:1:Relay_4_ON at (22:11:41)
DEBUG:1: at (22:11:42)
DEBUG:1:relay5_open at Sat Jan 13 22:11:42 2018
DEBUG:1:Relay_5_ON at (22:11:42)
DEBUG:1: at (22:11:42)
DEBUG:1:relay6_open at Sat Jan 13 22:11:42 2018
DEBUG:1:Relay_6_ON at (22:11:42)
DEBUG:1: at (22:11:43)
DEBUG:1:relay7_open at Sat Jan 13 22:11:43 2018
DEBUG:1:Relay_7_ON at (22:11:43)
DEBUG:1: at (22:11:47)
DEBUG:1:relay8_open at Sat Jan 13 22:11:47 2018
DEBUG:1:Relay_8_ON at (22:11:47)
DEBUG:1: at (22:11:48)
DEBUG:1:relay8_close at Sat Jan 13 22:11:48 2018
DEBUG:1:Relay_8_OFF at (22:11:48)
DEBUG:1: at (22:11:49)
DEBUG:1:relay9_open at Sat Jan 13 22:11:49 2018
DEBUG:1:Relay_9_ON at (22:11:49)
DEBUG:1: at (22:11:51)
DEBUG:1:relay9_close at Sat Jan 13 22:11:51 2018
DEBUG:1:Relay_9_OFF at (22:11:51)
DEBUG:1: at (22:11:53)
DEBUG:1:relay1_close at Sat Jan 13 22:11:53 2018
DEBUG:1:Relay_1_OFF at (22:11:53)
DEBUG:1: at (22:11:53)
DEBUG:1:relay2_close at Sat Jan 13 22:11:53 2018
DEBUG:1:Relay_2_OFF at (22:11:53)
DEBUG:1: at (22:11:56)
DEBUG:1:relay3_close at Sat Jan 13 22:11:56 2018
DEBUG:1:Relay_3_OFF at (22:11:56)
DEBUG:1: at (22:11:56)
DEBUG:1:relay1_close at Sat Jan 13 22:11:56 2018
DEBUG:1:Relay_4_OFF at (22:11:56)
DEBUG:1: at (22:11:56)
DEBUG:1:relay5_close at Sat Jan 13 22:11:56 2018
DEBUG:1:Relay_5_OFF at (22:11:56)
DEBUG:1: at (22:11:57)
DEBUG:1:relay6_close at Sat Jan 13 22:11:57 2018
DEBUG:1:Relay_6_OFF at (22:11:57)
DEBUG:1: at (22:11:57)
DEBUG:1:relay7_close at Sat Jan 13 22:11:57 2018
DEBUG:1:Relay_7_OFF at (22:11:57)
