DEBUG:1:Connection Successful at Sat Jan 13 22:21:08 2018
DEBUG:1: at (22:42:42)
DEBUG:1:relay1_open at Sat Jan 13 22:42:42 2018
DEBUG:1:Relay_1_ON at (22:42:42)
DEBUG:1: at (22:42:47)
DEBUG:1:relay1_close at Sat Jan 13 22:42:47 2018
DEBUG:1:Relay_1_OFF at (22:42:47)
DEBUG:1: at (22:42:53)
DEBUG:1:relay2_open at Sat Jan 13 22:42:53 2018
DEBUG:1:Relay_2_ON at (22:42:53)
DEBUG:1: at (22:42:54)
DEBUG:1:relay1_open at Sat Jan 13 22:42:54 2018
DEBUG:1:Relay_1_ON at (22:42:54)
DEBUG:1: at (22:42:57)
DEBUG:1:relay3_open at Sat Jan 13 22:42:57 2018
DEBUG:1:Relay_3_ON at (22:42:57)
DEBUG:1: at (22:43:01)
DEBUG:1:relay4_open at Sat Jan 13 22:43:01 2018
DEBUG:1:Relay_4_ON at (22:43:01)
DEBUG:1: at (22:43:03)
DEBUG:1:relay5_open at Sat Jan 13 22:43:03 2018
DEBUG:1:Relay_5_ON at (22:43:03)
DEBUG:1: at (22:43:06)
DEBUG:1:relay6_open at Sat Jan 13 22:43:06 2018
DEBUG:1:Relay_6_ON at (22:43:06)
DEBUG:1: at (22:43:09)
DEBUG:1:relay7_open at Sat Jan 13 22:43:09 2018
DEBUG:1:Relay_7_ON at (22:43:09)
DEBUG:1: at (22:43:12)
DEBUG:1:relay8_open at Sat Jan 13 22:43:12 2018
DEBUG:1:Relay_8_ON at (22:43:12)
DEBUG:1: at (22:43:14)
DEBUG:1:relay9_open at Sat Jan 13 22:43:14 2018
DEBUG:1:Relay_9_ON at (22:43:14)
DEBUG:1: at (22:43:16)
DEBUG:1:relay9_close at Sat Jan 13 22:43:16 2018
DEBUG:1:Relay_9_OFF at (22:43:16)
DEBUG:1: at (22:43:17)
DEBUG:1:relay8_close at Sat Jan 13 22:43:17 2018
DEBUG:1:Relay_8_OFF at (22:43:17)
DEBUG:1: at (22:43:18)
DEBUG:1:relay1_close at Sat Jan 13 22:43:18 2018
DEBUG:1:Relay_1_OFF at (22:43:18)
DEBUG:1: at (22:43:18)
DEBUG:1:relay2_close at Sat Jan 13 22:43:18 2018
DEBUG:1:Relay_2_OFF at (22:43:18)
DEBUG:1: at (22:43:19)
DEBUG:1:relay3_close at Sat Jan 13 22:43:19 2018
DEBUG:1:Relay_3_OFF at (22:43:19)
DEBUG:1: at (22:43:19)
DEBUG:1:relay1_close at Sat Jan 13 22:43:19 2018
DEBUG:1:Relay_4_OFF at (22:43:19)
DEBUG:1: at (22:43:20)
DEBUG:1:relay5_close at Sat Jan 13 22:43:20 2018
DEBUG:1:Relay_5_OFF at (22:43:20)
DEBUG:1: at (22:43:21)
DEBUG:1:relay6_close at Sat Jan 13 22:43:21 2018
DEBUG:1:Relay_6_OFF at (22:43:21)
DEBUG:1: at (22:43:21)
DEBUG:1:relay7_close at Sat Jan 13 22:43:21 2018
DEBUG:1:Relay_7_OFF at (22:43:21)
DEBUG:1: at (22:43:28)
DEBUG:1:relay1_open at Sat Jan 13 22:43:28 2018
DEBUG:1:Relay_1_ON at (22:43:28)
DEBUG:1: at (22:43:29)
DEBUG:1:relay1_close at Sat Jan 13 22:43:29 2018
DEBUG:1:Relay_1_OFF at (22:43:29)
DEBUG:1: at (22:43:38)
DEBUG:1:relay3_open at Sat Jan 13 22:43:38 2018
DEBUG:1:Relay_3_ON at (22:43:38)
DEBUG:1: at (22:43:40)
DEBUG:1:relay3_close at Sat Jan 13 22:43:40 2018
DEBUG:1:Relay_3_OFF at (22:43:40)
DEBUG:1: at (22:43:46)
DEBUG:1:relay3_open at Sat Jan 13 22:43:46 2018
DEBUG:1:Relay_3_ON at (22:43:46)
DEBUG:1: at (22:43:48)
DEBUG:1:relay3_close at Sat Jan 13 22:43:48 2018
DEBUG:1:Relay_3_OFF at (22:43:48)
DEBUG:1: at (22:44:12)
DEBUG:1:relay3_open at Sat Jan 13 22:44:12 2018
DEBUG:1:Relay_3_ON at (22:44:12)
DEBUG:1: at (22:44:17)
DEBUG:1:relay3_close at Sat Jan 13 22:44:17 2018
DEBUG:1:Relay_3_OFF at (22:44:17)
DEBUG:1: at (22:44:29)
DEBUG:1:relay3_open at Sat Jan 13 22:44:29 2018
DEBUG:1:Relay_3_ON at (22:44:29)
DEBUG:1: at (22:44:31)
DEBUG:1:relay3_close at Sat Jan 13 22:44:31 2018
DEBUG:1:Relay_3_OFF at (22:44:31)
DEBUG:1: at (22:46:47)
DEBUG:1:relay3_open at Sat Jan 13 22:46:47 2018
DEBUG:1:Relay_3_ON at (22:46:47)
DEBUG:1: at (22:46:51)
DEBUG:1:relay3_close at Sat Jan 13 22:46:51 2018
DEBUG:1:Relay_3_OFF at (22:46:51)
DEBUG:1: at (22:49:24)
DEBUG:1:relay1_open at Sat Jan 13 22:49:24 2018
DEBUG:1:Relay_1_ON at (22:49:24)
DEBUG:1: at (22:49:27)
DEBUG:1:relay3_open at Sat Jan 13 22:49:27 2018
DEBUG:1:Relay_3_ON at (22:49:27)
DEBUG:1: at (22:49:30)
DEBUG:1:relay2_open at Sat Jan 13 22:49:30 2018
DEBUG:1:Relay_2_ON at (22:49:30)
DEBUG:1: at (22:49:33)
DEBUG:1:relay4_open at Sat Jan 13 22:49:33 2018
DEBUG:1:Relay_4_ON at (22:49:33)
DEBUG:1: at (22:49:36)
DEBUG:1:relay5_open at Sat Jan 13 22:49:36 2018
DEBUG:1:Relay_5_ON at (22:49:36)
DEBUG:1: at (22:49:38)
DEBUG:1:relay6_open at Sat Jan 13 22:49:38 2018
DEBUG:1:Relay_6_ON at (22:49:38)
DEBUG:1: at (22:49:40)
DEBUG:1:relay7_open at Sat Jan 13 22:49:40 2018
DEBUG:1:Relay_7_ON at (22:49:40)
DEBUG:1: at (22:49:42)
DEBUG:1:relay7_close at Sat Jan 13 22:49:42 2018
DEBUG:1:Relay_7_OFF at (22:49:42)
DEBUG:1: at (22:50:21)
DEBUG:1:relay2_close at Sat Jan 13 22:50:21 2018
DEBUG:1:Relay_2_OFF at (22:50:21)
DEBUG:1: at (22:52:27)
DEBUG:1:relay2_open at Sat Jan 13 22:52:27 2018
DEBUG:1:Relay_2_ON at (22:52:27)
DEBUG:1: at (22:52:30)
DEBUG:1:relay2_close at Sat Jan 13 22:52:30 2018
DEBUG:1:Relay_2_OFF at (22:52:30)
DEBUG:1: at (22:52:31)
DEBUG:1:relay3_close at Sat Jan 13 22:52:31 2018
DEBUG:1:Relay_3_OFF at (22:52:31)
DEBUG:1: at (22:52:32)
DEBUG:1:relay3_open at Sat Jan 13 22:52:32 2018
DEBUG:1:Relay_3_ON at (22:52:32)
DEBUG:1: at (22:53:14)
DEBUG:1:relay5_close at Sat Jan 13 22:53:14 2018
DEBUG:1:Relay_5_OFF at (22:53:14)
DEBUG:1: at (22:53:14)
DEBUG:1:relay5_open at Sat Jan 13 22:53:14 2018
DEBUG:1:Relay_5_ON at (22:53:14)
DEBUG:1: at (22:53:18)
DEBUG:1:relay6_close at Sat Jan 13 22:53:18 2018
DEBUG:1:Relay_6_OFF at (22:53:18)
DEBUG:1: at (22:53:23)
DEBUG:1:relay6_open at Sat Jan 13 22:53:23 2018
DEBUG:1:Relay_6_ON at (22:53:23)
DEBUG:1: at (22:53:25)
DEBUG:1:relay5_close at Sat Jan 13 22:53:25 2018
DEBUG:1:Relay_5_OFF at (22:53:25)
DEBUG:1: at (22:53:28)
DEBUG:1:relay5_open at Sat Jan 13 22:53:28 2018
DEBUG:1:Relay_5_ON at (22:53:28)
DEBUG:1: at (22:53:31)
DEBUG:1:relay5_close at Sat Jan 13 22:53:31 2018
DEBUG:1:Relay_5_OFF at (22:53:31)
DEBUG:1: at (22:54:22)
DEBUG:1:relay2_open at Sat Jan 13 22:54:22 2018
DEBUG:1:Relay_2_ON at (22:54:22)
DEBUG:1: at (22:54:32)
DEBUG:1:relay2_close at Sat Jan 13 22:54:32 2018
DEBUG:1:Relay_2_OFF at (22:54:32)
DEBUG:1: at (22:54:35)
DEBUG:1:relay1_close at Sat Jan 13 22:54:35 2018
DEBUG:1:Relay_1_OFF at (22:54:35)
DEBUG:1: at (22:55:08)
DEBUG:1:relay1_close at Sat Jan 13 22:55:08 2018
DEBUG:1:Relay_4_OFF at (22:55:08)
DEBUG:1: at (22:55:11)
DEBUG:1:relay4_open at Sat Jan 13 22:55:11 2018
DEBUG:1:Relay_4_ON at (22:55:11)
DEBUG:1: at (22:55:12)
DEBUG:1:relay1_close at Sat Jan 13 22:55:12 2018
DEBUG:1:Relay_4_OFF at (22:55:12)
DEBUG:1: at (22:55:27)
DEBUG:1:relay3_close at Sat Jan 13 22:55:27 2018
DEBUG:1:Relay_3_OFF at (22:55:27)
DEBUG:1: at (22:55:31)
DEBUG:1:relay5_open at Sat Jan 13 22:55:31 2018
DEBUG:1:Relay_5_ON at (22:55:31)
DEBUG:1: at (22:55:33)
DEBUG:1:relay5_close at Sat Jan 13 22:55:33 2018
DEBUG:1:Relay_5_OFF at (22:55:33)
DEBUG:1: at (22:55:35)
DEBUG:1:relay6_close at Sat Jan 13 22:55:35 2018
DEBUG:1:Relay_6_OFF at (22:55:35)
DEBUG:1: at (22:56:13)
DEBUG:1:relay1_open at Sat Jan 13 22:56:13 2018
DEBUG:1:Relay_1_ON at (22:56:13)
DEBUG:1: at (22:56:13)
DEBUG:1:relay2_open at Sat Jan 13 22:56:13 2018
DEBUG:1:Relay_2_ON at (22:56:13)
DEBUG:1: at (22:56:14)
DEBUG:1:relay3_open at Sat Jan 13 22:56:14 2018
DEBUG:1:Relay_3_ON at (22:56:14)
DEBUG:1: at (22:56:14)
DEBUG:1:relay4_open at Sat Jan 13 22:56:14 2018
DEBUG:1:Relay_4_ON at (22:56:14)
DEBUG:1: at (22:56:15)
DEBUG:1:relay5_open at Sat Jan 13 22:56:15 2018
DEBUG:1:Relay_5_ON at (22:56:15)
DEBUG:1: at (22:56:16)
DEBUG:1:relay7_open at Sat Jan 13 22:56:16 2018
DEBUG:1:Relay_7_ON at (22:56:16)
DEBUG:1: at (22:56:16)
DEBUG:1:relay6_open at Sat Jan 13 22:56:16 2018
DEBUG:1:Relay_6_ON at (22:56:16)
DEBUG:1: at (23:01:32)
DEBUG:1:relay1_close at Sat Jan 13 23:01:32 2018
DEBUG:1:Relay_1_OFF at (23:01:32)
DEBUG:1: at (23:01:34)
DEBUG:1:relay2_close at Sat Jan 13 23:01:34 2018
DEBUG:1:Relay_2_OFF at (23:01:34)
DEBUG:1: at (23:03:22)
DEBUG:1:relay3_close at Sat Jan 13 23:03:22 2018
DEBUG:1:Relay_3_OFF at (23:03:22)
DEBUG:1: at (23:03:24)
DEBUG:1:relay3_open at Sat Jan 13 23:03:24 2018
DEBUG:1:Relay_3_ON at (23:03:24)
DEBUG:1: at (23:03:26)
DEBUG:1:relay1_close at Sat Jan 13 23:03:26 2018
DEBUG:1:Relay_4_OFF at (23:03:26)
DEBUG:1: at (23:03:29)
DEBUG:1:relay4_open at Sat Jan 13 23:03:29 2018
DEBUG:1:Relay_4_ON at (23:03:29)
DEBUG:1: at (23:04:13)
DEBUG:1:relay5_close at Sat Jan 13 23:04:13 2018
DEBUG:1:Relay_5_OFF at (23:04:13)
DEBUG:1: at (23:04:14)
DEBUG:1:relay6_close at Sat Jan 13 23:04:14 2018
DEBUG:1:Relay_6_OFF at (23:04:14)
DEBUG:1: at (23:04:16)
DEBUG:1:relay5_open at Sat Jan 13 23:04:16 2018
DEBUG:1:Relay_5_ON at (23:04:16)
DEBUG:1: at (23:04:16)
DEBUG:1:relay6_open at Sat Jan 13 23:04:16 2018
DEBUG:1:Relay_6_ON at (23:04:16)
DEBUG:1: at (23:05:40)
DEBUG:1:relay1_open at Sat Jan 13 23:05:40 2018
DEBUG:1:Relay_1_ON at (23:05:40)
DEBUG:1: at (23:05:41)
DEBUG:1:relay2_open at Sat Jan 13 23:05:41 2018
DEBUG:1:Relay_2_ON at (23:05:41)
DEBUG:1: at (23:06:25)
DEBUG:1:relay3_close at Sat Jan 13 23:06:25 2018
DEBUG:1:Relay_3_OFF at (23:06:25)
DEBUG:1: at (23:06:33)
DEBUG:1:relay1_close at Sat Jan 13 23:06:33 2018
DEBUG:1:Relay_4_OFF at (23:06:33)
DEBUG:1: at (23:07:57)
DEBUG:1:relay3_open at Sat Jan 13 23:07:57 2018
DEBUG:1:Relay_3_ON at (23:07:57)
DEBUG:1: at (23:07:58)
DEBUG:1:relay4_open at Sat Jan 13 23:07:58 2018
DEBUG:1:Relay_4_ON at (23:07:58)
DEBUG:1: at (23:08:02)
DEBUG:1:relay3_close at Sat Jan 13 23:08:02 2018
DEBUG:1:Relay_3_OFF at (23:08:02)
DEBUG:1: at (23:08:03)
DEBUG:1:relay1_close at Sat Jan 13 23:08:03 2018
DEBUG:1:Relay_4_OFF at (23:08:03)
DEBUG:1: at (23:08:04)
DEBUG:1:relay1_close at Sat Jan 13 23:08:04 2018
DEBUG:1:Relay_1_OFF at (23:08:04)
DEBUG:1: at (23:08:05)
DEBUG:1:relay2_close at Sat Jan 13 23:08:05 2018
DEBUG:1:Relay_2_OFF at (23:08:05)
DEBUG:1: at (23:08:18)
DEBUG:1:relay1_open at Sat Jan 13 23:08:18 2018
DEBUG:1:Relay_1_ON at (23:08:18)
DEBUG:1: at (23:08:22)
DEBUG:1:relay1_close at Sat Jan 13 23:08:22 2018
DEBUG:1:Relay_1_OFF at (23:08:22)
DEBUG:1: at (23:08:26)
DEBUG:1:relay1_open at Sat Jan 13 23:08:26 2018
DEBUG:1:Relay_1_ON at (23:08:26)
DEBUG:1: at (23:08:29)
DEBUG:1:relay1_close at Sat Jan 13 23:08:29 2018
DEBUG:1:Relay_1_OFF at (23:08:29)
DEBUG:1: at (23:08:36)
DEBUG:1:relay1_open at Sat Jan 13 23:08:36 2018
DEBUG:1:Relay_1_ON at (23:08:36)
DEBUG:1: at (23:08:39)
DEBUG:1:relay1_close at Sat Jan 13 23:08:39 2018
DEBUG:1:Relay_1_OFF at (23:08:39)
DEBUG:1: at (23:08:41)
DEBUG:1:relay1_open at Sat Jan 13 23:08:41 2018
DEBUG:1:Relay_1_ON at (23:08:41)
DEBUG:1: at (23:08:42)
DEBUG:1:relay1_close at Sat Jan 13 23:08:42 2018
DEBUG:1:Relay_1_OFF at (23:08:42)
DEBUG:1: at (23:09:03)
DEBUG:1:relay1_open at Sat Jan 13 23:09:03 2018
DEBUG:1:Relay_1_ON at (23:09:03)
DEBUG:1: at (23:09:04)
DEBUG:1:relay1_close at Sat Jan 13 23:09:04 2018
DEBUG:1:Relay_1_OFF at (23:09:04)
DEBUG:1: at (23:09:06)
DEBUG:1:relay1_open at Sat Jan 13 23:09:06 2018
DEBUG:1:Relay_1_ON at (23:09:06)
DEBUG:1: at (23:09:06)
DEBUG:1:relay1_close at Sat Jan 13 23:09:06 2018
DEBUG:1:Relay_1_OFF at (23:09:06)
DEBUG:1: at (23:09:08)
DEBUG:1:relay1_open at Sat Jan 13 23:09:08 2018
DEBUG:1:Relay_1_ON at (23:09:08)
DEBUG:1: at (23:09:09)
DEBUG:1:relay1_close at Sat Jan 13 23:09:09 2018
DEBUG:1:Relay_1_OFF at (23:09:09)
DEBUG:1: at (23:09:24)
DEBUG:1:relay1_open at Sat Jan 13 23:09:24 2018
DEBUG:1:Relay_1_ON at (23:09:24)
DEBUG:1: at (23:09:24)
DEBUG:1:relay2_open at Sat Jan 13 23:09:24 2018
DEBUG:1:Relay_2_ON at (23:09:24)
DEBUG:1: at (23:09:24)
DEBUG:1:relay3_open at Sat Jan 13 23:09:24 2018
DEBUG:1:Relay_3_ON at (23:09:24)
DEBUG:1: at (23:09:25)
DEBUG:1:relay4_open at Sat Jan 13 23:09:25 2018
DEBUG:1:Relay_4_ON at (23:09:25)
