DEBUG:1:Connection Successful at Sun Jan 14 13:02:47 2018
DEBUG:1: at (13:02:49)
DEBUG:1:relay4_open at Sun Jan 14 13:02:49 2018
DEBUG:1:Relay_4_ON at (13:02:49)
DEBUG:1: at (13:02:50)
DEBUG:1:relay1_close at Sun Jan 14 13:02:50 2018
DEBUG:1:Relay_4_OFF at (13:02:50)
DEBUG:1: at (13:05:53)
DEBUG:1:relay4_open at Sun Jan 14 13:05:53 2018
DEBUG:1:Relay_4_ON at (13:05:53)
DEBUG:1: at (13:06:31)
DEBUG:1:relay1_open at Sun Jan 14 13:06:31 2018
DEBUG:1:Relay_1_ON at (13:06:31)
DEBUG:1: at (13:06:33)
DEBUG:1:relay2_open at Sun Jan 14 13:06:33 2018
DEBUG:1:Relay_2_ON at (13:06:33)
DEBUG:1: at (13:06:34)
DEBUG:1:relay3_open at Sun Jan 14 13:06:34 2018
DEBUG:1:Relay_3_ON at (13:06:34)
DEBUG:1: at (13:06:35)
DEBUG:1:relay5_open at Sun Jan 14 13:06:35 2018
DEBUG:1:Relay_5_ON at (13:06:35)
DEBUG:1: at (13:06:39)
DEBUG:1:relay6_open at Sun Jan 14 13:06:39 2018
DEBUG:1:Relay_6_ON at (13:06:39)
DEBUG:1: at (13:10:24)
DEBUG:1:relay1_close at Sun Jan 14 13:10:24 2018
DEBUG:1:Relay_4_OFF at (13:10:24)
DEBUG:1: at (13:10:52)
DEBUG:1:relay5_close at Sun Jan 14 13:10:52 2018
DEBUG:1:Relay_5_OFF at (13:10:52)
DEBUG:1: at (13:10:58)
DEBUG:1:relay5_open at Sun Jan 14 13:10:58 2018
DEBUG:1:Relay_5_ON at (13:10:58)
DEBUG:1: at (13:11:02)
DEBUG:1:relay4_open at Sun Jan 14 13:11:02 2018
DEBUG:1:Relay_4_ON at (13:11:02)
DEBUG:1: at (13:11:13)
DEBUG:1:relay2_close at Sun Jan 14 13:11:13 2018
DEBUG:1:Relay_2_OFF at (13:11:13)
DEBUG:1: at (13:11:45)
DEBUG:1:relay2_open at Sun Jan 14 13:11:45 2018
DEBUG:1:Relay_2_ON at (13:11:45)
DEBUG:1: at (13:11:58)
DEBUG:1:Vents Close at Sun Jan 14 13:11:58 2018
DEBUG:1: at (13:12:04)
DEBUG:1:Vents Open at Sun Jan 14 13:12:04 2018
DEBUG:1: at (13:12:41)
DEBUG:1:relay6_close at Sun Jan 14 13:12:41 2018
DEBUG:1:Relay_6_OFF at (13:12:41)
DEBUG:1: at (13:12:47)
DEBUG:1:relay6_open at Sun Jan 14 13:12:47 2018
DEBUG:1:Relay_6_ON at (13:12:47)
DEBUG:1: at (13:12:59)
DEBUG:1:relay5_close at Sun Jan 14 13:12:59 2018
DEBUG:1:Relay_5_OFF at (13:12:59)
DEBUG:1: at (13:13:05)
DEBUG:1:relay5_open at Sun Jan 14 13:13:05 2018
DEBUG:1:Relay_5_ON at (13:13:05)
DEBUG:1: at (13:13:14)
DEBUG:1:Vents Close at Sun Jan 14 13:13:14 2018
DEBUG:1: at (13:13:19)
DEBUG:1:Vents Close at Sun Jan 14 13:13:19 2018
DEBUG:1: at (13:13:27)
DEBUG:1:relay1_close at Sun Jan 14 13:13:27 2018
DEBUG:1:Relay_1_OFF at (13:13:27)
DEBUG:1: at (13:13:33)
DEBUG:1:relay1_open at Sun Jan 14 13:13:33 2018
DEBUG:1:Relay_1_ON at (13:13:33)
DEBUG:1: at (13:13:39)
DEBUG:1:relay3_close at Sun Jan 14 13:13:39 2018
DEBUG:1:Relay_3_OFF at (13:13:39)
DEBUG:1: at (13:13:43)
DEBUG:1:relay3_open at Sun Jan 14 13:13:43 2018
DEBUG:1:Relay_3_ON at (13:13:43)
DEBUG:1: at (13:14:23)
DEBUG:1:Vents Close at Sun Jan 14 13:14:23 2018
DEBUG:1: at (13:14:26)
DEBUG:1:Vents Open at Sun Jan 14 13:14:26 2018
DEBUG:1: at (13:14:41)
DEBUG:1:relay1_close at Sun Jan 14 13:14:41 2018
DEBUG:1:Relay_1_OFF at (13:14:41)
DEBUG:1: at (13:14:42)
DEBUG:1:relay3_close at Sun Jan 14 13:14:42 2018
DEBUG:1:Relay_3_OFF at (13:14:42)
DEBUG:1: at (13:15:38)
DEBUG:1:Vents Close at Sun Jan 14 13:15:38 2018
DEBUG:1: at (13:15:41)
DEBUG:1:relay1_open at Sun Jan 14 13:15:41 2018
DEBUG:1:Relay_1_ON at (13:15:41)
DEBUG:1: at (13:15:42)
DEBUG:1:relay3_open at Sun Jan 14 13:15:42 2018
DEBUG:1:Relay_3_ON at (13:15:42)
DEBUG:1: at (13:17:39)
DEBUG:1:relay9_open at Sun Jan 14 13:17:39 2018
DEBUG:1:Relay_9_ON at (13:17:39)
DEBUG:1: at (13:17:54)
DEBUG:1:relay9_close at Sun Jan 14 13:17:54 2018
DEBUG:1:Relay_9_OFF at (13:17:54)
DEBUG:1: at (13:19:51)
DEBUG:1:relay9_open at Sun Jan 14 13:19:51 2018
DEBUG:1:Relay_9_ON at (13:19:51)
DEBUG:1: at (13:21:05)
DEBUG:1:relay9_close at Sun Jan 14 13:21:05 2018
DEBUG:1:Relay_9_OFF at (13:21:05)
DEBUG:1: at (13:21:34)
DEBUG:1:relay9_open at Sun Jan 14 13:21:34 2018
DEBUG:1:Relay_9_ON at (13:21:34)
DEBUG:1: at (13:22:03)
DEBUG:1:relay9_close at Sun Jan 14 13:22:03 2018
DEBUG:1:Relay_9_OFF at (13:22:03)
DEBUG:1: at (13:24:50)
DEBUG:1:relay9_open at Sun Jan 14 13:24:50 2018
DEBUG:1:Relay_9_ON at (13:24:50)
DEBUG:1: at (13:25:00)
DEBUG:1:relay9_close at Sun Jan 14 13:25:00 2018
DEBUG:1:Relay_9_OFF at (13:25:00)
DEBUG:1: at (13:25:19)
DEBUG:1:relay9_open at Sun Jan 14 13:25:19 2018
DEBUG:1:Relay_9_ON at (13:25:19)
DEBUG:1: at (13:25:29)
DEBUG:1:relay9_close at Sun Jan 14 13:25:29 2018
DEBUG:1:Relay_9_OFF at (13:25:29)
DEBUG:1: at (13:25:41)
DEBUG:1:relay9_open at Sun Jan 14 13:25:41 2018
DEBUG:1:Relay_9_ON at (13:25:41)
DEBUG:1: at (13:25:46)
DEBUG:1:relay9_close at Sun Jan 14 13:25:46 2018
DEBUG:1:Relay_9_OFF at (13:25:46)
DEBUG:1: at (13:25:51)
DEBUG:1:relay9_open at Sun Jan 14 13:25:51 2018
DEBUG:1:Relay_9_ON at (13:25:51)
DEBUG:1: at (13:25:54)
DEBUG:1:relay9_close at Sun Jan 14 13:25:54 2018
DEBUG:1:Relay_9_OFF at (13:25:54)
DEBUG:1: at (13:30:44)
DEBUG:1:relay9_open at Sun Jan 14 13:30:44 2018
DEBUG:1:Relay_9_ON at (13:30:44)
DEBUG:1: at (13:31:44)
DEBUG:1:relay9_close at Sun Jan 14 13:31:44 2018
DEBUG:1:Relay_9_OFF at (13:31:44)
DEBUG:1: at (13:33:59)
DEBUG:1:relay8_open at Sun Jan 14 13:33:59 2018
DEBUG:1:Relay_8_ON at (13:33:59)
DEBUG:1: at (13:34:10)
DEBUG:1:relay8_close at Sun Jan 14 13:34:10 2018
DEBUG:1:Relay_8_OFF at (13:34:10)
